[2019-09-25 03:15:10] local.ERROR: syntax error, unexpected '}', expecting ';' {"exception":"[object] (Symfony\\Component\\Debug\\Exception\\FatalThrowableError(code: 0): syntax error, unexpected '}', expecting ';' at /mnt/window/Users/Name/Documents/yure_2019/gitHub_projects/laravel-php-example/app/Http/Controllers/PostsController.php:40)
[stacktrace]
#0 /mnt/window/Users/Name/Documents/yure_2019/gitHub_projects/laravel-php-example/vendor/composer/ClassLoader.php(322): Composer\\Autoload\\includeFile('/mnt/window/Use...')
#1 [internal function]: Composer\\Autoload\\ClassLoader->loadClass('App\\\\Http\\\\Contro...')
#2 [internal function]: spl_autoload_call('App\\\\Http\\\\Contro...')
#3 /mnt/window/Users/Name/Documents/yure_2019/gitHub_projects/laravel-php-example/vendor/laravel/framework/src/Illuminate/Container/Container.php(804): ReflectionClass->__construct('App\\\\Http\\\\Contro...')
#4 /mnt/window/Users/Name/Documents/yure_2019/gitHub_projects/laravel-php-example/vendor/laravel/framework/src/Illuminate/Container/Container.php(682): Illuminate\\Container\\Container->build('App\\\\Http\\\\Contro...')
#5 /mnt/window/Users/Name/Documents/yure_2019/gitHub_projects/laravel-php-example/vendor/laravel/framework/src/Illuminate/Container/Container.php(630): Illuminate\\Container\\Container->resolve('App\\\\Http\\\\Contro...', Array)
#6 /mnt/window/Users/Name/Documents/yure_2019/gitHub_projects/laravel-php-example/vendor/laravel/framework/src/Illuminate/Foundation/Application.php(768): Illuminate\\Container\\Container->make('App\\\\Http\\\\Contro...', Array)
#7 /mnt/window/Users/Name/Documents/yure_2019/gitHub_projects/laravel-php-example/vendor/laravel/framework/src/Illuminate/Routing/Route.php(233): Illuminate\\Foundation\\Application->make('App\\\\Http\\\\Contro...')
#8 /mnt/window/Users/Name/Documents/yure_2019/gitHub_projects/laravel-php-example/vendor/laravel/framework/src/Illuminate/Routing/Route.php(833): Illuminate\\Routing\\Route->getController()
#9 /mnt/window/Users/Name/Documents/yure_2019/gitHub_projects/laravel-php-example/vendor/laravel/framework/src/Illuminate/Routing/Route.php(794): Illuminate\\Routing\\Route->controllerMiddleware()
#10 /mnt/window/Users/Name/Documents/yure_2019/gitHub_projects/laravel-php-example/vendor/laravel/framework/src/Illuminate/Routing/Router.php(693): Illuminate\\Routing\\Route->gatherMiddleware()
#11 /mnt/window/Users/Name/Documents/yure_2019/gitHub_projects/laravel-php-example/vendor/laravel/framework/src/Illuminate/Routing/Router.php(673): Illuminate\\Routing\\Router->gatherRouteMiddleware(Object(Illuminate\\Routing\\Route))
#12 /mnt/window/Users/Name/Documents/yure_2019/gitHub_projects/laravel-php-example/vendor/laravel/framework/src/Illuminate/Routing/Router.php(657): Illuminate\\Routing\\Router->runRouteWithinStack(Object(Illuminate\\Routing\\Route), Object(Illuminate\\Http\\Request))
#13 /mnt/window/Users/Name/Documents/yure_2019/gitHub_projects/laravel-php-example/vendor/laravel/framework/src/Illuminate/Routing/Router.php(623): Illuminate\\Routing\\Router->runRoute(Object(Illuminate\\Http\\Request), Object(Illuminate\\Routing\\Route))
#14 /mnt/window/Users/Name/Documents/yure_2019/gitHub_projects/laravel-php-example/vendor/laravel/framework/src/Illuminate/Routing/Router.php(612): Illuminate\\Routing\\Router->dispatchToRoute(Object(Illuminate\\Http\\Request))
#15 /mnt/window/Users/Name/Documents/yure_2019/gitHub_projects/laravel-php-example/vendor/laravel/framework/src/Illuminate/Foundation/Http/Kernel.php(176): Illuminate\\Routing\\Router->dispatch(Object(Illuminate\\Http\\Request))
#16 /mnt/window/Users/Name/Documents/yure_2019/gitHub_projects/laravel-php-example/vendor/laravel/framework/src/Illuminate/Pipeline/Pipeline.php(130): Illuminate\\Foundation\\Http\\Kernel->Illuminate\\Foundation\\Http\\{closure}(Object(Illuminate\\Http\\Request))
#17 /mnt/window/Users/Name/Documents/yure_2019/gitHub_projects/laravel-php-example/vendor/laravel/framework/src/Illuminate/Foundation/Http/Middleware/TransformsRequest.php(21): Illuminate\\Pipeline\\Pipeline->Illuminate\\Pipeline\\{closure}(Object(Illuminate\\Http\\Request))
#18 /mnt/window/Users/Name/Documents/yure_2019/gitHub_projects/laravel-php-example/vendor/laravel/framework/src/Illuminate/Pipeline/Pipeline.php(171): Illuminate\\Foundation\\Http\\Middleware\\TransformsRequest->handle(Object(Illuminate\\Http\\Request), Object(Closure))
#19 /mnt/window/Users/Name/Documents/yure_2019/gitHub_projects/laravel-php-example/vendor/laravel/framework/src/Illuminate/Foundation/Http/Middleware/TransformsRequest.php(21): Illuminate\\Pipeline\\Pipeline->Illuminate\\Pipeline\\{closure}(Object(Illuminate\\Http\\Request))
#20 /mnt/window/Users/Name/Documents/yure_2019/gitHub_projects/laravel-php-example/vendor/laravel/framework/src/Illuminate/Pipeline/Pipeline.php(171): Illuminate\\Foundation\\Http\\Middleware\\TransformsRequest->handle(Object(Illuminate\\Http\\Request), Object(Closure))
#21 /mnt/window/Users/Name/Documents/yure_2019/gitHub_projects/laravel-php-example/vendor/laravel/framework/src/Illuminate/Foundation/Http/Middleware/ValidatePostSize.php(27): Illuminate\\Pipeline\\Pipeline->Illuminate\\Pipeline\\{closure}(Object(Illuminate\\Http\\Request))
#22 /mnt/window/Users/Name/Documents/yure_2019/gitHub_projects/laravel-php-example/vendor/laravel/framework/src/Illuminate/Pipeline/Pipeline.php(171): Illuminate\\Foundation\\Http\\Middleware\\ValidatePostSize->handle(Object(Illuminate\\Http\\Request), Object(Closure))
#23 /mnt/window/Users/Name/Documents/yure_2019/gitHub_projects/laravel-php-example/vendor/laravel/framework/src/Illuminate/Foundation/Http/Middleware/CheckForMaintenanceMode.php(62): Illuminate\\Pipeline\\Pipeline->Illuminate\\Pipeline\\{closure}(Object(Illuminate\\Http\\Request))
#24 /mnt/window/Users/Name/Documents/yure_2019/gitHub_projects/laravel-php-example/vendor/laravel/framework/src/Illuminate/Pipeline/Pipeline.php(171): Illuminate\\Foundation\\Http\\Middleware\\CheckForMaintenanceMode->handle(Object(Illuminate\\Http\\Request), Object(Closure))
#25 /mnt/window/Users/Name/Documents/yure_2019/gitHub_projects/laravel-php-example/vendor/fideloper/proxy/src/TrustProxies.php(57): Illuminate\\Pipeline\\Pipeline->Illuminate\\Pipeline\\{closure}(Object(Illuminate\\Http\\Request))
#26 /mnt/window/Users/Name/Documents/yure_2019/gitHub_projects/laravel-php-example/vendor/laravel/framework/src/Illuminate/Pipeline/Pipeline.php(171): Fideloper\\Proxy\\TrustProxies->handle(Object(Illuminate\\Http\\Request), Object(Closure))
#27 /mnt/window/Users/Name/Documents/yure_2019/gitHub_projects/laravel-php-example/vendor/laravel/framework/src/Illuminate/Pipeline/Pipeline.php(105): Illuminate\\Pipeline\\Pipeline->Illuminate\\Pipeline\\{closure}(Object(Illuminate\\Http\\Request))
#28 /mnt/window/Users/Name/Documents/yure_2019/gitHub_projects/laravel-php-example/vendor/laravel/framework/src/Illuminate/Foundation/Http/Kernel.php(151): Illuminate\\Pipeline\\Pipeline->then(Object(Closure))
#29 /mnt/window/Users/Name/Documents/yure_2019/gitHub_projects/laravel-php-example/vendor/laravel/framework/src/Illuminate/Foundation/Http/Kernel.php(116): Illuminate\\Foundation\\Http\\Kernel->sendRequestThroughRouter(Object(Illuminate\\Http\\Request))
#30 /mnt/window/Users/Name/Documents/yure_2019/gitHub_projects/laravel-php-example/public/index.php(55): Illuminate\\Foundation\\Http\\Kernel->handle(Object(Illuminate\\Http\\Request))
#31 /mnt/window/Users/Name/Documents/yure_2019/gitHub_projects/laravel-php-example/server.php(21): require_once('/mnt/window/Use...')
#32 {main}
"} 
[2019-09-25 03:15:11] local.ERROR: syntax error, unexpected '}', expecting ';' {"exception":"[object] (Symfony\\Component\\Debug\\Exception\\FatalThrowableError(code: 0): syntax error, unexpected '}', expecting ';' at /mnt/window/Users/Name/Documents/yure_2019/gitHub_projects/laravel-php-example/app/Http/Controllers/PostsController.php:40)
[stacktrace]
#0 /mnt/window/Users/Name/Documents/yure_2019/gitHub_projects/laravel-php-example/vendor/composer/ClassLoader.php(322): Composer\\Autoload\\includeFile('/mnt/window/Use...')
#1 [internal function]: Composer\\Autoload\\ClassLoader->loadClass('App\\\\Http\\\\Contro...')
#2 [internal function]: spl_autoload_call('App\\\\Http\\\\Contro...')
#3 /mnt/window/Users/Name/Documents/yure_2019/gitHub_projects/laravel-php-example/vendor/laravel/framework/src/Illuminate/Container/Container.php(804): ReflectionClass->__construct('App\\\\Http\\\\Contro...')
#4 /mnt/window/Users/Name/Documents/yure_2019/gitHub_projects/laravel-php-example/vendor/laravel/framework/src/Illuminate/Container/Container.php(682): Illuminate\\Container\\Container->build('App\\\\Http\\\\Contro...')
#5 /mnt/window/Users/Name/Documents/yure_2019/gitHub_projects/laravel-php-example/vendor/laravel/framework/src/Illuminate/Container/Container.php(630): Illuminate\\Container\\Container->resolve('App\\\\Http\\\\Contro...', Array)
#6 /mnt/window/Users/Name/Documents/yure_2019/gitHub_projects/laravel-php-example/vendor/laravel/framework/src/Illuminate/Foundation/Application.php(768): Illuminate\\Container\\Container->make('App\\\\Http\\\\Contro...', Array)
#7 /mnt/window/Users/Name/Documents/yure_2019/gitHub_projects/laravel-php-example/vendor/laravel/framework/src/Illuminate/Routing/Route.php(233): Illuminate\\Foundation\\Application->make('App\\\\Http\\\\Contro...')
#8 /mnt/window/Users/Name/Documents/yure_2019/gitHub_projects/laravel-php-example/vendor/laravel/framework/src/Illuminate/Routing/Route.php(833): Illuminate\\Routing\\Route->getController()
#9 /mnt/window/Users/Name/Documents/yure_2019/gitHub_projects/laravel-php-example/vendor/laravel/framework/src/Illuminate/Routing/Route.php(794): Illuminate\\Routing\\Route->controllerMiddleware()
#10 /mnt/window/Users/Name/Documents/yure_2019/gitHub_projects/laravel-php-example/vendor/laravel/framework/src/Illuminate/Routing/Router.php(693): Illuminate\\Routing\\Route->gatherMiddleware()
#11 /mnt/window/Users/Name/Documents/yure_2019/gitHub_projects/laravel-php-example/vendor/laravel/framework/src/Illuminate/Routing/Router.php(673): Illuminate\\Routing\\Router->gatherRouteMiddleware(Object(Illuminate\\Routing\\Route))
#12 /mnt/window/Users/Name/Documents/yure_2019/gitHub_projects/laravel-php-example/vendor/laravel/framework/src/Illuminate/Routing/Router.php(657): Illuminate\\Routing\\Router->runRouteWithinStack(Object(Illuminate\\Routing\\Route), Object(Illuminate\\Http\\Request))
#13 /mnt/window/Users/Name/Documents/yure_2019/gitHub_projects/laravel-php-example/vendor/laravel/framework/src/Illuminate/Routing/Router.php(623): Illuminate\\Routing\\Router->runRoute(Object(Illuminate\\Http\\Request), Object(Illuminate\\Routing\\Route))
#14 /mnt/window/Users/Name/Documents/yure_2019/gitHub_projects/laravel-php-example/vendor/laravel/framework/src/Illuminate/Routing/Router.php(612): Illuminate\\Routing\\Router->dispatchToRoute(Object(Illuminate\\Http\\Request))
#15 /mnt/window/Users/Name/Documents/yure_2019/gitHub_projects/laravel-php-example/vendor/laravel/framework/src/Illuminate/Foundation/Http/Kernel.php(176): Illuminate\\Routing\\Router->dispatch(Object(Illuminate\\Http\\Request))
#16 /mnt/window/Users/Name/Documents/yure_2019/gitHub_projects/laravel-php-example/vendor/laravel/framework/src/Illuminate/Pipeline/Pipeline.php(130): Illuminate\\Foundation\\Http\\Kernel->Illuminate\\Foundation\\Http\\{closure}(Object(Illuminate\\Http\\Request))
#17 /mnt/window/Users/Name/Documents/yure_2019/gitHub_projects/laravel-php-example/vendor/laravel/framework/src/Illuminate/Foundation/Http/Middleware/TransformsRequest.php(21): Illuminate\\Pipeline\\Pipeline->Illuminate\\Pipeline\\{closure}(Object(Illuminate\\Http\\Request))
#18 /mnt/window/Users/Name/Documents/yure_2019/gitHub_projects/laravel-php-example/vendor/laravel/framework/src/Illuminate/Pipeline/Pipeline.php(171): Illuminate\\Foundation\\Http\\Middleware\\TransformsRequest->handle(Object(Illuminate\\Http\\Request), Object(Closure))
#19 /mnt/window/Users/Name/Documents/yure_2019/gitHub_projects/laravel-php-example/vendor/laravel/framework/src/Illuminate/Foundation/Http/Middleware/TransformsRequest.php(21): Illuminate\\Pipeline\\Pipeline->Illuminate\\Pipeline\\{closure}(Object(Illuminate\\Http\\Request))
#20 /mnt/window/Users/Name/Documents/yure_2019/gitHub_projects/laravel-php-example/vendor/laravel/framework/src/Illuminate/Pipeline/Pipeline.php(171): Illuminate\\Foundation\\Http\\Middleware\\TransformsRequest->handle(Object(Illuminate\\Http\\Request), Object(Closure))
#21 /mnt/window/Users/Name/Documents/yure_2019/gitHub_projects/laravel-php-example/vendor/laravel/framework/src/Illuminate/Foundation/Http/Middleware/ValidatePostSize.php(27): Illuminate\\Pipeline\\Pipeline->Illuminate\\Pipeline\\{closure}(Object(Illuminate\\Http\\Request))
#22 /mnt/window/Users/Name/Documents/yure_2019/gitHub_projects/laravel-php-example/vendor/laravel/framework/src/Illuminate/Pipeline/Pipeline.php(171): Illuminate\\Foundation\\Http\\Middleware\\ValidatePostSize->handle(Object(Illuminate\\Http\\Request), Object(Closure))
#23 /mnt/window/Users/Name/Documents/yure_2019/gitHub_projects/laravel-php-example/vendor/laravel/framework/src/Illuminate/Foundation/Http/Middleware/CheckForMaintenanceMode.php(62): Illuminate\\Pipeline\\Pipeline->Illuminate\\Pipeline\\{closure}(Object(Illuminate\\Http\\Request))
#24 /mnt/window/Users/Name/Documents/yure_2019/gitHub_projects/laravel-php-example/vendor/laravel/framework/src/Illuminate/Pipeline/Pipeline.php(171): Illuminate\\Foundation\\Http\\Middleware\\CheckForMaintenanceMode->handle(Object(Illuminate\\Http\\Request), Object(Closure))
#25 /mnt/window/Users/Name/Documents/yure_2019/gitHub_projects/laravel-php-example/vendor/fideloper/proxy/src/TrustProxies.php(57): Illuminate\\Pipeline\\Pipeline->Illuminate\\Pipeline\\{closure}(Object(Illuminate\\Http\\Request))
#26 /mnt/window/Users/Name/Documents/yure_2019/gitHub_projects/laravel-php-example/vendor/laravel/framework/src/Illuminate/Pipeline/Pipeline.php(171): Fideloper\\Proxy\\TrustProxies->handle(Object(Illuminate\\Http\\Request), Object(Closure))
#27 /mnt/window/Users/Name/Documents/yure_2019/gitHub_projects/laravel-php-example/vendor/laravel/framework/src/Illuminate/Pipeline/Pipeline.php(105): Illuminate\\Pipeline\\Pipeline->Illuminate\\Pipeline\\{closure}(Object(Illuminate\\Http\\Request))
#28 /mnt/window/Users/Name/Documents/yure_2019/gitHub_projects/laravel-php-example/vendor/laravel/framework/src/Illuminate/Foundation/Http/Kernel.php(151): Illuminate\\Pipeline\\Pipeline->then(Object(Closure))
#29 /mnt/window/Users/Name/Documents/yure_2019/gitHub_projects/laravel-php-example/vendor/laravel/framework/src/Illuminate/Foundation/Http/Kernel.php(116): Illuminate\\Foundation\\Http\\Kernel->sendRequestThroughRouter(Object(Illuminate\\Http\\Request))
#30 /mnt/window/Users/Name/Documents/yure_2019/gitHub_projects/laravel-php-example/public/index.php(55): Illuminate\\Foundation\\Http\\Kernel->handle(Object(Illuminate\\Http\\Request))
#31 /mnt/window/Users/Name/Documents/yure_2019/gitHub_projects/laravel-php-example/server.php(21): require_once('/mnt/window/Use...')
#32 {main}
"} 
[2019-09-25 03:20:04] local.ERROR: Class app\Post does not exist {"userId":1,"exception":"[object] (ReflectionException(code: 0): Class app\\Post does not exist at /mnt/window/Users/Name/Documents/yure_2019/gitHub_projects/laravel-php-example/vendor/laravel/framework/src/Illuminate/Routing/RouteSignatureParameters.php:25)
[stacktrace]
#0 /mnt/window/Users/Name/Documents/yure_2019/gitHub_projects/laravel-php-example/vendor/laravel/framework/src/Illuminate/Routing/RouteSignatureParameters.php(25): ReflectionParameter->getClass()
#1 [internal function]: Illuminate\\Routing\\RouteSignatureParameters::Illuminate\\Routing\\{closure}(Object(ReflectionParameter))
#2 /mnt/window/Users/Name/Documents/yure_2019/gitHub_projects/laravel-php-example/vendor/laravel/framework/src/Illuminate/Routing/RouteSignatureParameters.php(26): array_filter(Array, Object(Closure))
#3 /mnt/window/Users/Name/Documents/yure_2019/gitHub_projects/laravel-php-example/vendor/laravel/framework/src/Illuminate/Routing/Route.php(471): Illuminate\\Routing\\RouteSignatureParameters::fromAction(Array, 'Illuminate\\\\Cont...')
#4 /mnt/window/Users/Name/Documents/yure_2019/gitHub_projects/laravel-php-example/vendor/laravel/framework/src/Illuminate/Routing/ImplicitRouteBinding.php(24): Illuminate\\Routing\\Route->signatureParameters('Illuminate\\\\Cont...')
#5 /mnt/window/Users/Name/Documents/yure_2019/gitHub_projects/laravel-php-example/vendor/laravel/framework/src/Illuminate/Routing/Router.php(787): Illuminate\\Routing\\ImplicitRouteBinding::resolveForRoute(Object(Illuminate\\Foundation\\Application), Object(Illuminate\\Routing\\Route))
#6 /mnt/window/Users/Name/Documents/yure_2019/gitHub_projects/laravel-php-example/vendor/laravel/framework/src/Illuminate/Routing/Middleware/SubstituteBindings.php(39): Illuminate\\Routing\\Router->substituteImplicitBindings(Object(Illuminate\\Routing\\Route))
#7 /mnt/window/Users/Name/Documents/yure_2019/gitHub_projects/laravel-php-example/vendor/laravel/framework/src/Illuminate/Pipeline/Pipeline.php(171): Illuminate\\Routing\\Middleware\\SubstituteBindings->handle(Object(Illuminate\\Http\\Request), Object(Closure))
#8 /mnt/window/Users/Name/Documents/yure_2019/gitHub_projects/laravel-php-example/vendor/laravel/framework/src/Illuminate/Auth/Middleware/Authenticate.php(43): Illuminate\\Pipeline\\Pipeline->Illuminate\\Pipeline\\{closure}(Object(Illuminate\\Http\\Request))
#9 /mnt/window/Users/Name/Documents/yure_2019/gitHub_projects/laravel-php-example/vendor/laravel/framework/src/Illuminate/Pipeline/Pipeline.php(171): Illuminate\\Auth\\Middleware\\Authenticate->handle(Object(Illuminate\\Http\\Request), Object(Closure))
#10 /mnt/window/Users/Name/Documents/yure_2019/gitHub_projects/laravel-php-example/vendor/laravel/framework/src/Illuminate/Foundation/Http/Middleware/VerifyCsrfToken.php(75): Illuminate\\Pipeline\\Pipeline->Illuminate\\Pipeline\\{closure}(Object(Illuminate\\Http\\Request))
#11 /mnt/window/Users/Name/Documents/yure_2019/gitHub_projects/laravel-php-example/vendor/laravel/framework/src/Illuminate/Pipeline/Pipeline.php(171): Illuminate\\Foundation\\Http\\Middleware\\VerifyCsrfToken->handle(Object(Illuminate\\Http\\Request), Object(Closure))
#12 /mnt/window/Users/Name/Documents/yure_2019/gitHub_projects/laravel-php-example/vendor/laravel/framework/src/Illuminate/View/Middleware/ShareErrorsFromSession.php(49): Illuminate\\Pipeline\\Pipeline->Illuminate\\Pipeline\\{closure}(Object(Illuminate\\Http\\Request))
#13 /mnt/window/Users/Name/Documents/yure_2019/gitHub_projects/laravel-php-example/vendor/laravel/framework/src/Illuminate/Pipeline/Pipeline.php(171): Illuminate\\View\\Middleware\\ShareErrorsFromSession->handle(Object(Illuminate\\Http\\Request), Object(Closure))
#14 /mnt/window/Users/Name/Documents/yure_2019/gitHub_projects/laravel-php-example/vendor/laravel/framework/src/Illuminate/Session/Middleware/StartSession.php(56): Illuminate\\Pipeline\\Pipeline->Illuminate\\Pipeline\\{closure}(Object(Illuminate\\Http\\Request))
#15 /mnt/window/Users/Name/Documents/yure_2019/gitHub_projects/laravel-php-example/vendor/laravel/framework/src/Illuminate/Pipeline/Pipeline.php(171): Illuminate\\Session\\Middleware\\StartSession->handle(Object(Illuminate\\Http\\Request), Object(Closure))
#16 /mnt/window/Users/Name/Documents/yure_2019/gitHub_projects/laravel-php-example/vendor/laravel/framework/src/Illuminate/Cookie/Middleware/AddQueuedCookiesToResponse.php(37): Illuminate\\Pipeline\\Pipeline->Illuminate\\Pipeline\\{closure}(Object(Illuminate\\Http\\Request))
#17 /mnt/window/Users/Name/Documents/yure_2019/gitHub_projects/laravel-php-example/vendor/laravel/framework/src/Illuminate/Pipeline/Pipeline.php(171): Illuminate\\Cookie\\Middleware\\AddQueuedCookiesToResponse->handle(Object(Illuminate\\Http\\Request), Object(Closure))
#18 /mnt/window/Users/Name/Documents/yure_2019/gitHub_projects/laravel-php-example/vendor/laravel/framework/src/Illuminate/Cookie/Middleware/EncryptCookies.php(66): Illuminate\\Pipeline\\Pipeline->Illuminate\\Pipeline\\{closure}(Object(Illuminate\\Http\\Request))
#19 /mnt/window/Users/Name/Documents/yure_2019/gitHub_projects/laravel-php-example/vendor/laravel/framework/src/Illuminate/Pipeline/Pipeline.php(171): Illuminate\\Cookie\\Middleware\\EncryptCookies->handle(Object(Illuminate\\Http\\Request), Object(Closure))
#20 /mnt/window/Users/Name/Documents/yure_2019/gitHub_projects/laravel-php-example/vendor/laravel/framework/src/Illuminate/Pipeline/Pipeline.php(105): Illuminate\\Pipeline\\Pipeline->Illuminate\\Pipeline\\{closure}(Object(Illuminate\\Http\\Request))
#21 /mnt/window/Users/Name/Documents/yure_2019/gitHub_projects/laravel-php-example/vendor/laravel/framework/src/Illuminate/Routing/Router.php(682): Illuminate\\Pipeline\\Pipeline->then(Object(Closure))
#22 /mnt/window/Users/Name/Documents/yure_2019/gitHub_projects/laravel-php-example/vendor/laravel/framework/src/Illuminate/Routing/Router.php(657): Illuminate\\Routing\\Router->runRouteWithinStack(Object(Illuminate\\Routing\\Route), Object(Illuminate\\Http\\Request))
#23 /mnt/window/Users/Name/Documents/yure_2019/gitHub_projects/laravel-php-example/vendor/laravel/framework/src/Illuminate/Routing/Router.php(623): Illuminate\\Routing\\Router->runRoute(Object(Illuminate\\Http\\Request), Object(Illuminate\\Routing\\Route))
#24 /mnt/window/Users/Name/Documents/yure_2019/gitHub_projects/laravel-php-example/vendor/laravel/framework/src/Illuminate/Routing/Router.php(612): Illuminate\\Routing\\Router->dispatchToRoute(Object(Illuminate\\Http\\Request))
#25 /mnt/window/Users/Name/Documents/yure_2019/gitHub_projects/laravel-php-example/vendor/laravel/framework/src/Illuminate/Foundation/Http/Kernel.php(176): Illuminate\\Routing\\Router->dispatch(Object(Illuminate\\Http\\Request))
#26 /mnt/window/Users/Name/Documents/yure_2019/gitHub_projects/laravel-php-example/vendor/laravel/framework/src/Illuminate/Pipeline/Pipeline.php(130): Illuminate\\Foundation\\Http\\Kernel->Illuminate\\Foundation\\Http\\{closure}(Object(Illuminate\\Http\\Request))
#27 /mnt/window/Users/Name/Documents/yure_2019/gitHub_projects/laravel-php-example/vendor/laravel/framework/src/Illuminate/Foundation/Http/Middleware/TransformsRequest.php(21): Illuminate\\Pipeline\\Pipeline->Illuminate\\Pipeline\\{closure}(Object(Illuminate\\Http\\Request))
#28 /mnt/window/Users/Name/Documents/yure_2019/gitHub_projects/laravel-php-example/vendor/laravel/framework/src/Illuminate/Pipeline/Pipeline.php(171): Illuminate\\Foundation\\Http\\Middleware\\TransformsRequest->handle(Object(Illuminate\\Http\\Request), Object(Closure))
#29 /mnt/window/Users/Name/Documents/yure_2019/gitHub_projects/laravel-php-example/vendor/laravel/framework/src/Illuminate/Foundation/Http/Middleware/TransformsRequest.php(21): Illuminate\\Pipeline\\Pipeline->Illuminate\\Pipeline\\{closure}(Object(Illuminate\\Http\\Request))
#30 /mnt/window/Users/Name/Documents/yure_2019/gitHub_projects/laravel-php-example/vendor/laravel/framework/src/Illuminate/Pipeline/Pipeline.php(171): Illuminate\\Foundation\\Http\\Middleware\\TransformsRequest->handle(Object(Illuminate\\Http\\Request), Object(Closure))
#31 /mnt/window/Users/Name/Documents/yure_2019/gitHub_projects/laravel-php-example/vendor/laravel/framework/src/Illuminate/Foundation/Http/Middleware/ValidatePostSize.php(27): Illuminate\\Pipeline\\Pipeline->Illuminate\\Pipeline\\{closure}(Object(Illuminate\\Http\\Request))
#32 /mnt/window/Users/Name/Documents/yure_2019/gitHub_projects/laravel-php-example/vendor/laravel/framework/src/Illuminate/Pipeline/Pipeline.php(171): Illuminate\\Foundation\\Http\\Middleware\\ValidatePostSize->handle(Object(Illuminate\\Http\\Request), Object(Closure))
#33 /mnt/window/Users/Name/Documents/yure_2019/gitHub_projects/laravel-php-example/vendor/laravel/framework/src/Illuminate/Foundation/Http/Middleware/CheckForMaintenanceMode.php(62): Illuminate\\Pipeline\\Pipeline->Illuminate\\Pipeline\\{closure}(Object(Illuminate\\Http\\Request))
#34 /mnt/window/Users/Name/Documents/yure_2019/gitHub_projects/laravel-php-example/vendor/laravel/framework/src/Illuminate/Pipeline/Pipeline.php(171): Illuminate\\Foundation\\Http\\Middleware\\CheckForMaintenanceMode->handle(Object(Illuminate\\Http\\Request), Object(Closure))
#35 /mnt/window/Users/Name/Documents/yure_2019/gitHub_projects/laravel-php-example/vendor/fideloper/proxy/src/TrustProxies.php(57): Illuminate\\Pipeline\\Pipeline->Illuminate\\Pipeline\\{closure}(Object(Illuminate\\Http\\Request))
#36 /mnt/window/Users/Name/Documents/yure_2019/gitHub_projects/laravel-php-example/vendor/laravel/framework/src/Illuminate/Pipeline/Pipeline.php(171): Fideloper\\Proxy\\TrustProxies->handle(Object(Illuminate\\Http\\Request), Object(Closure))
#37 /mnt/window/Users/Name/Documents/yure_2019/gitHub_projects/laravel-php-example/vendor/laravel/framework/src/Illuminate/Pipeline/Pipeline.php(105): Illuminate\\Pipeline\\Pipeline->Illuminate\\Pipeline\\{closure}(Object(Illuminate\\Http\\Request))
#38 /mnt/window/Users/Name/Documents/yure_2019/gitHub_projects/laravel-php-example/vendor/laravel/framework/src/Illuminate/Foundation/Http/Kernel.php(151): Illuminate\\Pipeline\\Pipeline->then(Object(Closure))
#39 /mnt/window/Users/Name/Documents/yure_2019/gitHub_projects/laravel-php-example/vendor/laravel/framework/src/Illuminate/Foundation/Http/Kernel.php(116): Illuminate\\Foundation\\Http\\Kernel->sendRequestThroughRouter(Object(Illuminate\\Http\\Request))
#40 /mnt/window/Users/Name/Documents/yure_2019/gitHub_projects/laravel-php-example/public/index.php(55): Illuminate\\Foundation\\Http\\Kernel->handle(Object(Illuminate\\Http\\Request))
#41 /mnt/window/Users/Name/Documents/yure_2019/gitHub_projects/laravel-php-example/server.php(21): require_once('/mnt/window/Use...')
#42 {main}
"} 
[2019-09-25 03:20:05] local.ERROR: Class app\Post does not exist {"userId":1,"exception":"[object] (ReflectionException(code: 0): Class app\\Post does not exist at /mnt/window/Users/Name/Documents/yure_2019/gitHub_projects/laravel-php-example/vendor/laravel/framework/src/Illuminate/Routing/RouteSignatureParameters.php:25)
[stacktrace]
#0 /mnt/window/Users/Name/Documents/yure_2019/gitHub_projects/laravel-php-example/vendor/laravel/framework/src/Illuminate/Routing/RouteSignatureParameters.php(25): ReflectionParameter->getClass()
#1 [internal function]: Illuminate\\Routing\\RouteSignatureParameters::Illuminate\\Routing\\{closure}(Object(ReflectionParameter))
#2 /mnt/window/Users/Name/Documents/yure_2019/gitHub_projects/laravel-php-example/vendor/laravel/framework/src/Illuminate/Routing/RouteSignatureParameters.php(26): array_filter(Array, Object(Closure))
#3 /mnt/window/Users/Name/Documents/yure_2019/gitHub_projects/laravel-php-example/vendor/laravel/framework/src/Illuminate/Routing/Route.php(471): Illuminate\\Routing\\RouteSignatureParameters::fromAction(Array, 'Illuminate\\\\Cont...')
#4 /mnt/window/Users/Name/Documents/yure_2019/gitHub_projects/laravel-php-example/vendor/laravel/framework/src/Illuminate/Routing/ImplicitRouteBinding.php(24): Illuminate\\Routing\\Route->signatureParameters('Illuminate\\\\Cont...')
#5 /mnt/window/Users/Name/Documents/yure_2019/gitHub_projects/laravel-php-example/vendor/laravel/framework/src/Illuminate/Routing/Router.php(787): Illuminate\\Routing\\ImplicitRouteBinding::resolveForRoute(Object(Illuminate\\Foundation\\Application), Object(Illuminate\\Routing\\Route))
#6 /mnt/window/Users/Name/Documents/yure_2019/gitHub_projects/laravel-php-example/vendor/laravel/framework/src/Illuminate/Routing/Middleware/SubstituteBindings.php(39): Illuminate\\Routing\\Router->substituteImplicitBindings(Object(Illuminate\\Routing\\Route))
#7 /mnt/window/Users/Name/Documents/yure_2019/gitHub_projects/laravel-php-example/vendor/laravel/framework/src/Illuminate/Pipeline/Pipeline.php(171): Illuminate\\Routing\\Middleware\\SubstituteBindings->handle(Object(Illuminate\\Http\\Request), Object(Closure))
#8 /mnt/window/Users/Name/Documents/yure_2019/gitHub_projects/laravel-php-example/vendor/laravel/framework/src/Illuminate/Auth/Middleware/Authenticate.php(43): Illuminate\\Pipeline\\Pipeline->Illuminate\\Pipeline\\{closure}(Object(Illuminate\\Http\\Request))
#9 /mnt/window/Users/Name/Documents/yure_2019/gitHub_projects/laravel-php-example/vendor/laravel/framework/src/Illuminate/Pipeline/Pipeline.php(171): Illuminate\\Auth\\Middleware\\Authenticate->handle(Object(Illuminate\\Http\\Request), Object(Closure))
#10 /mnt/window/Users/Name/Documents/yure_2019/gitHub_projects/laravel-php-example/vendor/laravel/framework/src/Illuminate/Foundation/Http/Middleware/VerifyCsrfToken.php(75): Illuminate\\Pipeline\\Pipeline->Illuminate\\Pipeline\\{closure}(Object(Illuminate\\Http\\Request))
#11 /mnt/window/Users/Name/Documents/yure_2019/gitHub_projects/laravel-php-example/vendor/laravel/framework/src/Illuminate/Pipeline/Pipeline.php(171): Illuminate\\Foundation\\Http\\Middleware\\VerifyCsrfToken->handle(Object(Illuminate\\Http\\Request), Object(Closure))
#12 /mnt/window/Users/Name/Documents/yure_2019/gitHub_projects/laravel-php-example/vendor/laravel/framework/src/Illuminate/View/Middleware/ShareErrorsFromSession.php(49): Illuminate\\Pipeline\\Pipeline->Illuminate\\Pipeline\\{closure}(Object(Illuminate\\Http\\Request))
#13 /mnt/window/Users/Name/Documents/yure_2019/gitHub_projects/laravel-php-example/vendor/laravel/framework/src/Illuminate/Pipeline/Pipeline.php(171): Illuminate\\View\\Middleware\\ShareErrorsFromSession->handle(Object(Illuminate\\Http\\Request), Object(Closure))
#14 /mnt/window/Users/Name/Documents/yure_2019/gitHub_projects/laravel-php-example/vendor/laravel/framework/src/Illuminate/Session/Middleware/StartSession.php(56): Illuminate\\Pipeline\\Pipeline->Illuminate\\Pipeline\\{closure}(Object(Illuminate\\Http\\Request))
#15 /mnt/window/Users/Name/Documents/yure_2019/gitHub_projects/laravel-php-example/vendor/laravel/framework/src/Illuminate/Pipeline/Pipeline.php(171): Illuminate\\Session\\Middleware\\StartSession->handle(Object(Illuminate\\Http\\Request), Object(Closure))
#16 /mnt/window/Users/Name/Documents/yure_2019/gitHub_projects/laravel-php-example/vendor/laravel/framework/src/Illuminate/Cookie/Middleware/AddQueuedCookiesToResponse.php(37): Illuminate\\Pipeline\\Pipeline->Illuminate\\Pipeline\\{closure}(Object(Illuminate\\Http\\Request))
#17 /mnt/window/Users/Name/Documents/yure_2019/gitHub_projects/laravel-php-example/vendor/laravel/framework/src/Illuminate/Pipeline/Pipeline.php(171): Illuminate\\Cookie\\Middleware\\AddQueuedCookiesToResponse->handle(Object(Illuminate\\Http\\Request), Object(Closure))
#18 /mnt/window/Users/Name/Documents/yure_2019/gitHub_projects/laravel-php-example/vendor/laravel/framework/src/Illuminate/Cookie/Middleware/EncryptCookies.php(66): Illuminate\\Pipeline\\Pipeline->Illuminate\\Pipeline\\{closure}(Object(Illuminate\\Http\\Request))
#19 /mnt/window/Users/Name/Documents/yure_2019/gitHub_projects/laravel-php-example/vendor/laravel/framework/src/Illuminate/Pipeline/Pipeline.php(171): Illuminate\\Cookie\\Middleware\\EncryptCookies->handle(Object(Illuminate\\Http\\Request), Object(Closure))
#20 /mnt/window/Users/Name/Documents/yure_2019/gitHub_projects/laravel-php-example/vendor/laravel/framework/src/Illuminate/Pipeline/Pipeline.php(105): Illuminate\\Pipeline\\Pipeline->Illuminate\\Pipeline\\{closure}(Object(Illuminate\\Http\\Request))
#21 /mnt/window/Users/Name/Documents/yure_2019/gitHub_projects/laravel-php-example/vendor/laravel/framework/src/Illuminate/Routing/Router.php(682): Illuminate\\Pipeline\\Pipeline->then(Object(Closure))
#22 /mnt/window/Users/Name/Documents/yure_2019/gitHub_projects/laravel-php-example/vendor/laravel/framework/src/Illuminate/Routing/Router.php(657): Illuminate\\Routing\\Router->runRouteWithinStack(Object(Illuminate\\Routing\\Route), Object(Illuminate\\Http\\Request))
#23 /mnt/window/Users/Name/Documents/yure_2019/gitHub_projects/laravel-php-example/vendor/laravel/framework/src/Illuminate/Routing/Router.php(623): Illuminate\\Routing\\Router->runRoute(Object(Illuminate\\Http\\Request), Object(Illuminate\\Routing\\Route))
#24 /mnt/window/Users/Name/Documents/yure_2019/gitHub_projects/laravel-php-example/vendor/laravel/framework/src/Illuminate/Routing/Router.php(612): Illuminate\\Routing\\Router->dispatchToRoute(Object(Illuminate\\Http\\Request))
#25 /mnt/window/Users/Name/Documents/yure_2019/gitHub_projects/laravel-php-example/vendor/laravel/framework/src/Illuminate/Foundation/Http/Kernel.php(176): Illuminate\\Routing\\Router->dispatch(Object(Illuminate\\Http\\Request))
#26 /mnt/window/Users/Name/Documents/yure_2019/gitHub_projects/laravel-php-example/vendor/laravel/framework/src/Illuminate/Pipeline/Pipeline.php(130): Illuminate\\Foundation\\Http\\Kernel->Illuminate\\Foundation\\Http\\{closure}(Object(Illuminate\\Http\\Request))
#27 /mnt/window/Users/Name/Documents/yure_2019/gitHub_projects/laravel-php-example/vendor/laravel/framework/src/Illuminate/Foundation/Http/Middleware/TransformsRequest.php(21): Illuminate\\Pipeline\\Pipeline->Illuminate\\Pipeline\\{closure}(Object(Illuminate\\Http\\Request))
#28 /mnt/window/Users/Name/Documents/yure_2019/gitHub_projects/laravel-php-example/vendor/laravel/framework/src/Illuminate/Pipeline/Pipeline.php(171): Illuminate\\Foundation\\Http\\Middleware\\TransformsRequest->handle(Object(Illuminate\\Http\\Request), Object(Closure))
#29 /mnt/window/Users/Name/Documents/yure_2019/gitHub_projects/laravel-php-example/vendor/laravel/framework/src/Illuminate/Foundation/Http/Middleware/TransformsRequest.php(21): Illuminate\\Pipeline\\Pipeline->Illuminate\\Pipeline\\{closure}(Object(Illuminate\\Http\\Request))
#30 /mnt/window/Users/Name/Documents/yure_2019/gitHub_projects/laravel-php-example/vendor/laravel/framework/src/Illuminate/Pipeline/Pipeline.php(171): Illuminate\\Foundation\\Http\\Middleware\\TransformsRequest->handle(Object(Illuminate\\Http\\Request), Object(Closure))
#31 /mnt/window/Users/Name/Documents/yure_2019/gitHub_projects/laravel-php-example/vendor/laravel/framework/src/Illuminate/Foundation/Http/Middleware/ValidatePostSize.php(27): Illuminate\\Pipeline\\Pipeline->Illuminate\\Pipeline\\{closure}(Object(Illuminate\\Http\\Request))
#32 /mnt/window/Users/Name/Documents/yure_2019/gitHub_projects/laravel-php-example/vendor/laravel/framework/src/Illuminate/Pipeline/Pipeline.php(171): Illuminate\\Foundation\\Http\\Middleware\\ValidatePostSize->handle(Object(Illuminate\\Http\\Request), Object(Closure))
#33 /mnt/window/Users/Name/Documents/yure_2019/gitHub_projects/laravel-php-example/vendor/laravel/framework/src/Illuminate/Foundation/Http/Middleware/CheckForMaintenanceMode.php(62): Illuminate\\Pipeline\\Pipeline->Illuminate\\Pipeline\\{closure}(Object(Illuminate\\Http\\Request))
#34 /mnt/window/Users/Name/Documents/yure_2019/gitHub_projects/laravel-php-example/vendor/laravel/framework/src/Illuminate/Pipeline/Pipeline.php(171): Illuminate\\Foundation\\Http\\Middleware\\CheckForMaintenanceMode->handle(Object(Illuminate\\Http\\Request), Object(Closure))
#35 /mnt/window/Users/Name/Documents/yure_2019/gitHub_projects/laravel-php-example/vendor/fideloper/proxy/src/TrustProxies.php(57): Illuminate\\Pipeline\\Pipeline->Illuminate\\Pipeline\\{closure}(Object(Illuminate\\Http\\Request))
#36 /mnt/window/Users/Name/Documents/yure_2019/gitHub_projects/laravel-php-example/vendor/laravel/framework/src/Illuminate/Pipeline/Pipeline.php(171): Fideloper\\Proxy\\TrustProxies->handle(Object(Illuminate\\Http\\Request), Object(Closure))
#37 /mnt/window/Users/Name/Documents/yure_2019/gitHub_projects/laravel-php-example/vendor/laravel/framework/src/Illuminate/Pipeline/Pipeline.php(105): Illuminate\\Pipeline\\Pipeline->Illuminate\\Pipeline\\{closure}(Object(Illuminate\\Http\\Request))
#38 /mnt/window/Users/Name/Documents/yure_2019/gitHub_projects/laravel-php-example/vendor/laravel/framework/src/Illuminate/Foundation/Http/Kernel.php(151): Illuminate\\Pipeline\\Pipeline->then(Object(Closure))
#39 /mnt/window/Users/Name/Documents/yure_2019/gitHub_projects/laravel-php-example/vendor/laravel/framework/src/Illuminate/Foundation/Http/Kernel.php(116): Illuminate\\Foundation\\Http\\Kernel->sendRequestThroughRouter(Object(Illuminate\\Http\\Request))
#40 /mnt/window/Users/Name/Documents/yure_2019/gitHub_projects/laravel-php-example/public/index.php(55): Illuminate\\Foundation\\Http\\Kernel->handle(Object(Illuminate\\Http\\Request))
#41 /mnt/window/Users/Name/Documents/yure_2019/gitHub_projects/laravel-php-example/server.php(21): require_once('/mnt/window/Use...')
#42 {main}
"} 
[2019-09-25 03:29:01] local.ERROR: Call to undefined method App\Post::image() (View: /mnt/window/Users/Name/Documents/yure_2019/gitHub_projects/laravel-php-example/resources/views/posts/show.blade.php) {"userId":1,"exception":"[object] (Facade\\Ignition\\Exceptions\\ViewException(code: 0): Call to undefined method App\\Post::image() (View: /mnt/window/Users/Name/Documents/yure_2019/gitHub_projects/laravel-php-example/resources/views/posts/show.blade.php) at /mnt/window/Users/Name/Documents/yure_2019/gitHub_projects/laravel-php-example/vendor/laravel/framework/src/Illuminate/Support/Traits/ForwardsCalls.php:50)
[stacktrace]
#0 /mnt/window/Users/Name/Documents/yure_2019/gitHub_projects/laravel-php-example/vendor/laravel/framework/src/Illuminate/Support/Traits/ForwardsCalls.php(36): Illuminate\\Database\\Eloquent\\Model::throwBadMethodCallException('image')
#1 /mnt/window/Users/Name/Documents/yure_2019/gitHub_projects/laravel-php-example/vendor/laravel/framework/src/Illuminate/Database/Eloquent/Model.php(1618): Illuminate\\Database\\Eloquent\\Model->forwardCallTo(Object(Illuminate\\Database\\Eloquent\\Builder), 'image', Array)
#2 /mnt/window/Users/Name/Documents/yure_2019/gitHub_projects/laravel-php-example/resources/views/posts/show.blade.php(5): Illuminate\\Database\\Eloquent\\Model->__call('image', Array)
#3 /mnt/window/Users/Name/Documents/yure_2019/gitHub_projects/laravel-php-example/vendor/laravel/framework/src/Illuminate/View/Engines/PhpEngine.php(43): include('/mnt/window/Use...')
#4 /mnt/window/Users/Name/Documents/yure_2019/gitHub_projects/laravel-php-example/vendor/laravel/framework/src/Illuminate/View/Engines/CompilerEngine.php(59): Illuminate\\View\\Engines\\PhpEngine->evaluatePath('/mnt/window/Use...', Array)
#5 /mnt/window/Users/Name/Documents/yure_2019/gitHub_projects/laravel-php-example/vendor/facade/ignition/src/Views/Engines/CompilerEngine.php(36): Illuminate\\View\\Engines\\CompilerEngine->get('/mnt/window/Use...', Array)
#6 /mnt/window/Users/Name/Documents/yure_2019/gitHub_projects/laravel-php-example/vendor/laravel/framework/src/Illuminate/View/View.php(143): Facade\\Ignition\\Views\\Engines\\CompilerEngine->get('/mnt/window/Use...', Array)
#7 /mnt/window/Users/Name/Documents/yure_2019/gitHub_projects/laravel-php-example/vendor/laravel/framework/src/Illuminate/View/View.php(126): Illuminate\\View\\View->getContents()
#8 /mnt/window/Users/Name/Documents/yure_2019/gitHub_projects/laravel-php-example/vendor/laravel/framework/src/Illuminate/View/View.php(91): Illuminate\\View\\View->renderContents()
#9 /mnt/window/Users/Name/Documents/yure_2019/gitHub_projects/laravel-php-example/vendor/laravel/framework/src/Illuminate/Http/Response.php(42): Illuminate\\View\\View->render()
#10 /mnt/window/Users/Name/Documents/yure_2019/gitHub_projects/laravel-php-example/vendor/symfony/http-foundation/Response.php(202): Illuminate\\Http\\Response->setContent(Object(Illuminate\\View\\View))
#11 /mnt/window/Users/Name/Documents/yure_2019/gitHub_projects/laravel-php-example/vendor/laravel/framework/src/Illuminate/Routing/Router.php(748): Symfony\\Component\\HttpFoundation\\Response->__construct(Object(Illuminate\\View\\View))
#12 /mnt/window/Users/Name/Documents/yure_2019/gitHub_projects/laravel-php-example/vendor/laravel/framework/src/Illuminate/Routing/Router.php(720): Illuminate\\Routing\\Router::toResponse(Object(Illuminate\\Http\\Request), Object(Illuminate\\View\\View))
#13 /mnt/window/Users/Name/Documents/yure_2019/gitHub_projects/laravel-php-example/vendor/laravel/framework/src/Illuminate/Routing/Router.php(680): Illuminate\\Routing\\Router->prepareResponse(Object(Illuminate\\Http\\Request), Object(Illuminate\\View\\View))
#14 /mnt/window/Users/Name/Documents/yure_2019/gitHub_projects/laravel-php-example/vendor/laravel/framework/src/Illuminate/Pipeline/Pipeline.php(130): Illuminate\\Routing\\Router->Illuminate\\Routing\\{closure}(Object(Illuminate\\Http\\Request))
#15 /mnt/window/Users/Name/Documents/yure_2019/gitHub_projects/laravel-php-example/vendor/laravel/framework/src/Illuminate/Routing/Middleware/SubstituteBindings.php(41): Illuminate\\Pipeline\\Pipeline->Illuminate\\Pipeline\\{closure}(Object(Illuminate\\Http\\Request))
#16 /mnt/window/Users/Name/Documents/yure_2019/gitHub_projects/laravel-php-example/vendor/laravel/framework/src/Illuminate/Pipeline/Pipeline.php(171): Illuminate\\Routing\\Middleware\\SubstituteBindings->handle(Object(Illuminate\\Http\\Request), Object(Closure))
#17 /mnt/window/Users/Name/Documents/yure_2019/gitHub_projects/laravel-php-example/vendor/laravel/framework/src/Illuminate/Auth/Middleware/Authenticate.php(43): Illuminate\\Pipeline\\Pipeline->Illuminate\\Pipeline\\{closure}(Object(Illuminate\\Http\\Request))
#18 /mnt/window/Users/Name/Documents/yure_2019/gitHub_projects/laravel-php-example/vendor/laravel/framework/src/Illuminate/Pipeline/Pipeline.php(171): Illuminate\\Auth\\Middleware\\Authenticate->handle(Object(Illuminate\\Http\\Request), Object(Closure))
#19 /mnt/window/Users/Name/Documents/yure_2019/gitHub_projects/laravel-php-example/vendor/laravel/framework/src/Illuminate/Foundation/Http/Middleware/VerifyCsrfToken.php(75): Illuminate\\Pipeline\\Pipeline->Illuminate\\Pipeline\\{closure}(Object(Illuminate\\Http\\Request))
#20 /mnt/window/Users/Name/Documents/yure_2019/gitHub_projects/laravel-php-example/vendor/laravel/framework/src/Illuminate/Pipeline/Pipeline.php(171): Illuminate\\Foundation\\Http\\Middleware\\VerifyCsrfToken->handle(Object(Illuminate\\Http\\Request), Object(Closure))
#21 /mnt/window/Users/Name/Documents/yure_2019/gitHub_projects/laravel-php-example/vendor/laravel/framework/src/Illuminate/View/Middleware/ShareErrorsFromSession.php(49): Illuminate\\Pipeline\\Pipeline->Illuminate\\Pipeline\\{closure}(Object(Illuminate\\Http\\Request))
#22 /mnt/window/Users/Name/Documents/yure_2019/gitHub_projects/laravel-php-example/vendor/laravel/framework/src/Illuminate/Pipeline/Pipeline.php(171): Illuminate\\View\\Middleware\\ShareErrorsFromSession->handle(Object(Illuminate\\Http\\Request), Object(Closure))
#23 /mnt/window/Users/Name/Documents/yure_2019/gitHub_projects/laravel-php-example/vendor/laravel/framework/src/Illuminate/Session/Middleware/StartSession.php(56): Illuminate\\Pipeline\\Pipeline->Illuminate\\Pipeline\\{closure}(Object(Illuminate\\Http\\Request))
#24 /mnt/window/Users/Name/Documents/yure_2019/gitHub_projects/laravel-php-example/vendor/laravel/framework/src/Illuminate/Pipeline/Pipeline.php(171): Illuminate\\Session\\Middleware\\StartSession->handle(Object(Illuminate\\Http\\Request), Object(Closure))
#25 /mnt/window/Users/Name/Documents/yure_2019/gitHub_projects/laravel-php-example/vendor/laravel/framework/src/Illuminate/Cookie/Middleware/AddQueuedCookiesToResponse.php(37): Illuminate\\Pipeline\\Pipeline->Illuminate\\Pipeline\\{closure}(Object(Illuminate\\Http\\Request))
#26 /mnt/window/Users/Name/Documents/yure_2019/gitHub_projects/laravel-php-example/vendor/laravel/framework/src/Illuminate/Pipeline/Pipeline.php(171): Illuminate\\Cookie\\Middleware\\AddQueuedCookiesToResponse->handle(Object(Illuminate\\Http\\Request), Object(Closure))
#27 /mnt/window/Users/Name/Documents/yure_2019/gitHub_projects/laravel-php-example/vendor/laravel/framework/src/Illuminate/Cookie/Middleware/EncryptCookies.php(66): Illuminate\\Pipeline\\Pipeline->Illuminate\\Pipeline\\{closure}(Object(Illuminate\\Http\\Request))
#28 /mnt/window/Users/Name/Documents/yure_2019/gitHub_projects/laravel-php-example/vendor/laravel/framework/src/Illuminate/Pipeline/Pipeline.php(171): Illuminate\\Cookie\\Middleware\\EncryptCookies->handle(Object(Illuminate\\Http\\Request), Object(Closure))
#29 /mnt/window/Users/Name/Documents/yure_2019/gitHub_projects/laravel-php-example/vendor/laravel/framework/src/Illuminate/Pipeline/Pipeline.php(105): Illuminate\\Pipeline\\Pipeline->Illuminate\\Pipeline\\{closure}(Object(Illuminate\\Http\\Request))
#30 /mnt/window/Users/Name/Documents/yure_2019/gitHub_projects/laravel-php-example/vendor/laravel/framework/src/Illuminate/Routing/Router.php(682): Illuminate\\Pipeline\\Pipeline->then(Object(Closure))
#31 /mnt/window/Users/Name/Documents/yure_2019/gitHub_projects/laravel-php-example/vendor/laravel/framework/src/Illuminate/Routing/Router.php(657): Illuminate\\Routing\\Router->runRouteWithinStack(Object(Illuminate\\Routing\\Route), Object(Illuminate\\Http\\Request))
#32 /mnt/window/Users/Name/Documents/yure_2019/gitHub_projects/laravel-php-example/vendor/laravel/framework/src/Illuminate/Routing/Router.php(623): Illuminate\\Routing\\Router->runRoute(Object(Illuminate\\Http\\Request), Object(Illuminate\\Routing\\Route))
#33 /mnt/window/Users/Name/Documents/yure_2019/gitHub_projects/laravel-php-example/vendor/laravel/framework/src/Illuminate/Routing/Router.php(612): Illuminate\\Routing\\Router->dispatchToRoute(Object(Illuminate\\Http\\Request))
#34 /mnt/window/Users/Name/Documents/yure_2019/gitHub_projects/laravel-php-example/vendor/laravel/framework/src/Illuminate/Foundation/Http/Kernel.php(176): Illuminate\\Routing\\Router->dispatch(Object(Illuminate\\Http\\Request))
#35 /mnt/window/Users/Name/Documents/yure_2019/gitHub_projects/laravel-php-example/vendor/laravel/framework/src/Illuminate/Pipeline/Pipeline.php(130): Illuminate\\Foundation\\Http\\Kernel->Illuminate\\Foundation\\Http\\{closure}(Object(Illuminate\\Http\\Request))
#36 /mnt/window/Users/Name/Documents/yure_2019/gitHub_projects/laravel-php-example/vendor/laravel/framework/src/Illuminate/Foundation/Http/Middleware/TransformsRequest.php(21): Illuminate\\Pipeline\\Pipeline->Illuminate\\Pipeline\\{closure}(Object(Illuminate\\Http\\Request))
#37 /mnt/window/Users/Name/Documents/yure_2019/gitHub_projects/laravel-php-example/vendor/laravel/framework/src/Illuminate/Pipeline/Pipeline.php(171): Illuminate\\Foundation\\Http\\Middleware\\TransformsRequest->handle(Object(Illuminate\\Http\\Request), Object(Closure))
#38 /mnt/window/Users/Name/Documents/yure_2019/gitHub_projects/laravel-php-example/vendor/laravel/framework/src/Illuminate/Foundation/Http/Middleware/TransformsRequest.php(21): Illuminate\\Pipeline\\Pipeline->Illuminate\\Pipeline\\{closure}(Object(Illuminate\\Http\\Request))
#39 /mnt/window/Users/Name/Documents/yure_2019/gitHub_projects/laravel-php-example/vendor/laravel/framework/src/Illuminate/Pipeline/Pipeline.php(171): Illuminate\\Foundation\\Http\\Middleware\\TransformsRequest->handle(Object(Illuminate\\Http\\Request), Object(Closure))
#40 /mnt/window/Users/Name/Documents/yure_2019/gitHub_projects/laravel-php-example/vendor/laravel/framework/src/Illuminate/Foundation/Http/Middleware/ValidatePostSize.php(27): Illuminate\\Pipeline\\Pipeline->Illuminate\\Pipeline\\{closure}(Object(Illuminate\\Http\\Request))
#41 /mnt/window/Users/Name/Documents/yure_2019/gitHub_projects/laravel-php-example/vendor/laravel/framework/src/Illuminate/Pipeline/Pipeline.php(171): Illuminate\\Foundation\\Http\\Middleware\\ValidatePostSize->handle(Object(Illuminate\\Http\\Request), Object(Closure))
#42 /mnt/window/Users/Name/Documents/yure_2019/gitHub_projects/laravel-php-example/vendor/laravel/framework/src/Illuminate/Foundation/Http/Middleware/CheckForMaintenanceMode.php(62): Illuminate\\Pipeline\\Pipeline->Illuminate\\Pipeline\\{closure}(Object(Illuminate\\Http\\Request))
#43 /mnt/window/Users/Name/Documents/yure_2019/gitHub_projects/laravel-php-example/vendor/laravel/framework/src/Illuminate/Pipeline/Pipeline.php(171): Illuminate\\Foundation\\Http\\Middleware\\CheckForMaintenanceMode->handle(Object(Illuminate\\Http\\Request), Object(Closure))
#44 /mnt/window/Users/Name/Documents/yure_2019/gitHub_projects/laravel-php-example/vendor/fideloper/proxy/src/TrustProxies.php(57): Illuminate\\Pipeline\\Pipeline->Illuminate\\Pipeline\\{closure}(Object(Illuminate\\Http\\Request))
#45 /mnt/window/Users/Name/Documents/yure_2019/gitHub_projects/laravel-php-example/vendor/laravel/framework/src/Illuminate/Pipeline/Pipeline.php(171): Fideloper\\Proxy\\TrustProxies->handle(Object(Illuminate\\Http\\Request), Object(Closure))
#46 /mnt/window/Users/Name/Documents/yure_2019/gitHub_projects/laravel-php-example/vendor/laravel/framework/src/Illuminate/Pipeline/Pipeline.php(105): Illuminate\\Pipeline\\Pipeline->Illuminate\\Pipeline\\{closure}(Object(Illuminate\\Http\\Request))
#47 /mnt/window/Users/Name/Documents/yure_2019/gitHub_projects/laravel-php-example/vendor/laravel/framework/src/Illuminate/Foundation/Http/Kernel.php(151): Illuminate\\Pipeline\\Pipeline->then(Object(Closure))
#48 /mnt/window/Users/Name/Documents/yure_2019/gitHub_projects/laravel-php-example/vendor/laravel/framework/src/Illuminate/Foundation/Http/Kernel.php(116): Illuminate\\Foundation\\Http\\Kernel->sendRequestThroughRouter(Object(Illuminate\\Http\\Request))
#49 /mnt/window/Users/Name/Documents/yure_2019/gitHub_projects/laravel-php-example/public/index.php(55): Illuminate\\Foundation\\Http\\Kernel->handle(Object(Illuminate\\Http\\Request))
#50 /mnt/window/Users/Name/Documents/yure_2019/gitHub_projects/laravel-php-example/server.php(21): require_once('/mnt/window/Use...')
#51 {main}

[previous exception] [object] (BadMethodCallException(code: 0): Call to undefined method App\\Post::image() at /mnt/window/Users/Name/Documents/yure_2019/gitHub_projects/laravel-php-example/vendor/laravel/framework/src/Illuminate/Support/Traits/ForwardsCalls.php:50)
[stacktrace]
#0 /mnt/window/Users/Name/Documents/yure_2019/gitHub_projects/laravel-php-example/vendor/laravel/framework/src/Illuminate/Support/Traits/ForwardsCalls.php(36): Illuminate\\Database\\Eloquent\\Model::throwBadMethodCallException('image')
#1 /mnt/window/Users/Name/Documents/yure_2019/gitHub_projects/laravel-php-example/vendor/laravel/framework/src/Illuminate/Database/Eloquent/Model.php(1618): Illuminate\\Database\\Eloquent\\Model->forwardCallTo(Object(Illuminate\\Database\\Eloquent\\Builder), 'image', Array)
#2 /mnt/window/Users/Name/Documents/yure_2019/gitHub_projects/laravel-php-example/storage/framework/views/a1e88753c3bef88c49570a5af314bff79d3a9dfa.php(3): Illuminate\\Database\\Eloquent\\Model->__call('image', Array)
#3 /mnt/window/Users/Name/Documents/yure_2019/gitHub_projects/laravel-php-example/vendor/laravel/framework/src/Illuminate/View/Engines/PhpEngine.php(43): include('/mnt/window/Use...')
#4 /mnt/window/Users/Name/Documents/yure_2019/gitHub_projects/laravel-php-example/vendor/laravel/framework/src/Illuminate/View/Engines/CompilerEngine.php(59): Illuminate\\View\\Engines\\PhpEngine->evaluatePath('/mnt/window/Use...', Array)
#5 /mnt/window/Users/Name/Documents/yure_2019/gitHub_projects/laravel-php-example/vendor/facade/ignition/src/Views/Engines/CompilerEngine.php(36): Illuminate\\View\\Engines\\CompilerEngine->get('/mnt/window/Use...', Array)
#6 /mnt/window/Users/Name/Documents/yure_2019/gitHub_projects/laravel-php-example/vendor/laravel/framework/src/Illuminate/View/View.php(143): Facade\\Ignition\\Views\\Engines\\CompilerEngine->get('/mnt/window/Use...', Array)
#7 /mnt/window/Users/Name/Documents/yure_2019/gitHub_projects/laravel-php-example/vendor/laravel/framework/src/Illuminate/View/View.php(126): Illuminate\\View\\View->getContents()
#8 /mnt/window/Users/Name/Documents/yure_2019/gitHub_projects/laravel-php-example/vendor/laravel/framework/src/Illuminate/View/View.php(91): Illuminate\\View\\View->renderContents()
#9 /mnt/window/Users/Name/Documents/yure_2019/gitHub_projects/laravel-php-example/vendor/laravel/framework/src/Illuminate/Http/Response.php(42): Illuminate\\View\\View->render()
#10 /mnt/window/Users/Name/Documents/yure_2019/gitHub_projects/laravel-php-example/vendor/symfony/http-foundation/Response.php(202): Illuminate\\Http\\Response->setContent(Object(Illuminate\\View\\View))
#11 /mnt/window/Users/Name/Documents/yure_2019/gitHub_projects/laravel-php-example/vendor/laravel/framework/src/Illuminate/Routing/Router.php(748): Symfony\\Component\\HttpFoundation\\Response->__construct(Object(Illuminate\\View\\View))
#12 /mnt/window/Users/Name/Documents/yure_2019/gitHub_projects/laravel-php-example/vendor/laravel/framework/src/Illuminate/Routing/Router.php(720): Illuminate\\Routing\\Router::toResponse(Object(Illuminate\\Http\\Request), Object(Illuminate\\View\\View))
#13 /mnt/window/Users/Name/Documents/yure_2019/gitHub_projects/laravel-php-example/vendor/laravel/framework/src/Illuminate/Routing/Router.php(680): Illuminate\\Routing\\Router->prepareResponse(Object(Illuminate\\Http\\Request), Object(Illuminate\\View\\View))
#14 /mnt/window/Users/Name/Documents/yure_2019/gitHub_projects/laravel-php-example/vendor/laravel/framework/src/Illuminate/Pipeline/Pipeline.php(130): Illuminate\\Routing\\Router->Illuminate\\Routing\\{closure}(Object(Illuminate\\Http\\Request))
#15 /mnt/window/Users/Name/Documents/yure_2019/gitHub_projects/laravel-php-example/vendor/laravel/framework/src/Illuminate/Routing/Middleware/SubstituteBindings.php(41): Illuminate\\Pipeline\\Pipeline->Illuminate\\Pipeline\\{closure}(Object(Illuminate\\Http\\Request))
#16 /mnt/window/Users/Name/Documents/yure_2019/gitHub_projects/laravel-php-example/vendor/laravel/framework/src/Illuminate/Pipeline/Pipeline.php(171): Illuminate\\Routing\\Middleware\\SubstituteBindings->handle(Object(Illuminate\\Http\\Request), Object(Closure))
#17 /mnt/window/Users/Name/Documents/yure_2019/gitHub_projects/laravel-php-example/vendor/laravel/framework/src/Illuminate/Auth/Middleware/Authenticate.php(43): Illuminate\\Pipeline\\Pipeline->Illuminate\\Pipeline\\{closure}(Object(Illuminate\\Http\\Request))
#18 /mnt/window/Users/Name/Documents/yure_2019/gitHub_projects/laravel-php-example/vendor/laravel/framework/src/Illuminate/Pipeline/Pipeline.php(171): Illuminate\\Auth\\Middleware\\Authenticate->handle(Object(Illuminate\\Http\\Request), Object(Closure))
#19 /mnt/window/Users/Name/Documents/yure_2019/gitHub_projects/laravel-php-example/vendor/laravel/framework/src/Illuminate/Foundation/Http/Middleware/VerifyCsrfToken.php(75): Illuminate\\Pipeline\\Pipeline->Illuminate\\Pipeline\\{closure}(Object(Illuminate\\Http\\Request))
#20 /mnt/window/Users/Name/Documents/yure_2019/gitHub_projects/laravel-php-example/vendor/laravel/framework/src/Illuminate/Pipeline/Pipeline.php(171): Illuminate\\Foundation\\Http\\Middleware\\VerifyCsrfToken->handle(Object(Illuminate\\Http\\Request), Object(Closure))
#21 /mnt/window/Users/Name/Documents/yure_2019/gitHub_projects/laravel-php-example/vendor/laravel/framework/src/Illuminate/View/Middleware/ShareErrorsFromSession.php(49): Illuminate\\Pipeline\\Pipeline->Illuminate\\Pipeline\\{closure}(Object(Illuminate\\Http\\Request))
#22 /mnt/window/Users/Name/Documents/yure_2019/gitHub_projects/laravel-php-example/vendor/laravel/framework/src/Illuminate/Pipeline/Pipeline.php(171): Illuminate\\View\\Middleware\\ShareErrorsFromSession->handle(Object(Illuminate\\Http\\Request), Object(Closure))
#23 /mnt/window/Users/Name/Documents/yure_2019/gitHub_projects/laravel-php-example/vendor/laravel/framework/src/Illuminate/Session/Middleware/StartSession.php(56): Illuminate\\Pipeline\\Pipeline->Illuminate\\Pipeline\\{closure}(Object(Illuminate\\Http\\Request))
#24 /mnt/window/Users/Name/Documents/yure_2019/gitHub_projects/laravel-php-example/vendor/laravel/framework/src/Illuminate/Pipeline/Pipeline.php(171): Illuminate\\Session\\Middleware\\StartSession->handle(Object(Illuminate\\Http\\Request), Object(Closure))
#25 /mnt/window/Users/Name/Documents/yure_2019/gitHub_projects/laravel-php-example/vendor/laravel/framework/src/Illuminate/Cookie/Middleware/AddQueuedCookiesToResponse.php(37): Illuminate\\Pipeline\\Pipeline->Illuminate\\Pipeline\\{closure}(Object(Illuminate\\Http\\Request))
#26 /mnt/window/Users/Name/Documents/yure_2019/gitHub_projects/laravel-php-example/vendor/laravel/framework/src/Illuminate/Pipeline/Pipeline.php(171): Illuminate\\Cookie\\Middleware\\AddQueuedCookiesToResponse->handle(Object(Illuminate\\Http\\Request), Object(Closure))
#27 /mnt/window/Users/Name/Documents/yure_2019/gitHub_projects/laravel-php-example/vendor/laravel/framework/src/Illuminate/Cookie/Middleware/EncryptCookies.php(66): Illuminate\\Pipeline\\Pipeline->Illuminate\\Pipeline\\{closure}(Object(Illuminate\\Http\\Request))
#28 /mnt/window/Users/Name/Documents/yure_2019/gitHub_projects/laravel-php-example/vendor/laravel/framework/src/Illuminate/Pipeline/Pipeline.php(171): Illuminate\\Cookie\\Middleware\\EncryptCookies->handle(Object(Illuminate\\Http\\Request), Object(Closure))
#29 /mnt/window/Users/Name/Documents/yure_2019/gitHub_projects/laravel-php-example/vendor/laravel/framework/src/Illuminate/Pipeline/Pipeline.php(105): Illuminate\\Pipeline\\Pipeline->Illuminate\\Pipeline\\{closure}(Object(Illuminate\\Http\\Request))
#30 /mnt/window/Users/Name/Documents/yure_2019/gitHub_projects/laravel-php-example/vendor/laravel/framework/src/Illuminate/Routing/Router.php(682): Illuminate\\Pipeline\\Pipeline->then(Object(Closure))
#31 /mnt/window/Users/Name/Documents/yure_2019/gitHub_projects/laravel-php-example/vendor/laravel/framework/src/Illuminate/Routing/Router.php(657): Illuminate\\Routing\\Router->runRouteWithinStack(Object(Illuminate\\Routing\\Route), Object(Illuminate\\Http\\Request))
#32 /mnt/window/Users/Name/Documents/yure_2019/gitHub_projects/laravel-php-example/vendor/laravel/framework/src/Illuminate/Routing/Router.php(623): Illuminate\\Routing\\Router->runRoute(Object(Illuminate\\Http\\Request), Object(Illuminate\\Routing\\Route))
#33 /mnt/window/Users/Name/Documents/yure_2019/gitHub_projects/laravel-php-example/vendor/laravel/framework/src/Illuminate/Routing/Router.php(612): Illuminate\\Routing\\Router->dispatchToRoute(Object(Illuminate\\Http\\Request))
#34 /mnt/window/Users/Name/Documents/yure_2019/gitHub_projects/laravel-php-example/vendor/laravel/framework/src/Illuminate/Foundation/Http/Kernel.php(176): Illuminate\\Routing\\Router->dispatch(Object(Illuminate\\Http\\Request))
#35 /mnt/window/Users/Name/Documents/yure_2019/gitHub_projects/laravel-php-example/vendor/laravel/framework/src/Illuminate/Pipeline/Pipeline.php(130): Illuminate\\Foundation\\Http\\Kernel->Illuminate\\Foundation\\Http\\{closure}(Object(Illuminate\\Http\\Request))
#36 /mnt/window/Users/Name/Documents/yure_2019/gitHub_projects/laravel-php-example/vendor/laravel/framework/src/Illuminate/Foundation/Http/Middleware/TransformsRequest.php(21): Illuminate\\Pipeline\\Pipeline->Illuminate\\Pipeline\\{closure}(Object(Illuminate\\Http\\Request))
#37 /mnt/window/Users/Name/Documents/yure_2019/gitHub_projects/laravel-php-example/vendor/laravel/framework/src/Illuminate/Pipeline/Pipeline.php(171): Illuminate\\Foundation\\Http\\Middleware\\TransformsRequest->handle(Object(Illuminate\\Http\\Request), Object(Closure))
#38 /mnt/window/Users/Name/Documents/yure_2019/gitHub_projects/laravel-php-example/vendor/laravel/framework/src/Illuminate/Foundation/Http/Middleware/TransformsRequest.php(21): Illuminate\\Pipeline\\Pipeline->Illuminate\\Pipeline\\{closure}(Object(Illuminate\\Http\\Request))
#39 /mnt/window/Users/Name/Documents/yure_2019/gitHub_projects/laravel-php-example/vendor/laravel/framework/src/Illuminate/Pipeline/Pipeline.php(171): Illuminate\\Foundation\\Http\\Middleware\\TransformsRequest->handle(Object(Illuminate\\Http\\Request), Object(Closure))
#40 /mnt/window/Users/Name/Documents/yure_2019/gitHub_projects/laravel-php-example/vendor/laravel/framework/src/Illuminate/Foundation/Http/Middleware/ValidatePostSize.php(27): Illuminate\\Pipeline\\Pipeline->Illuminate\\Pipeline\\{closure}(Object(Illuminate\\Http\\Request))
#41 /mnt/window/Users/Name/Documents/yure_2019/gitHub_projects/laravel-php-example/vendor/laravel/framework/src/Illuminate/Pipeline/Pipeline.php(171): Illuminate\\Foundation\\Http\\Middleware\\ValidatePostSize->handle(Object(Illuminate\\Http\\Request), Object(Closure))
#42 /mnt/window/Users/Name/Documents/yure_2019/gitHub_projects/laravel-php-example/vendor/laravel/framework/src/Illuminate/Foundation/Http/Middleware/CheckForMaintenanceMode.php(62): Illuminate\\Pipeline\\Pipeline->Illuminate\\Pipeline\\{closure}(Object(Illuminate\\Http\\Request))
#43 /mnt/window/Users/Name/Documents/yure_2019/gitHub_projects/laravel-php-example/vendor/laravel/framework/src/Illuminate/Pipeline/Pipeline.php(171): Illuminate\\Foundation\\Http\\Middleware\\CheckForMaintenanceMode->handle(Object(Illuminate\\Http\\Request), Object(Closure))
#44 /mnt/window/Users/Name/Documents/yure_2019/gitHub_projects/laravel-php-example/vendor/fideloper/proxy/src/TrustProxies.php(57): Illuminate\\Pipeline\\Pipeline->Illuminate\\Pipeline\\{closure}(Object(Illuminate\\Http\\Request))
#45 /mnt/window/Users/Name/Documents/yure_2019/gitHub_projects/laravel-php-example/vendor/laravel/framework/src/Illuminate/Pipeline/Pipeline.php(171): Fideloper\\Proxy\\TrustProxies->handle(Object(Illuminate\\Http\\Request), Object(Closure))
#46 /mnt/window/Users/Name/Documents/yure_2019/gitHub_projects/laravel-php-example/vendor/laravel/framework/src/Illuminate/Pipeline/Pipeline.php(105): Illuminate\\Pipeline\\Pipeline->Illuminate\\Pipeline\\{closure}(Object(Illuminate\\Http\\Request))
#47 /mnt/window/Users/Name/Documents/yure_2019/gitHub_projects/laravel-php-example/vendor/laravel/framework/src/Illuminate/Foundation/Http/Kernel.php(151): Illuminate\\Pipeline\\Pipeline->then(Object(Closure))
#48 /mnt/window/Users/Name/Documents/yure_2019/gitHub_projects/laravel-php-example/vendor/laravel/framework/src/Illuminate/Foundation/Http/Kernel.php(116): Illuminate\\Foundation\\Http\\Kernel->sendRequestThroughRouter(Object(Illuminate\\Http\\Request))
#49 /mnt/window/Users/Name/Documents/yure_2019/gitHub_projects/laravel-php-example/public/index.php(55): Illuminate\\Foundation\\Http\\Kernel->handle(Object(Illuminate\\Http\\Request))
#50 /mnt/window/Users/Name/Documents/yure_2019/gitHub_projects/laravel-php-example/server.php(21): require_once('/mnt/window/Use...')
#51 {main}
"} 
[2019-09-25 03:41:02] local.ERROR: Trying to get property 'title' of non-object (View: /mnt/window/Users/Name/Documents/yure_2019/gitHub_projects/laravel-php-example/resources/views/profiles/index.blade.php) {"userId":1,"exception":"[object] (Facade\\Ignition\\Exceptions\\ViewException(code: 0): Trying to get property 'title' of non-object (View: /mnt/window/Users/Name/Documents/yure_2019/gitHub_projects/laravel-php-example/resources/views/profiles/index.blade.php) at /mnt/window/Users/Name/Documents/yure_2019/gitHub_projects/laravel-php-example/resources/views/profiles/index.blade.php:19)
[stacktrace]
#0 /mnt/window/Users/Name/Documents/yure_2019/gitHub_projects/laravel-php-example/resources/views/profiles/index.blade.php(19): Illuminate\\Foundation\\Bootstrap\\HandleExceptions->handleError(8, 'Trying to get p...', '/mnt/window/Use...', 17, Array)
#1 /mnt/window/Users/Name/Documents/yure_2019/gitHub_projects/laravel-php-example/vendor/laravel/framework/src/Illuminate/View/Engines/PhpEngine.php(43): include('/mnt/window/Use...')
#2 /mnt/window/Users/Name/Documents/yure_2019/gitHub_projects/laravel-php-example/vendor/laravel/framework/src/Illuminate/View/Engines/CompilerEngine.php(59): Illuminate\\View\\Engines\\PhpEngine->evaluatePath('/mnt/window/Use...', Array)
#3 /mnt/window/Users/Name/Documents/yure_2019/gitHub_projects/laravel-php-example/vendor/facade/ignition/src/Views/Engines/CompilerEngine.php(36): Illuminate\\View\\Engines\\CompilerEngine->get('/mnt/window/Use...', Array)
#4 /mnt/window/Users/Name/Documents/yure_2019/gitHub_projects/laravel-php-example/vendor/laravel/framework/src/Illuminate/View/View.php(143): Facade\\Ignition\\Views\\Engines\\CompilerEngine->get('/mnt/window/Use...', Array)
#5 /mnt/window/Users/Name/Documents/yure_2019/gitHub_projects/laravel-php-example/vendor/laravel/framework/src/Illuminate/View/View.php(126): Illuminate\\View\\View->getContents()
#6 /mnt/window/Users/Name/Documents/yure_2019/gitHub_projects/laravel-php-example/vendor/laravel/framework/src/Illuminate/View/View.php(91): Illuminate\\View\\View->renderContents()
#7 /mnt/window/Users/Name/Documents/yure_2019/gitHub_projects/laravel-php-example/vendor/laravel/framework/src/Illuminate/Http/Response.php(42): Illuminate\\View\\View->render()
#8 /mnt/window/Users/Name/Documents/yure_2019/gitHub_projects/laravel-php-example/vendor/symfony/http-foundation/Response.php(202): Illuminate\\Http\\Response->setContent(Object(Illuminate\\View\\View))
#9 /mnt/window/Users/Name/Documents/yure_2019/gitHub_projects/laravel-php-example/vendor/laravel/framework/src/Illuminate/Routing/Router.php(748): Symfony\\Component\\HttpFoundation\\Response->__construct(Object(Illuminate\\View\\View))
#10 /mnt/window/Users/Name/Documents/yure_2019/gitHub_projects/laravel-php-example/vendor/laravel/framework/src/Illuminate/Routing/Router.php(720): Illuminate\\Routing\\Router::toResponse(Object(Illuminate\\Http\\Request), Object(Illuminate\\View\\View))
#11 /mnt/window/Users/Name/Documents/yure_2019/gitHub_projects/laravel-php-example/vendor/laravel/framework/src/Illuminate/Routing/Router.php(680): Illuminate\\Routing\\Router->prepareResponse(Object(Illuminate\\Http\\Request), Object(Illuminate\\View\\View))
#12 /mnt/window/Users/Name/Documents/yure_2019/gitHub_projects/laravel-php-example/vendor/laravel/framework/src/Illuminate/Pipeline/Pipeline.php(130): Illuminate\\Routing\\Router->Illuminate\\Routing\\{closure}(Object(Illuminate\\Http\\Request))
#13 /mnt/window/Users/Name/Documents/yure_2019/gitHub_projects/laravel-php-example/vendor/laravel/framework/src/Illuminate/Routing/Middleware/SubstituteBindings.php(41): Illuminate\\Pipeline\\Pipeline->Illuminate\\Pipeline\\{closure}(Object(Illuminate\\Http\\Request))
#14 /mnt/window/Users/Name/Documents/yure_2019/gitHub_projects/laravel-php-example/vendor/laravel/framework/src/Illuminate/Pipeline/Pipeline.php(171): Illuminate\\Routing\\Middleware\\SubstituteBindings->handle(Object(Illuminate\\Http\\Request), Object(Closure))
#15 /mnt/window/Users/Name/Documents/yure_2019/gitHub_projects/laravel-php-example/vendor/laravel/framework/src/Illuminate/Foundation/Http/Middleware/VerifyCsrfToken.php(75): Illuminate\\Pipeline\\Pipeline->Illuminate\\Pipeline\\{closure}(Object(Illuminate\\Http\\Request))
#16 /mnt/window/Users/Name/Documents/yure_2019/gitHub_projects/laravel-php-example/vendor/laravel/framework/src/Illuminate/Pipeline/Pipeline.php(171): Illuminate\\Foundation\\Http\\Middleware\\VerifyCsrfToken->handle(Object(Illuminate\\Http\\Request), Object(Closure))
#17 /mnt/window/Users/Name/Documents/yure_2019/gitHub_projects/laravel-php-example/vendor/laravel/framework/src/Illuminate/View/Middleware/ShareErrorsFromSession.php(49): Illuminate\\Pipeline\\Pipeline->Illuminate\\Pipeline\\{closure}(Object(Illuminate\\Http\\Request))
#18 /mnt/window/Users/Name/Documents/yure_2019/gitHub_projects/laravel-php-example/vendor/laravel/framework/src/Illuminate/Pipeline/Pipeline.php(171): Illuminate\\View\\Middleware\\ShareErrorsFromSession->handle(Object(Illuminate\\Http\\Request), Object(Closure))
#19 /mnt/window/Users/Name/Documents/yure_2019/gitHub_projects/laravel-php-example/vendor/laravel/framework/src/Illuminate/Session/Middleware/StartSession.php(56): Illuminate\\Pipeline\\Pipeline->Illuminate\\Pipeline\\{closure}(Object(Illuminate\\Http\\Request))
#20 /mnt/window/Users/Name/Documents/yure_2019/gitHub_projects/laravel-php-example/vendor/laravel/framework/src/Illuminate/Pipeline/Pipeline.php(171): Illuminate\\Session\\Middleware\\StartSession->handle(Object(Illuminate\\Http\\Request), Object(Closure))
#21 /mnt/window/Users/Name/Documents/yure_2019/gitHub_projects/laravel-php-example/vendor/laravel/framework/src/Illuminate/Cookie/Middleware/AddQueuedCookiesToResponse.php(37): Illuminate\\Pipeline\\Pipeline->Illuminate\\Pipeline\\{closure}(Object(Illuminate\\Http\\Request))
#22 /mnt/window/Users/Name/Documents/yure_2019/gitHub_projects/laravel-php-example/vendor/laravel/framework/src/Illuminate/Pipeline/Pipeline.php(171): Illuminate\\Cookie\\Middleware\\AddQueuedCookiesToResponse->handle(Object(Illuminate\\Http\\Request), Object(Closure))
#23 /mnt/window/Users/Name/Documents/yure_2019/gitHub_projects/laravel-php-example/vendor/laravel/framework/src/Illuminate/Cookie/Middleware/EncryptCookies.php(66): Illuminate\\Pipeline\\Pipeline->Illuminate\\Pipeline\\{closure}(Object(Illuminate\\Http\\Request))
#24 /mnt/window/Users/Name/Documents/yure_2019/gitHub_projects/laravel-php-example/vendor/laravel/framework/src/Illuminate/Pipeline/Pipeline.php(171): Illuminate\\Cookie\\Middleware\\EncryptCookies->handle(Object(Illuminate\\Http\\Request), Object(Closure))
#25 /mnt/window/Users/Name/Documents/yure_2019/gitHub_projects/laravel-php-example/vendor/laravel/framework/src/Illuminate/Pipeline/Pipeline.php(105): Illuminate\\Pipeline\\Pipeline->Illuminate\\Pipeline\\{closure}(Object(Illuminate\\Http\\Request))
#26 /mnt/window/Users/Name/Documents/yure_2019/gitHub_projects/laravel-php-example/vendor/laravel/framework/src/Illuminate/Routing/Router.php(682): Illuminate\\Pipeline\\Pipeline->then(Object(Closure))
#27 /mnt/window/Users/Name/Documents/yure_2019/gitHub_projects/laravel-php-example/vendor/laravel/framework/src/Illuminate/Routing/Router.php(657): Illuminate\\Routing\\Router->runRouteWithinStack(Object(Illuminate\\Routing\\Route), Object(Illuminate\\Http\\Request))
#28 /mnt/window/Users/Name/Documents/yure_2019/gitHub_projects/laravel-php-example/vendor/laravel/framework/src/Illuminate/Routing/Router.php(623): Illuminate\\Routing\\Router->runRoute(Object(Illuminate\\Http\\Request), Object(Illuminate\\Routing\\Route))
#29 /mnt/window/Users/Name/Documents/yure_2019/gitHub_projects/laravel-php-example/vendor/laravel/framework/src/Illuminate/Routing/Router.php(612): Illuminate\\Routing\\Router->dispatchToRoute(Object(Illuminate\\Http\\Request))
#30 /mnt/window/Users/Name/Documents/yure_2019/gitHub_projects/laravel-php-example/vendor/laravel/framework/src/Illuminate/Foundation/Http/Kernel.php(176): Illuminate\\Routing\\Router->dispatch(Object(Illuminate\\Http\\Request))
#31 /mnt/window/Users/Name/Documents/yure_2019/gitHub_projects/laravel-php-example/vendor/laravel/framework/src/Illuminate/Pipeline/Pipeline.php(130): Illuminate\\Foundation\\Http\\Kernel->Illuminate\\Foundation\\Http\\{closure}(Object(Illuminate\\Http\\Request))
#32 /mnt/window/Users/Name/Documents/yure_2019/gitHub_projects/laravel-php-example/vendor/laravel/framework/src/Illuminate/Foundation/Http/Middleware/TransformsRequest.php(21): Illuminate\\Pipeline\\Pipeline->Illuminate\\Pipeline\\{closure}(Object(Illuminate\\Http\\Request))
#33 /mnt/window/Users/Name/Documents/yure_2019/gitHub_projects/laravel-php-example/vendor/laravel/framework/src/Illuminate/Pipeline/Pipeline.php(171): Illuminate\\Foundation\\Http\\Middleware\\TransformsRequest->handle(Object(Illuminate\\Http\\Request), Object(Closure))
#34 /mnt/window/Users/Name/Documents/yure_2019/gitHub_projects/laravel-php-example/vendor/laravel/framework/src/Illuminate/Foundation/Http/Middleware/TransformsRequest.php(21): Illuminate\\Pipeline\\Pipeline->Illuminate\\Pipeline\\{closure}(Object(Illuminate\\Http\\Request))
#35 /mnt/window/Users/Name/Documents/yure_2019/gitHub_projects/laravel-php-example/vendor/laravel/framework/src/Illuminate/Pipeline/Pipeline.php(171): Illuminate\\Foundation\\Http\\Middleware\\TransformsRequest->handle(Object(Illuminate\\Http\\Request), Object(Closure))
#36 /mnt/window/Users/Name/Documents/yure_2019/gitHub_projects/laravel-php-example/vendor/laravel/framework/src/Illuminate/Foundation/Http/Middleware/ValidatePostSize.php(27): Illuminate\\Pipeline\\Pipeline->Illuminate\\Pipeline\\{closure}(Object(Illuminate\\Http\\Request))
#37 /mnt/window/Users/Name/Documents/yure_2019/gitHub_projects/laravel-php-example/vendor/laravel/framework/src/Illuminate/Pipeline/Pipeline.php(171): Illuminate\\Foundation\\Http\\Middleware\\ValidatePostSize->handle(Object(Illuminate\\Http\\Request), Object(Closure))
#38 /mnt/window/Users/Name/Documents/yure_2019/gitHub_projects/laravel-php-example/vendor/laravel/framework/src/Illuminate/Foundation/Http/Middleware/CheckForMaintenanceMode.php(62): Illuminate\\Pipeline\\Pipeline->Illuminate\\Pipeline\\{closure}(Object(Illuminate\\Http\\Request))
#39 /mnt/window/Users/Name/Documents/yure_2019/gitHub_projects/laravel-php-example/vendor/laravel/framework/src/Illuminate/Pipeline/Pipeline.php(171): Illuminate\\Foundation\\Http\\Middleware\\CheckForMaintenanceMode->handle(Object(Illuminate\\Http\\Request), Object(Closure))
#40 /mnt/window/Users/Name/Documents/yure_2019/gitHub_projects/laravel-php-example/vendor/fideloper/proxy/src/TrustProxies.php(57): Illuminate\\Pipeline\\Pipeline->Illuminate\\Pipeline\\{closure}(Object(Illuminate\\Http\\Request))
#41 /mnt/window/Users/Name/Documents/yure_2019/gitHub_projects/laravel-php-example/vendor/laravel/framework/src/Illuminate/Pipeline/Pipeline.php(171): Fideloper\\Proxy\\TrustProxies->handle(Object(Illuminate\\Http\\Request), Object(Closure))
#42 /mnt/window/Users/Name/Documents/yure_2019/gitHub_projects/laravel-php-example/vendor/laravel/framework/src/Illuminate/Pipeline/Pipeline.php(105): Illuminate\\Pipeline\\Pipeline->Illuminate\\Pipeline\\{closure}(Object(Illuminate\\Http\\Request))
#43 /mnt/window/Users/Name/Documents/yure_2019/gitHub_projects/laravel-php-example/vendor/laravel/framework/src/Illuminate/Foundation/Http/Kernel.php(151): Illuminate\\Pipeline\\Pipeline->then(Object(Closure))
#44 /mnt/window/Users/Name/Documents/yure_2019/gitHub_projects/laravel-php-example/vendor/laravel/framework/src/Illuminate/Foundation/Http/Kernel.php(116): Illuminate\\Foundation\\Http\\Kernel->sendRequestThroughRouter(Object(Illuminate\\Http\\Request))
#45 /mnt/window/Users/Name/Documents/yure_2019/gitHub_projects/laravel-php-example/public/index.php(55): Illuminate\\Foundation\\Http\\Kernel->handle(Object(Illuminate\\Http\\Request))
#46 /mnt/window/Users/Name/Documents/yure_2019/gitHub_projects/laravel-php-example/server.php(21): require_once('/mnt/window/Use...')
#47 {main}

[previous exception] [object] (ErrorException(code: 0): Trying to get property 'title' of non-object at /mnt/window/Users/Name/Documents/yure_2019/gitHub_projects/laravel-php-example/storage/framework/views/9fd139b13a6bf85a0cd2d756827c77485cdb5880.php:17)
[stacktrace]
#0 /mnt/window/Users/Name/Documents/yure_2019/gitHub_projects/laravel-php-example/storage/framework/views/9fd139b13a6bf85a0cd2d756827c77485cdb5880.php(17): Illuminate\\Foundation\\Bootstrap\\HandleExceptions->handleError(8, 'Trying to get p...', '/mnt/window/Use...', 17, Array)
#1 /mnt/window/Users/Name/Documents/yure_2019/gitHub_projects/laravel-php-example/vendor/laravel/framework/src/Illuminate/View/Engines/PhpEngine.php(43): include('/mnt/window/Use...')
#2 /mnt/window/Users/Name/Documents/yure_2019/gitHub_projects/laravel-php-example/vendor/laravel/framework/src/Illuminate/View/Engines/CompilerEngine.php(59): Illuminate\\View\\Engines\\PhpEngine->evaluatePath('/mnt/window/Use...', Array)
#3 /mnt/window/Users/Name/Documents/yure_2019/gitHub_projects/laravel-php-example/vendor/facade/ignition/src/Views/Engines/CompilerEngine.php(36): Illuminate\\View\\Engines\\CompilerEngine->get('/mnt/window/Use...', Array)
#4 /mnt/window/Users/Name/Documents/yure_2019/gitHub_projects/laravel-php-example/vendor/laravel/framework/src/Illuminate/View/View.php(143): Facade\\Ignition\\Views\\Engines\\CompilerEngine->get('/mnt/window/Use...', Array)
#5 /mnt/window/Users/Name/Documents/yure_2019/gitHub_projects/laravel-php-example/vendor/laravel/framework/src/Illuminate/View/View.php(126): Illuminate\\View\\View->getContents()
#6 /mnt/window/Users/Name/Documents/yure_2019/gitHub_projects/laravel-php-example/vendor/laravel/framework/src/Illuminate/View/View.php(91): Illuminate\\View\\View->renderContents()
#7 /mnt/window/Users/Name/Documents/yure_2019/gitHub_projects/laravel-php-example/vendor/laravel/framework/src/Illuminate/Http/Response.php(42): Illuminate\\View\\View->render()
#8 /mnt/window/Users/Name/Documents/yure_2019/gitHub_projects/laravel-php-example/vendor/symfony/http-foundation/Response.php(202): Illuminate\\Http\\Response->setContent(Object(Illuminate\\View\\View))
#9 /mnt/window/Users/Name/Documents/yure_2019/gitHub_projects/laravel-php-example/vendor/laravel/framework/src/Illuminate/Routing/Router.php(748): Symfony\\Component\\HttpFoundation\\Response->__construct(Object(Illuminate\\View\\View))
#10 /mnt/window/Users/Name/Documents/yure_2019/gitHub_projects/laravel-php-example/vendor/laravel/framework/src/Illuminate/Routing/Router.php(720): Illuminate\\Routing\\Router::toResponse(Object(Illuminate\\Http\\Request), Object(Illuminate\\View\\View))
#11 /mnt/window/Users/Name/Documents/yure_2019/gitHub_projects/laravel-php-example/vendor/laravel/framework/src/Illuminate/Routing/Router.php(680): Illuminate\\Routing\\Router->prepareResponse(Object(Illuminate\\Http\\Request), Object(Illuminate\\View\\View))
#12 /mnt/window/Users/Name/Documents/yure_2019/gitHub_projects/laravel-php-example/vendor/laravel/framework/src/Illuminate/Pipeline/Pipeline.php(130): Illuminate\\Routing\\Router->Illuminate\\Routing\\{closure}(Object(Illuminate\\Http\\Request))
#13 /mnt/window/Users/Name/Documents/yure_2019/gitHub_projects/laravel-php-example/vendor/laravel/framework/src/Illuminate/Routing/Middleware/SubstituteBindings.php(41): Illuminate\\Pipeline\\Pipeline->Illuminate\\Pipeline\\{closure}(Object(Illuminate\\Http\\Request))
#14 /mnt/window/Users/Name/Documents/yure_2019/gitHub_projects/laravel-php-example/vendor/laravel/framework/src/Illuminate/Pipeline/Pipeline.php(171): Illuminate\\Routing\\Middleware\\SubstituteBindings->handle(Object(Illuminate\\Http\\Request), Object(Closure))
#15 /mnt/window/Users/Name/Documents/yure_2019/gitHub_projects/laravel-php-example/vendor/laravel/framework/src/Illuminate/Foundation/Http/Middleware/VerifyCsrfToken.php(75): Illuminate\\Pipeline\\Pipeline->Illuminate\\Pipeline\\{closure}(Object(Illuminate\\Http\\Request))
#16 /mnt/window/Users/Name/Documents/yure_2019/gitHub_projects/laravel-php-example/vendor/laravel/framework/src/Illuminate/Pipeline/Pipeline.php(171): Illuminate\\Foundation\\Http\\Middleware\\VerifyCsrfToken->handle(Object(Illuminate\\Http\\Request), Object(Closure))
#17 /mnt/window/Users/Name/Documents/yure_2019/gitHub_projects/laravel-php-example/vendor/laravel/framework/src/Illuminate/View/Middleware/ShareErrorsFromSession.php(49): Illuminate\\Pipeline\\Pipeline->Illuminate\\Pipeline\\{closure}(Object(Illuminate\\Http\\Request))
#18 /mnt/window/Users/Name/Documents/yure_2019/gitHub_projects/laravel-php-example/vendor/laravel/framework/src/Illuminate/Pipeline/Pipeline.php(171): Illuminate\\View\\Middleware\\ShareErrorsFromSession->handle(Object(Illuminate\\Http\\Request), Object(Closure))
#19 /mnt/window/Users/Name/Documents/yure_2019/gitHub_projects/laravel-php-example/vendor/laravel/framework/src/Illuminate/Session/Middleware/StartSession.php(56): Illuminate\\Pipeline\\Pipeline->Illuminate\\Pipeline\\{closure}(Object(Illuminate\\Http\\Request))
#20 /mnt/window/Users/Name/Documents/yure_2019/gitHub_projects/laravel-php-example/vendor/laravel/framework/src/Illuminate/Pipeline/Pipeline.php(171): Illuminate\\Session\\Middleware\\StartSession->handle(Object(Illuminate\\Http\\Request), Object(Closure))
#21 /mnt/window/Users/Name/Documents/yure_2019/gitHub_projects/laravel-php-example/vendor/laravel/framework/src/Illuminate/Cookie/Middleware/AddQueuedCookiesToResponse.php(37): Illuminate\\Pipeline\\Pipeline->Illuminate\\Pipeline\\{closure}(Object(Illuminate\\Http\\Request))
#22 /mnt/window/Users/Name/Documents/yure_2019/gitHub_projects/laravel-php-example/vendor/laravel/framework/src/Illuminate/Pipeline/Pipeline.php(171): Illuminate\\Cookie\\Middleware\\AddQueuedCookiesToResponse->handle(Object(Illuminate\\Http\\Request), Object(Closure))
#23 /mnt/window/Users/Name/Documents/yure_2019/gitHub_projects/laravel-php-example/vendor/laravel/framework/src/Illuminate/Cookie/Middleware/EncryptCookies.php(66): Illuminate\\Pipeline\\Pipeline->Illuminate\\Pipeline\\{closure}(Object(Illuminate\\Http\\Request))
#24 /mnt/window/Users/Name/Documents/yure_2019/gitHub_projects/laravel-php-example/vendor/laravel/framework/src/Illuminate/Pipeline/Pipeline.php(171): Illuminate\\Cookie\\Middleware\\EncryptCookies->handle(Object(Illuminate\\Http\\Request), Object(Closure))
#25 /mnt/window/Users/Name/Documents/yure_2019/gitHub_projects/laravel-php-example/vendor/laravel/framework/src/Illuminate/Pipeline/Pipeline.php(105): Illuminate\\Pipeline\\Pipeline->Illuminate\\Pipeline\\{closure}(Object(Illuminate\\Http\\Request))
#26 /mnt/window/Users/Name/Documents/yure_2019/gitHub_projects/laravel-php-example/vendor/laravel/framework/src/Illuminate/Routing/Router.php(682): Illuminate\\Pipeline\\Pipeline->then(Object(Closure))
#27 /mnt/window/Users/Name/Documents/yure_2019/gitHub_projects/laravel-php-example/vendor/laravel/framework/src/Illuminate/Routing/Router.php(657): Illuminate\\Routing\\Router->runRouteWithinStack(Object(Illuminate\\Routing\\Route), Object(Illuminate\\Http\\Request))
#28 /mnt/window/Users/Name/Documents/yure_2019/gitHub_projects/laravel-php-example/vendor/laravel/framework/src/Illuminate/Routing/Router.php(623): Illuminate\\Routing\\Router->runRoute(Object(Illuminate\\Http\\Request), Object(Illuminate\\Routing\\Route))
#29 /mnt/window/Users/Name/Documents/yure_2019/gitHub_projects/laravel-php-example/vendor/laravel/framework/src/Illuminate/Routing/Router.php(612): Illuminate\\Routing\\Router->dispatchToRoute(Object(Illuminate\\Http\\Request))
#30 /mnt/window/Users/Name/Documents/yure_2019/gitHub_projects/laravel-php-example/vendor/laravel/framework/src/Illuminate/Foundation/Http/Kernel.php(176): Illuminate\\Routing\\Router->dispatch(Object(Illuminate\\Http\\Request))
#31 /mnt/window/Users/Name/Documents/yure_2019/gitHub_projects/laravel-php-example/vendor/laravel/framework/src/Illuminate/Pipeline/Pipeline.php(130): Illuminate\\Foundation\\Http\\Kernel->Illuminate\\Foundation\\Http\\{closure}(Object(Illuminate\\Http\\Request))
#32 /mnt/window/Users/Name/Documents/yure_2019/gitHub_projects/laravel-php-example/vendor/laravel/framework/src/Illuminate/Foundation/Http/Middleware/TransformsRequest.php(21): Illuminate\\Pipeline\\Pipeline->Illuminate\\Pipeline\\{closure}(Object(Illuminate\\Http\\Request))
#33 /mnt/window/Users/Name/Documents/yure_2019/gitHub_projects/laravel-php-example/vendor/laravel/framework/src/Illuminate/Pipeline/Pipeline.php(171): Illuminate\\Foundation\\Http\\Middleware\\TransformsRequest->handle(Object(Illuminate\\Http\\Request), Object(Closure))
#34 /mnt/window/Users/Name/Documents/yure_2019/gitHub_projects/laravel-php-example/vendor/laravel/framework/src/Illuminate/Foundation/Http/Middleware/TransformsRequest.php(21): Illuminate\\Pipeline\\Pipeline->Illuminate\\Pipeline\\{closure}(Object(Illuminate\\Http\\Request))
#35 /mnt/window/Users/Name/Documents/yure_2019/gitHub_projects/laravel-php-example/vendor/laravel/framework/src/Illuminate/Pipeline/Pipeline.php(171): Illuminate\\Foundation\\Http\\Middleware\\TransformsRequest->handle(Object(Illuminate\\Http\\Request), Object(Closure))
#36 /mnt/window/Users/Name/Documents/yure_2019/gitHub_projects/laravel-php-example/vendor/laravel/framework/src/Illuminate/Foundation/Http/Middleware/ValidatePostSize.php(27): Illuminate\\Pipeline\\Pipeline->Illuminate\\Pipeline\\{closure}(Object(Illuminate\\Http\\Request))
#37 /mnt/window/Users/Name/Documents/yure_2019/gitHub_projects/laravel-php-example/vendor/laravel/framework/src/Illuminate/Pipeline/Pipeline.php(171): Illuminate\\Foundation\\Http\\Middleware\\ValidatePostSize->handle(Object(Illuminate\\Http\\Request), Object(Closure))
#38 /mnt/window/Users/Name/Documents/yure_2019/gitHub_projects/laravel-php-example/vendor/laravel/framework/src/Illuminate/Foundation/Http/Middleware/CheckForMaintenanceMode.php(62): Illuminate\\Pipeline\\Pipeline->Illuminate\\Pipeline\\{closure}(Object(Illuminate\\Http\\Request))
#39 /mnt/window/Users/Name/Documents/yure_2019/gitHub_projects/laravel-php-example/vendor/laravel/framework/src/Illuminate/Pipeline/Pipeline.php(171): Illuminate\\Foundation\\Http\\Middleware\\CheckForMaintenanceMode->handle(Object(Illuminate\\Http\\Request), Object(Closure))
#40 /mnt/window/Users/Name/Documents/yure_2019/gitHub_projects/laravel-php-example/vendor/fideloper/proxy/src/TrustProxies.php(57): Illuminate\\Pipeline\\Pipeline->Illuminate\\Pipeline\\{closure}(Object(Illuminate\\Http\\Request))
#41 /mnt/window/Users/Name/Documents/yure_2019/gitHub_projects/laravel-php-example/vendor/laravel/framework/src/Illuminate/Pipeline/Pipeline.php(171): Fideloper\\Proxy\\TrustProxies->handle(Object(Illuminate\\Http\\Request), Object(Closure))
#42 /mnt/window/Users/Name/Documents/yure_2019/gitHub_projects/laravel-php-example/vendor/laravel/framework/src/Illuminate/Pipeline/Pipeline.php(105): Illuminate\\Pipeline\\Pipeline->Illuminate\\Pipeline\\{closure}(Object(Illuminate\\Http\\Request))
#43 /mnt/window/Users/Name/Documents/yure_2019/gitHub_projects/laravel-php-example/vendor/laravel/framework/src/Illuminate/Foundation/Http/Kernel.php(151): Illuminate\\Pipeline\\Pipeline->then(Object(Closure))
#44 /mnt/window/Users/Name/Documents/yure_2019/gitHub_projects/laravel-php-example/vendor/laravel/framework/src/Illuminate/Foundation/Http/Kernel.php(116): Illuminate\\Foundation\\Http\\Kernel->sendRequestThroughRouter(Object(Illuminate\\Http\\Request))
#45 /mnt/window/Users/Name/Documents/yure_2019/gitHub_projects/laravel-php-example/public/index.php(55): Illuminate\\Foundation\\Http\\Kernel->handle(Object(Illuminate\\Http\\Request))
#46 /mnt/window/Users/Name/Documents/yure_2019/gitHub_projects/laravel-php-example/server.php(21): require_once('/mnt/window/Use...')
#47 {main}
"} 
