[2019-09-19 17:47:50] local.ERROR: Command "migration" is not defined.

Did you mean one of these?
    make:migration
    migrate
    migrate:fresh
    migrate:install
    migrate:refresh
    migrate:reset
    migrate:rollback
    migrate:status {"exception":"[object] (Symfony\\Component\\Console\\Exception\\CommandNotFoundException(code: 0): Command \"migration\" is not defined.

Did you mean one of these?
    make:migration
    migrate
    migrate:fresh
    migrate:install
    migrate:refresh
    migrate:reset
    migrate:rollback
    migrate:status at /mnt/window/Users/Name/Documents/yure_2019/gitHub_projects/laravel-php-example/vendor/symfony/console/Application.php:646)
[stacktrace]
#0 /mnt/window/Users/Name/Documents/yure_2019/gitHub_projects/laravel-php-example/vendor/symfony/console/Application.php(236): Symfony\\Component\\Console\\Application->find('migration')
#1 /mnt/window/Users/Name/Documents/yure_2019/gitHub_projects/laravel-php-example/vendor/symfony/console/Application.php(148): Symfony\\Component\\Console\\Application->doRun(Object(Symfony\\Component\\Console\\Input\\ArgvInput), Object(Symfony\\Component\\Console\\Output\\ConsoleOutput))
#2 /mnt/window/Users/Name/Documents/yure_2019/gitHub_projects/laravel-php-example/vendor/laravel/framework/src/Illuminate/Console/Application.php(90): Symfony\\Component\\Console\\Application->run(Object(Symfony\\Component\\Console\\Input\\ArgvInput), Object(Symfony\\Component\\Console\\Output\\ConsoleOutput))
#3 /mnt/window/Users/Name/Documents/yure_2019/gitHub_projects/laravel-php-example/vendor/laravel/framework/src/Illuminate/Foundation/Console/Kernel.php(131): Illuminate\\Console\\Application->run(Object(Symfony\\Component\\Console\\Input\\ArgvInput), Object(Symfony\\Component\\Console\\Output\\ConsoleOutput))
#4 /mnt/window/Users/Name/Documents/yure_2019/gitHub_projects/laravel-php-example/artisan(37): Illuminate\\Foundation\\Console\\Kernel->handle(Object(Symfony\\Component\\Console\\Input\\ArgvInput), Object(Symfony\\Component\\Console\\Output\\ConsoleOutput))
#5 {main}
"} 
[2019-09-19 17:50:10] local.ERROR: could not find driver (SQL: PRAGMA foreign_keys = ON;) {"exception":"[object] (Illuminate\\Database\\QueryException(code: 0): could not find driver (SQL: PRAGMA foreign_keys = ON;) at /mnt/window/Users/Name/Documents/yure_2019/gitHub_projects/laravel-php-example/vendor/laravel/framework/src/Illuminate/Database/Connection.php:665)
[stacktrace]
#0 /mnt/window/Users/Name/Documents/yure_2019/gitHub_projects/laravel-php-example/vendor/laravel/framework/src/Illuminate/Database/Connection.php(625): Illuminate\\Database\\Connection->runQueryCallback('PRAGMA foreign_...', Array, Object(Closure))
#1 /mnt/window/Users/Name/Documents/yure_2019/gitHub_projects/laravel-php-example/vendor/laravel/framework/src/Illuminate/Database/Connection.php(460): Illuminate\\Database\\Connection->run('PRAGMA foreign_...', Array, Object(Closure))
#2 /mnt/window/Users/Name/Documents/yure_2019/gitHub_projects/laravel-php-example/vendor/laravel/framework/src/Illuminate/Database/Schema/Builder.php(266): Illuminate\\Database\\Connection->statement('PRAGMA foreign_...')
#3 /mnt/window/Users/Name/Documents/yure_2019/gitHub_projects/laravel-php-example/vendor/laravel/framework/src/Illuminate/Database/SQLiteConnection.php(33): Illuminate\\Database\\Schema\\Builder->enableForeignKeyConstraints()
#4 /mnt/window/Users/Name/Documents/yure_2019/gitHub_projects/laravel-php-example/vendor/laravel/framework/src/Illuminate/Database/Connectors/ConnectionFactory.php(278): Illuminate\\Database\\SQLiteConnection->__construct(Object(Closure), '/mnt/window/Use...', '', Array)
#5 /mnt/window/Users/Name/Documents/yure_2019/gitHub_projects/laravel-php-example/vendor/laravel/framework/src/Illuminate/Database/Connectors/ConnectionFactory.php(76): Illuminate\\Database\\Connectors\\ConnectionFactory->createConnection('sqlite', Object(Closure), '/mnt/window/Use...', '', Array)
#6 /mnt/window/Users/Name/Documents/yure_2019/gitHub_projects/laravel-php-example/vendor/laravel/framework/src/Illuminate/Database/Connectors/ConnectionFactory.php(50): Illuminate\\Database\\Connectors\\ConnectionFactory->createSingleConnection(Array)
#7 /mnt/window/Users/Name/Documents/yure_2019/gitHub_projects/laravel-php-example/vendor/laravel/framework/src/Illuminate/Database/DatabaseManager.php(131): Illuminate\\Database\\Connectors\\ConnectionFactory->make(Array, 'sqlite')
#8 /mnt/window/Users/Name/Documents/yure_2019/gitHub_projects/laravel-php-example/vendor/laravel/framework/src/Illuminate/Database/DatabaseManager.php(86): Illuminate\\Database\\DatabaseManager->makeConnection('sqlite')
#9 /mnt/window/Users/Name/Documents/yure_2019/gitHub_projects/laravel-php-example/vendor/laravel/framework/src/Illuminate/Database/Migrations/DatabaseMigrationRepository.php(199): Illuminate\\Database\\DatabaseManager->connection('sqlite')
#10 /mnt/window/Users/Name/Documents/yure_2019/gitHub_projects/laravel-php-example/vendor/laravel/framework/src/Illuminate/Database/Migrations/DatabaseMigrationRepository.php(167): Illuminate\\Database\\Migrations\\DatabaseMigrationRepository->getConnection()
#11 /mnt/window/Users/Name/Documents/yure_2019/gitHub_projects/laravel-php-example/vendor/laravel/framework/src/Illuminate/Database/Migrations/Migrator.php(585): Illuminate\\Database\\Migrations\\DatabaseMigrationRepository->repositoryExists()
#12 /mnt/window/Users/Name/Documents/yure_2019/gitHub_projects/laravel-php-example/vendor/laravel/framework/src/Illuminate/Database/Console/Migrations/MigrateCommand.php(91): Illuminate\\Database\\Migrations\\Migrator->repositoryExists()
#13 /mnt/window/Users/Name/Documents/yure_2019/gitHub_projects/laravel-php-example/vendor/laravel/framework/src/Illuminate/Database/Console/Migrations/MigrateCommand.php(63): Illuminate\\Database\\Console\\Migrations\\MigrateCommand->prepareDatabase()
#14 [internal function]: Illuminate\\Database\\Console\\Migrations\\MigrateCommand->handle()
#15 /mnt/window/Users/Name/Documents/yure_2019/gitHub_projects/laravel-php-example/vendor/laravel/framework/src/Illuminate/Container/BoundMethod.php(32): call_user_func_array(Array, Array)
#16 /mnt/window/Users/Name/Documents/yure_2019/gitHub_projects/laravel-php-example/vendor/laravel/framework/src/Illuminate/Container/BoundMethod.php(90): Illuminate\\Container\\BoundMethod::Illuminate\\Container\\{closure}()
#17 /mnt/window/Users/Name/Documents/yure_2019/gitHub_projects/laravel-php-example/vendor/laravel/framework/src/Illuminate/Container/BoundMethod.php(34): Illuminate\\Container\\BoundMethod::callBoundMethod(Object(Illuminate\\Foundation\\Application), Array, Object(Closure))
#18 /mnt/window/Users/Name/Documents/yure_2019/gitHub_projects/laravel-php-example/vendor/laravel/framework/src/Illuminate/Container/Container.php(591): Illuminate\\Container\\BoundMethod::call(Object(Illuminate\\Foundation\\Application), Array, Array, NULL)
#19 /mnt/window/Users/Name/Documents/yure_2019/gitHub_projects/laravel-php-example/vendor/laravel/framework/src/Illuminate/Console/Command.php(192): Illuminate\\Container\\Container->call(Array)
#20 /mnt/window/Users/Name/Documents/yure_2019/gitHub_projects/laravel-php-example/vendor/symfony/console/Command/Command.php(255): Illuminate\\Console\\Command->execute(Object(Symfony\\Component\\Console\\Input\\ArgvInput), Object(Illuminate\\Console\\OutputStyle))
#21 /mnt/window/Users/Name/Documents/yure_2019/gitHub_projects/laravel-php-example/vendor/laravel/framework/src/Illuminate/Console/Command.php(179): Symfony\\Component\\Console\\Command\\Command->run(Object(Symfony\\Component\\Console\\Input\\ArgvInput), Object(Illuminate\\Console\\OutputStyle))
#22 /mnt/window/Users/Name/Documents/yure_2019/gitHub_projects/laravel-php-example/vendor/symfony/console/Application.php(915): Illuminate\\Console\\Command->run(Object(Symfony\\Component\\Console\\Input\\ArgvInput), Object(Symfony\\Component\\Console\\Output\\ConsoleOutput))
#23 /mnt/window/Users/Name/Documents/yure_2019/gitHub_projects/laravel-php-example/vendor/symfony/console/Application.php(272): Symfony\\Component\\Console\\Application->doRunCommand(Object(Illuminate\\Database\\Console\\Migrations\\MigrateCommand), Object(Symfony\\Component\\Console\\Input\\ArgvInput), Object(Symfony\\Component\\Console\\Output\\ConsoleOutput))
#24 /mnt/window/Users/Name/Documents/yure_2019/gitHub_projects/laravel-php-example/vendor/symfony/console/Application.php(148): Symfony\\Component\\Console\\Application->doRun(Object(Symfony\\Component\\Console\\Input\\ArgvInput), Object(Symfony\\Component\\Console\\Output\\ConsoleOutput))
#25 /mnt/window/Users/Name/Documents/yure_2019/gitHub_projects/laravel-php-example/vendor/laravel/framework/src/Illuminate/Console/Application.php(90): Symfony\\Component\\Console\\Application->run(Object(Symfony\\Component\\Console\\Input\\ArgvInput), Object(Symfony\\Component\\Console\\Output\\ConsoleOutput))
#26 /mnt/window/Users/Name/Documents/yure_2019/gitHub_projects/laravel-php-example/vendor/laravel/framework/src/Illuminate/Foundation/Console/Kernel.php(131): Illuminate\\Console\\Application->run(Object(Symfony\\Component\\Console\\Input\\ArgvInput), Object(Symfony\\Component\\Console\\Output\\ConsoleOutput))
#27 /mnt/window/Users/Name/Documents/yure_2019/gitHub_projects/laravel-php-example/artisan(37): Illuminate\\Foundation\\Console\\Kernel->handle(Object(Symfony\\Component\\Console\\Input\\ArgvInput), Object(Symfony\\Component\\Console\\Output\\ConsoleOutput))
#28 {main}

[previous exception] [object] (PDOException(code: 0): could not find driver at /mnt/window/Users/Name/Documents/yure_2019/gitHub_projects/laravel-php-example/vendor/laravel/framework/src/Illuminate/Database/Connectors/Connector.php:70)
[stacktrace]
#0 /mnt/window/Users/Name/Documents/yure_2019/gitHub_projects/laravel-php-example/vendor/laravel/framework/src/Illuminate/Database/Connectors/Connector.php(70): PDO->__construct('sqlite:/mnt/win...', NULL, NULL, Array)
#1 /mnt/window/Users/Name/Documents/yure_2019/gitHub_projects/laravel-php-example/vendor/laravel/framework/src/Illuminate/Database/Connectors/Connector.php(46): Illuminate\\Database\\Connectors\\Connector->createPdoConnection('sqlite:/mnt/win...', NULL, NULL, Array)
#2 /mnt/window/Users/Name/Documents/yure_2019/gitHub_projects/laravel-php-example/vendor/laravel/framework/src/Illuminate/Database/Connectors/SQLiteConnector.php(37): Illuminate\\Database\\Connectors\\Connector->createConnection('sqlite:/mnt/win...', Array, Array)
#3 /mnt/window/Users/Name/Documents/yure_2019/gitHub_projects/laravel-php-example/vendor/laravel/framework/src/Illuminate/Database/Connectors/ConnectionFactory.php(218): Illuminate\\Database\\Connectors\\SQLiteConnector->connect(Array)
#4 [internal function]: Illuminate\\Database\\Connectors\\ConnectionFactory->Illuminate\\Database\\Connectors\\{closure}()
#5 /mnt/window/Users/Name/Documents/yure_2019/gitHub_projects/laravel-php-example/vendor/laravel/framework/src/Illuminate/Database/Connection.php(920): call_user_func(Object(Closure))
#6 /mnt/window/Users/Name/Documents/yure_2019/gitHub_projects/laravel-php-example/vendor/laravel/framework/src/Illuminate/Database/Connection.php(453): Illuminate\\Database\\Connection->getPdo()
#7 /mnt/window/Users/Name/Documents/yure_2019/gitHub_projects/laravel-php-example/vendor/laravel/framework/src/Illuminate/Database/Connection.php(658): Illuminate\\Database\\Connection->Illuminate\\Database\\{closure}('PRAGMA foreign_...', Array)
#8 /mnt/window/Users/Name/Documents/yure_2019/gitHub_projects/laravel-php-example/vendor/laravel/framework/src/Illuminate/Database/Connection.php(625): Illuminate\\Database\\Connection->runQueryCallback('PRAGMA foreign_...', Array, Object(Closure))
#9 /mnt/window/Users/Name/Documents/yure_2019/gitHub_projects/laravel-php-example/vendor/laravel/framework/src/Illuminate/Database/Connection.php(460): Illuminate\\Database\\Connection->run('PRAGMA foreign_...', Array, Object(Closure))
#10 /mnt/window/Users/Name/Documents/yure_2019/gitHub_projects/laravel-php-example/vendor/laravel/framework/src/Illuminate/Database/Schema/Builder.php(266): Illuminate\\Database\\Connection->statement('PRAGMA foreign_...')
#11 /mnt/window/Users/Name/Documents/yure_2019/gitHub_projects/laravel-php-example/vendor/laravel/framework/src/Illuminate/Database/SQLiteConnection.php(33): Illuminate\\Database\\Schema\\Builder->enableForeignKeyConstraints()
#12 /mnt/window/Users/Name/Documents/yure_2019/gitHub_projects/laravel-php-example/vendor/laravel/framework/src/Illuminate/Database/Connectors/ConnectionFactory.php(278): Illuminate\\Database\\SQLiteConnection->__construct(Object(Closure), '/mnt/window/Use...', '', Array)
#13 /mnt/window/Users/Name/Documents/yure_2019/gitHub_projects/laravel-php-example/vendor/laravel/framework/src/Illuminate/Database/Connectors/ConnectionFactory.php(76): Illuminate\\Database\\Connectors\\ConnectionFactory->createConnection('sqlite', Object(Closure), '/mnt/window/Use...', '', Array)
#14 /mnt/window/Users/Name/Documents/yure_2019/gitHub_projects/laravel-php-example/vendor/laravel/framework/src/Illuminate/Database/Connectors/ConnectionFactory.php(50): Illuminate\\Database\\Connectors\\ConnectionFactory->createSingleConnection(Array)
#15 /mnt/window/Users/Name/Documents/yure_2019/gitHub_projects/laravel-php-example/vendor/laravel/framework/src/Illuminate/Database/DatabaseManager.php(131): Illuminate\\Database\\Connectors\\ConnectionFactory->make(Array, 'sqlite')
#16 /mnt/window/Users/Name/Documents/yure_2019/gitHub_projects/laravel-php-example/vendor/laravel/framework/src/Illuminate/Database/DatabaseManager.php(86): Illuminate\\Database\\DatabaseManager->makeConnection('sqlite')
#17 /mnt/window/Users/Name/Documents/yure_2019/gitHub_projects/laravel-php-example/vendor/laravel/framework/src/Illuminate/Database/Migrations/DatabaseMigrationRepository.php(199): Illuminate\\Database\\DatabaseManager->connection('sqlite')
#18 /mnt/window/Users/Name/Documents/yure_2019/gitHub_projects/laravel-php-example/vendor/laravel/framework/src/Illuminate/Database/Migrations/DatabaseMigrationRepository.php(167): Illuminate\\Database\\Migrations\\DatabaseMigrationRepository->getConnection()
#19 /mnt/window/Users/Name/Documents/yure_2019/gitHub_projects/laravel-php-example/vendor/laravel/framework/src/Illuminate/Database/Migrations/Migrator.php(585): Illuminate\\Database\\Migrations\\DatabaseMigrationRepository->repositoryExists()
#20 /mnt/window/Users/Name/Documents/yure_2019/gitHub_projects/laravel-php-example/vendor/laravel/framework/src/Illuminate/Database/Console/Migrations/MigrateCommand.php(91): Illuminate\\Database\\Migrations\\Migrator->repositoryExists()
#21 /mnt/window/Users/Name/Documents/yure_2019/gitHub_projects/laravel-php-example/vendor/laravel/framework/src/Illuminate/Database/Console/Migrations/MigrateCommand.php(63): Illuminate\\Database\\Console\\Migrations\\MigrateCommand->prepareDatabase()
#22 [internal function]: Illuminate\\Database\\Console\\Migrations\\MigrateCommand->handle()
#23 /mnt/window/Users/Name/Documents/yure_2019/gitHub_projects/laravel-php-example/vendor/laravel/framework/src/Illuminate/Container/BoundMethod.php(32): call_user_func_array(Array, Array)
#24 /mnt/window/Users/Name/Documents/yure_2019/gitHub_projects/laravel-php-example/vendor/laravel/framework/src/Illuminate/Container/BoundMethod.php(90): Illuminate\\Container\\BoundMethod::Illuminate\\Container\\{closure}()
#25 /mnt/window/Users/Name/Documents/yure_2019/gitHub_projects/laravel-php-example/vendor/laravel/framework/src/Illuminate/Container/BoundMethod.php(34): Illuminate\\Container\\BoundMethod::callBoundMethod(Object(Illuminate\\Foundation\\Application), Array, Object(Closure))
#26 /mnt/window/Users/Name/Documents/yure_2019/gitHub_projects/laravel-php-example/vendor/laravel/framework/src/Illuminate/Container/Container.php(591): Illuminate\\Container\\BoundMethod::call(Object(Illuminate\\Foundation\\Application), Array, Array, NULL)
#27 /mnt/window/Users/Name/Documents/yure_2019/gitHub_projects/laravel-php-example/vendor/laravel/framework/src/Illuminate/Console/Command.php(192): Illuminate\\Container\\Container->call(Array)
#28 /mnt/window/Users/Name/Documents/yure_2019/gitHub_projects/laravel-php-example/vendor/symfony/console/Command/Command.php(255): Illuminate\\Console\\Command->execute(Object(Symfony\\Component\\Console\\Input\\ArgvInput), Object(Illuminate\\Console\\OutputStyle))
#29 /mnt/window/Users/Name/Documents/yure_2019/gitHub_projects/laravel-php-example/vendor/laravel/framework/src/Illuminate/Console/Command.php(179): Symfony\\Component\\Console\\Command\\Command->run(Object(Symfony\\Component\\Console\\Input\\ArgvInput), Object(Illuminate\\Console\\OutputStyle))
#30 /mnt/window/Users/Name/Documents/yure_2019/gitHub_projects/laravel-php-example/vendor/symfony/console/Application.php(915): Illuminate\\Console\\Command->run(Object(Symfony\\Component\\Console\\Input\\ArgvInput), Object(Symfony\\Component\\Console\\Output\\ConsoleOutput))
#31 /mnt/window/Users/Name/Documents/yure_2019/gitHub_projects/laravel-php-example/vendor/symfony/console/Application.php(272): Symfony\\Component\\Console\\Application->doRunCommand(Object(Illuminate\\Database\\Console\\Migrations\\MigrateCommand), Object(Symfony\\Component\\Console\\Input\\ArgvInput), Object(Symfony\\Component\\Console\\Output\\ConsoleOutput))
#32 /mnt/window/Users/Name/Documents/yure_2019/gitHub_projects/laravel-php-example/vendor/symfony/console/Application.php(148): Symfony\\Component\\Console\\Application->doRun(Object(Symfony\\Component\\Console\\Input\\ArgvInput), Object(Symfony\\Component\\Console\\Output\\ConsoleOutput))
#33 /mnt/window/Users/Name/Documents/yure_2019/gitHub_projects/laravel-php-example/vendor/laravel/framework/src/Illuminate/Console/Application.php(90): Symfony\\Component\\Console\\Application->run(Object(Symfony\\Component\\Console\\Input\\ArgvInput), Object(Symfony\\Component\\Console\\Output\\ConsoleOutput))
#34 /mnt/window/Users/Name/Documents/yure_2019/gitHub_projects/laravel-php-example/vendor/laravel/framework/src/Illuminate/Foundation/Console/Kernel.php(131): Illuminate\\Console\\Application->run(Object(Symfony\\Component\\Console\\Input\\ArgvInput), Object(Symfony\\Component\\Console\\Output\\ConsoleOutput))
#35 /mnt/window/Users/Name/Documents/yure_2019/gitHub_projects/laravel-php-example/artisan(37): Illuminate\\Foundation\\Console\\Kernel->handle(Object(Symfony\\Component\\Console\\Input\\ArgvInput), Object(Symfony\\Component\\Console\\Output\\ConsoleOutput))
#36 {main}
"} 
[2019-09-19 18:03:46] local.ERROR: could not find driver (SQL: PRAGMA foreign_keys = ON;) {"exception":"[object] (Illuminate\\Database\\QueryException(code: 0): could not find driver (SQL: PRAGMA foreign_keys = ON;) at /mnt/window/Users/Name/Documents/yure_2019/gitHub_projects/laravel-php-example/vendor/laravel/framework/src/Illuminate/Database/Connection.php:665)
[stacktrace]
#0 /mnt/window/Users/Name/Documents/yure_2019/gitHub_projects/laravel-php-example/vendor/laravel/framework/src/Illuminate/Database/Connection.php(625): Illuminate\\Database\\Connection->runQueryCallback('PRAGMA foreign_...', Array, Object(Closure))
#1 /mnt/window/Users/Name/Documents/yure_2019/gitHub_projects/laravel-php-example/vendor/laravel/framework/src/Illuminate/Database/Connection.php(460): Illuminate\\Database\\Connection->run('PRAGMA foreign_...', Array, Object(Closure))
#2 /mnt/window/Users/Name/Documents/yure_2019/gitHub_projects/laravel-php-example/vendor/laravel/framework/src/Illuminate/Database/Schema/Builder.php(266): Illuminate\\Database\\Connection->statement('PRAGMA foreign_...')
#3 /mnt/window/Users/Name/Documents/yure_2019/gitHub_projects/laravel-php-example/vendor/laravel/framework/src/Illuminate/Database/SQLiteConnection.php(33): Illuminate\\Database\\Schema\\Builder->enableForeignKeyConstraints()
#4 /mnt/window/Users/Name/Documents/yure_2019/gitHub_projects/laravel-php-example/vendor/laravel/framework/src/Illuminate/Database/Connectors/ConnectionFactory.php(278): Illuminate\\Database\\SQLiteConnection->__construct(Object(Closure), '/mnt/window/Use...', '', Array)
#5 /mnt/window/Users/Name/Documents/yure_2019/gitHub_projects/laravel-php-example/vendor/laravel/framework/src/Illuminate/Database/Connectors/ConnectionFactory.php(76): Illuminate\\Database\\Connectors\\ConnectionFactory->createConnection('sqlite', Object(Closure), '/mnt/window/Use...', '', Array)
#6 /mnt/window/Users/Name/Documents/yure_2019/gitHub_projects/laravel-php-example/vendor/laravel/framework/src/Illuminate/Database/Connectors/ConnectionFactory.php(50): Illuminate\\Database\\Connectors\\ConnectionFactory->createSingleConnection(Array)
#7 /mnt/window/Users/Name/Documents/yure_2019/gitHub_projects/laravel-php-example/vendor/laravel/framework/src/Illuminate/Database/DatabaseManager.php(131): Illuminate\\Database\\Connectors\\ConnectionFactory->make(Array, 'sqlite')
#8 /mnt/window/Users/Name/Documents/yure_2019/gitHub_projects/laravel-php-example/vendor/laravel/framework/src/Illuminate/Database/DatabaseManager.php(86): Illuminate\\Database\\DatabaseManager->makeConnection('sqlite')
#9 /mnt/window/Users/Name/Documents/yure_2019/gitHub_projects/laravel-php-example/vendor/laravel/framework/src/Illuminate/Database/Migrations/DatabaseMigrationRepository.php(199): Illuminate\\Database\\DatabaseManager->connection('sqlite')
#10 /mnt/window/Users/Name/Documents/yure_2019/gitHub_projects/laravel-php-example/vendor/laravel/framework/src/Illuminate/Database/Migrations/DatabaseMigrationRepository.php(167): Illuminate\\Database\\Migrations\\DatabaseMigrationRepository->getConnection()
#11 /mnt/window/Users/Name/Documents/yure_2019/gitHub_projects/laravel-php-example/vendor/laravel/framework/src/Illuminate/Database/Migrations/Migrator.php(585): Illuminate\\Database\\Migrations\\DatabaseMigrationRepository->repositoryExists()
#12 /mnt/window/Users/Name/Documents/yure_2019/gitHub_projects/laravel-php-example/vendor/laravel/framework/src/Illuminate/Database/Console/Migrations/MigrateCommand.php(91): Illuminate\\Database\\Migrations\\Migrator->repositoryExists()
#13 /mnt/window/Users/Name/Documents/yure_2019/gitHub_projects/laravel-php-example/vendor/laravel/framework/src/Illuminate/Database/Console/Migrations/MigrateCommand.php(63): Illuminate\\Database\\Console\\Migrations\\MigrateCommand->prepareDatabase()
#14 [internal function]: Illuminate\\Database\\Console\\Migrations\\MigrateCommand->handle()
#15 /mnt/window/Users/Name/Documents/yure_2019/gitHub_projects/laravel-php-example/vendor/laravel/framework/src/Illuminate/Container/BoundMethod.php(32): call_user_func_array(Array, Array)
#16 /mnt/window/Users/Name/Documents/yure_2019/gitHub_projects/laravel-php-example/vendor/laravel/framework/src/Illuminate/Container/BoundMethod.php(90): Illuminate\\Container\\BoundMethod::Illuminate\\Container\\{closure}()
#17 /mnt/window/Users/Name/Documents/yure_2019/gitHub_projects/laravel-php-example/vendor/laravel/framework/src/Illuminate/Container/BoundMethod.php(34): Illuminate\\Container\\BoundMethod::callBoundMethod(Object(Illuminate\\Foundation\\Application), Array, Object(Closure))
#18 /mnt/window/Users/Name/Documents/yure_2019/gitHub_projects/laravel-php-example/vendor/laravel/framework/src/Illuminate/Container/Container.php(591): Illuminate\\Container\\BoundMethod::call(Object(Illuminate\\Foundation\\Application), Array, Array, NULL)
#19 /mnt/window/Users/Name/Documents/yure_2019/gitHub_projects/laravel-php-example/vendor/laravel/framework/src/Illuminate/Console/Command.php(192): Illuminate\\Container\\Container->call(Array)
#20 /mnt/window/Users/Name/Documents/yure_2019/gitHub_projects/laravel-php-example/vendor/symfony/console/Command/Command.php(255): Illuminate\\Console\\Command->execute(Object(Symfony\\Component\\Console\\Input\\ArgvInput), Object(Illuminate\\Console\\OutputStyle))
#21 /mnt/window/Users/Name/Documents/yure_2019/gitHub_projects/laravel-php-example/vendor/laravel/framework/src/Illuminate/Console/Command.php(179): Symfony\\Component\\Console\\Command\\Command->run(Object(Symfony\\Component\\Console\\Input\\ArgvInput), Object(Illuminate\\Console\\OutputStyle))
#22 /mnt/window/Users/Name/Documents/yure_2019/gitHub_projects/laravel-php-example/vendor/symfony/console/Application.php(915): Illuminate\\Console\\Command->run(Object(Symfony\\Component\\Console\\Input\\ArgvInput), Object(Symfony\\Component\\Console\\Output\\ConsoleOutput))
#23 /mnt/window/Users/Name/Documents/yure_2019/gitHub_projects/laravel-php-example/vendor/symfony/console/Application.php(272): Symfony\\Component\\Console\\Application->doRunCommand(Object(Illuminate\\Database\\Console\\Migrations\\MigrateCommand), Object(Symfony\\Component\\Console\\Input\\ArgvInput), Object(Symfony\\Component\\Console\\Output\\ConsoleOutput))
#24 /mnt/window/Users/Name/Documents/yure_2019/gitHub_projects/laravel-php-example/vendor/symfony/console/Application.php(148): Symfony\\Component\\Console\\Application->doRun(Object(Symfony\\Component\\Console\\Input\\ArgvInput), Object(Symfony\\Component\\Console\\Output\\ConsoleOutput))
#25 /mnt/window/Users/Name/Documents/yure_2019/gitHub_projects/laravel-php-example/vendor/laravel/framework/src/Illuminate/Console/Application.php(90): Symfony\\Component\\Console\\Application->run(Object(Symfony\\Component\\Console\\Input\\ArgvInput), Object(Symfony\\Component\\Console\\Output\\ConsoleOutput))
#26 /mnt/window/Users/Name/Documents/yure_2019/gitHub_projects/laravel-php-example/vendor/laravel/framework/src/Illuminate/Foundation/Console/Kernel.php(131): Illuminate\\Console\\Application->run(Object(Symfony\\Component\\Console\\Input\\ArgvInput), Object(Symfony\\Component\\Console\\Output\\ConsoleOutput))
#27 /mnt/window/Users/Name/Documents/yure_2019/gitHub_projects/laravel-php-example/artisan(37): Illuminate\\Foundation\\Console\\Kernel->handle(Object(Symfony\\Component\\Console\\Input\\ArgvInput), Object(Symfony\\Component\\Console\\Output\\ConsoleOutput))
#28 {main}

[previous exception] [object] (PDOException(code: 0): could not find driver at /mnt/window/Users/Name/Documents/yure_2019/gitHub_projects/laravel-php-example/vendor/laravel/framework/src/Illuminate/Database/Connectors/Connector.php:70)
[stacktrace]
#0 /mnt/window/Users/Name/Documents/yure_2019/gitHub_projects/laravel-php-example/vendor/laravel/framework/src/Illuminate/Database/Connectors/Connector.php(70): PDO->__construct('sqlite:/mnt/win...', NULL, NULL, Array)
#1 /mnt/window/Users/Name/Documents/yure_2019/gitHub_projects/laravel-php-example/vendor/laravel/framework/src/Illuminate/Database/Connectors/Connector.php(46): Illuminate\\Database\\Connectors\\Connector->createPdoConnection('sqlite:/mnt/win...', NULL, NULL, Array)
#2 /mnt/window/Users/Name/Documents/yure_2019/gitHub_projects/laravel-php-example/vendor/laravel/framework/src/Illuminate/Database/Connectors/SQLiteConnector.php(37): Illuminate\\Database\\Connectors\\Connector->createConnection('sqlite:/mnt/win...', Array, Array)
#3 /mnt/window/Users/Name/Documents/yure_2019/gitHub_projects/laravel-php-example/vendor/laravel/framework/src/Illuminate/Database/Connectors/ConnectionFactory.php(218): Illuminate\\Database\\Connectors\\SQLiteConnector->connect(Array)
#4 [internal function]: Illuminate\\Database\\Connectors\\ConnectionFactory->Illuminate\\Database\\Connectors\\{closure}()
#5 /mnt/window/Users/Name/Documents/yure_2019/gitHub_projects/laravel-php-example/vendor/laravel/framework/src/Illuminate/Database/Connection.php(920): call_user_func(Object(Closure))
#6 /mnt/window/Users/Name/Documents/yure_2019/gitHub_projects/laravel-php-example/vendor/laravel/framework/src/Illuminate/Database/Connection.php(453): Illuminate\\Database\\Connection->getPdo()
#7 /mnt/window/Users/Name/Documents/yure_2019/gitHub_projects/laravel-php-example/vendor/laravel/framework/src/Illuminate/Database/Connection.php(658): Illuminate\\Database\\Connection->Illuminate\\Database\\{closure}('PRAGMA foreign_...', Array)
#8 /mnt/window/Users/Name/Documents/yure_2019/gitHub_projects/laravel-php-example/vendor/laravel/framework/src/Illuminate/Database/Connection.php(625): Illuminate\\Database\\Connection->runQueryCallback('PRAGMA foreign_...', Array, Object(Closure))
#9 /mnt/window/Users/Name/Documents/yure_2019/gitHub_projects/laravel-php-example/vendor/laravel/framework/src/Illuminate/Database/Connection.php(460): Illuminate\\Database\\Connection->run('PRAGMA foreign_...', Array, Object(Closure))
#10 /mnt/window/Users/Name/Documents/yure_2019/gitHub_projects/laravel-php-example/vendor/laravel/framework/src/Illuminate/Database/Schema/Builder.php(266): Illuminate\\Database\\Connection->statement('PRAGMA foreign_...')
#11 /mnt/window/Users/Name/Documents/yure_2019/gitHub_projects/laravel-php-example/vendor/laravel/framework/src/Illuminate/Database/SQLiteConnection.php(33): Illuminate\\Database\\Schema\\Builder->enableForeignKeyConstraints()
#12 /mnt/window/Users/Name/Documents/yure_2019/gitHub_projects/laravel-php-example/vendor/laravel/framework/src/Illuminate/Database/Connectors/ConnectionFactory.php(278): Illuminate\\Database\\SQLiteConnection->__construct(Object(Closure), '/mnt/window/Use...', '', Array)
#13 /mnt/window/Users/Name/Documents/yure_2019/gitHub_projects/laravel-php-example/vendor/laravel/framework/src/Illuminate/Database/Connectors/ConnectionFactory.php(76): Illuminate\\Database\\Connectors\\ConnectionFactory->createConnection('sqlite', Object(Closure), '/mnt/window/Use...', '', Array)
#14 /mnt/window/Users/Name/Documents/yure_2019/gitHub_projects/laravel-php-example/vendor/laravel/framework/src/Illuminate/Database/Connectors/ConnectionFactory.php(50): Illuminate\\Database\\Connectors\\ConnectionFactory->createSingleConnection(Array)
#15 /mnt/window/Users/Name/Documents/yure_2019/gitHub_projects/laravel-php-example/vendor/laravel/framework/src/Illuminate/Database/DatabaseManager.php(131): Illuminate\\Database\\Connectors\\ConnectionFactory->make(Array, 'sqlite')
#16 /mnt/window/Users/Name/Documents/yure_2019/gitHub_projects/laravel-php-example/vendor/laravel/framework/src/Illuminate/Database/DatabaseManager.php(86): Illuminate\\Database\\DatabaseManager->makeConnection('sqlite')
#17 /mnt/window/Users/Name/Documents/yure_2019/gitHub_projects/laravel-php-example/vendor/laravel/framework/src/Illuminate/Database/Migrations/DatabaseMigrationRepository.php(199): Illuminate\\Database\\DatabaseManager->connection('sqlite')
#18 /mnt/window/Users/Name/Documents/yure_2019/gitHub_projects/laravel-php-example/vendor/laravel/framework/src/Illuminate/Database/Migrations/DatabaseMigrationRepository.php(167): Illuminate\\Database\\Migrations\\DatabaseMigrationRepository->getConnection()
#19 /mnt/window/Users/Name/Documents/yure_2019/gitHub_projects/laravel-php-example/vendor/laravel/framework/src/Illuminate/Database/Migrations/Migrator.php(585): Illuminate\\Database\\Migrations\\DatabaseMigrationRepository->repositoryExists()
#20 /mnt/window/Users/Name/Documents/yure_2019/gitHub_projects/laravel-php-example/vendor/laravel/framework/src/Illuminate/Database/Console/Migrations/MigrateCommand.php(91): Illuminate\\Database\\Migrations\\Migrator->repositoryExists()
#21 /mnt/window/Users/Name/Documents/yure_2019/gitHub_projects/laravel-php-example/vendor/laravel/framework/src/Illuminate/Database/Console/Migrations/MigrateCommand.php(63): Illuminate\\Database\\Console\\Migrations\\MigrateCommand->prepareDatabase()
#22 [internal function]: Illuminate\\Database\\Console\\Migrations\\MigrateCommand->handle()
#23 /mnt/window/Users/Name/Documents/yure_2019/gitHub_projects/laravel-php-example/vendor/laravel/framework/src/Illuminate/Container/BoundMethod.php(32): call_user_func_array(Array, Array)
#24 /mnt/window/Users/Name/Documents/yure_2019/gitHub_projects/laravel-php-example/vendor/laravel/framework/src/Illuminate/Container/BoundMethod.php(90): Illuminate\\Container\\BoundMethod::Illuminate\\Container\\{closure}()
#25 /mnt/window/Users/Name/Documents/yure_2019/gitHub_projects/laravel-php-example/vendor/laravel/framework/src/Illuminate/Container/BoundMethod.php(34): Illuminate\\Container\\BoundMethod::callBoundMethod(Object(Illuminate\\Foundation\\Application), Array, Object(Closure))
#26 /mnt/window/Users/Name/Documents/yure_2019/gitHub_projects/laravel-php-example/vendor/laravel/framework/src/Illuminate/Container/Container.php(591): Illuminate\\Container\\BoundMethod::call(Object(Illuminate\\Foundation\\Application), Array, Array, NULL)
#27 /mnt/window/Users/Name/Documents/yure_2019/gitHub_projects/laravel-php-example/vendor/laravel/framework/src/Illuminate/Console/Command.php(192): Illuminate\\Container\\Container->call(Array)
#28 /mnt/window/Users/Name/Documents/yure_2019/gitHub_projects/laravel-php-example/vendor/symfony/console/Command/Command.php(255): Illuminate\\Console\\Command->execute(Object(Symfony\\Component\\Console\\Input\\ArgvInput), Object(Illuminate\\Console\\OutputStyle))
#29 /mnt/window/Users/Name/Documents/yure_2019/gitHub_projects/laravel-php-example/vendor/laravel/framework/src/Illuminate/Console/Command.php(179): Symfony\\Component\\Console\\Command\\Command->run(Object(Symfony\\Component\\Console\\Input\\ArgvInput), Object(Illuminate\\Console\\OutputStyle))
#30 /mnt/window/Users/Name/Documents/yure_2019/gitHub_projects/laravel-php-example/vendor/symfony/console/Application.php(915): Illuminate\\Console\\Command->run(Object(Symfony\\Component\\Console\\Input\\ArgvInput), Object(Symfony\\Component\\Console\\Output\\ConsoleOutput))
#31 /mnt/window/Users/Name/Documents/yure_2019/gitHub_projects/laravel-php-example/vendor/symfony/console/Application.php(272): Symfony\\Component\\Console\\Application->doRunCommand(Object(Illuminate\\Database\\Console\\Migrations\\MigrateCommand), Object(Symfony\\Component\\Console\\Input\\ArgvInput), Object(Symfony\\Component\\Console\\Output\\ConsoleOutput))
#32 /mnt/window/Users/Name/Documents/yure_2019/gitHub_projects/laravel-php-example/vendor/symfony/console/Application.php(148): Symfony\\Component\\Console\\Application->doRun(Object(Symfony\\Component\\Console\\Input\\ArgvInput), Object(Symfony\\Component\\Console\\Output\\ConsoleOutput))
#33 /mnt/window/Users/Name/Documents/yure_2019/gitHub_projects/laravel-php-example/vendor/laravel/framework/src/Illuminate/Console/Application.php(90): Symfony\\Component\\Console\\Application->run(Object(Symfony\\Component\\Console\\Input\\ArgvInput), Object(Symfony\\Component\\Console\\Output\\ConsoleOutput))
#34 /mnt/window/Users/Name/Documents/yure_2019/gitHub_projects/laravel-php-example/vendor/laravel/framework/src/Illuminate/Foundation/Console/Kernel.php(131): Illuminate\\Console\\Application->run(Object(Symfony\\Component\\Console\\Input\\ArgvInput), Object(Symfony\\Component\\Console\\Output\\ConsoleOutput))
#35 /mnt/window/Users/Name/Documents/yure_2019/gitHub_projects/laravel-php-example/artisan(37): Illuminate\\Foundation\\Console\\Kernel->handle(Object(Symfony\\Component\\Console\\Input\\ArgvInput), Object(Symfony\\Component\\Console\\Output\\ConsoleOutput))
#36 {main}
"} 
[2019-09-19 19:57:21] local.ERROR: could not find driver (SQL: select count(*) as aggregate from `users` where `email` = ami@gmail.com) {"exception":"[object] (Illuminate\\Database\\QueryException(code: 0): could not find driver (SQL: select count(*) as aggregate from `users` where `email` = ami@gmail.com) at /mnt/window/Users/Name/Documents/yure_2019/gitHub_projects/laravel-php-example/vendor/laravel/framework/src/Illuminate/Database/Connection.php:665)
[stacktrace]
#0 /mnt/window/Users/Name/Documents/yure_2019/gitHub_projects/laravel-php-example/vendor/laravel/framework/src/Illuminate/Database/Connection.php(625): Illuminate\\Database\\Connection->runQueryCallback('select count(*)...', Array, Object(Closure))
#1 /mnt/window/Users/Name/Documents/yure_2019/gitHub_projects/laravel-php-example/vendor/laravel/framework/src/Illuminate/Database/Connection.php(334): Illuminate\\Database\\Connection->run('select count(*)...', Array, Object(Closure))
#2 /mnt/window/Users/Name/Documents/yure_2019/gitHub_projects/laravel-php-example/vendor/laravel/framework/src/Illuminate/Database/Query/Builder.php(2140): Illuminate\\Database\\Connection->select('select count(*)...', Array, false)
#3 /mnt/window/Users/Name/Documents/yure_2019/gitHub_projects/laravel-php-example/vendor/laravel/framework/src/Illuminate/Database/Query/Builder.php(2128): Illuminate\\Database\\Query\\Builder->runSelect()
#4 /mnt/window/Users/Name/Documents/yure_2019/gitHub_projects/laravel-php-example/vendor/laravel/framework/src/Illuminate/Database/Query/Builder.php(2572): Illuminate\\Database\\Query\\Builder->Illuminate\\Database\\Query\\{closure}()
#5 /mnt/window/Users/Name/Documents/yure_2019/gitHub_projects/laravel-php-example/vendor/laravel/framework/src/Illuminate/Database/Query/Builder.php(2129): Illuminate\\Database\\Query\\Builder->onceWithColumns(Array, Object(Closure))
#6 /mnt/window/Users/Name/Documents/yure_2019/gitHub_projects/laravel-php-example/vendor/laravel/framework/src/Illuminate/Database/Query/Builder.php(2499): Illuminate\\Database\\Query\\Builder->get(Array)
#7 /mnt/window/Users/Name/Documents/yure_2019/gitHub_projects/laravel-php-example/vendor/laravel/framework/src/Illuminate/Database/Query/Builder.php(2427): Illuminate\\Database\\Query\\Builder->aggregate('count', Array)
#8 /mnt/window/Users/Name/Documents/yure_2019/gitHub_projects/laravel-php-example/vendor/laravel/framework/src/Illuminate/Validation/DatabasePresenceVerifier.php(55): Illuminate\\Database\\Query\\Builder->count()
#9 /mnt/window/Users/Name/Documents/yure_2019/gitHub_projects/laravel-php-example/vendor/laravel/framework/src/Illuminate/Validation/Concerns/ValidatesAttributes.php(755): Illuminate\\Validation\\DatabasePresenceVerifier->getCount('users', 'email', 'ami@gmail.com', NULL, NULL, Array)
#10 /mnt/window/Users/Name/Documents/yure_2019/gitHub_projects/laravel-php-example/vendor/laravel/framework/src/Illuminate/Validation/Validator.php(398): Illuminate\\Validation\\Validator->validateUnique('email', 'ami@gmail.com', Array, Object(Illuminate\\Validation\\Validator))
#11 /mnt/window/Users/Name/Documents/yure_2019/gitHub_projects/laravel-php-example/vendor/laravel/framework/src/Illuminate/Validation/Validator.php(277): Illuminate\\Validation\\Validator->validateAttribute('email', 'Unique')
#12 /mnt/window/Users/Name/Documents/yure_2019/gitHub_projects/laravel-php-example/vendor/laravel/framework/src/Illuminate/Validation/Validator.php(302): Illuminate\\Validation\\Validator->passes()
#13 /mnt/window/Users/Name/Documents/yure_2019/gitHub_projects/laravel-php-example/vendor/laravel/framework/src/Illuminate/Validation/Validator.php(314): Illuminate\\Validation\\Validator->fails()
#14 /mnt/window/Users/Name/Documents/yure_2019/gitHub_projects/laravel-php-example/vendor/laravel/framework/src/Illuminate/Foundation/Auth/RegistersUsers.php(31): Illuminate\\Validation\\Validator->validate()
#15 [internal function]: App\\Http\\Controllers\\Auth\\RegisterController->register(Object(Illuminate\\Http\\Request))
#16 /mnt/window/Users/Name/Documents/yure_2019/gitHub_projects/laravel-php-example/vendor/laravel/framework/src/Illuminate/Routing/Controller.php(54): call_user_func_array(Array, Array)
#17 /mnt/window/Users/Name/Documents/yure_2019/gitHub_projects/laravel-php-example/vendor/laravel/framework/src/Illuminate/Routing/ControllerDispatcher.php(45): Illuminate\\Routing\\Controller->callAction('register', Array)
#18 /mnt/window/Users/Name/Documents/yure_2019/gitHub_projects/laravel-php-example/vendor/laravel/framework/src/Illuminate/Routing/Route.php(219): Illuminate\\Routing\\ControllerDispatcher->dispatch(Object(Illuminate\\Routing\\Route), Object(App\\Http\\Controllers\\Auth\\RegisterController), 'register')
#19 /mnt/window/Users/Name/Documents/yure_2019/gitHub_projects/laravel-php-example/vendor/laravel/framework/src/Illuminate/Routing/Route.php(176): Illuminate\\Routing\\Route->runController()
#20 /mnt/window/Users/Name/Documents/yure_2019/gitHub_projects/laravel-php-example/vendor/laravel/framework/src/Illuminate/Routing/Router.php(680): Illuminate\\Routing\\Route->run()
#21 /mnt/window/Users/Name/Documents/yure_2019/gitHub_projects/laravel-php-example/vendor/laravel/framework/src/Illuminate/Pipeline/Pipeline.php(130): Illuminate\\Routing\\Router->Illuminate\\Routing\\{closure}(Object(Illuminate\\Http\\Request))
#22 /mnt/window/Users/Name/Documents/yure_2019/gitHub_projects/laravel-php-example/app/Http/Middleware/RedirectIfAuthenticated.php(24): Illuminate\\Pipeline\\Pipeline->Illuminate\\Pipeline\\{closure}(Object(Illuminate\\Http\\Request))
#23 /mnt/window/Users/Name/Documents/yure_2019/gitHub_projects/laravel-php-example/vendor/laravel/framework/src/Illuminate/Pipeline/Pipeline.php(171): App\\Http\\Middleware\\RedirectIfAuthenticated->handle(Object(Illuminate\\Http\\Request), Object(Closure))
#24 /mnt/window/Users/Name/Documents/yure_2019/gitHub_projects/laravel-php-example/vendor/laravel/framework/src/Illuminate/Routing/Middleware/SubstituteBindings.php(41): Illuminate\\Pipeline\\Pipeline->Illuminate\\Pipeline\\{closure}(Object(Illuminate\\Http\\Request))
#25 /mnt/window/Users/Name/Documents/yure_2019/gitHub_projects/laravel-php-example/vendor/laravel/framework/src/Illuminate/Pipeline/Pipeline.php(171): Illuminate\\Routing\\Middleware\\SubstituteBindings->handle(Object(Illuminate\\Http\\Request), Object(Closure))
#26 /mnt/window/Users/Name/Documents/yure_2019/gitHub_projects/laravel-php-example/vendor/laravel/framework/src/Illuminate/Foundation/Http/Middleware/VerifyCsrfToken.php(75): Illuminate\\Pipeline\\Pipeline->Illuminate\\Pipeline\\{closure}(Object(Illuminate\\Http\\Request))
#27 /mnt/window/Users/Name/Documents/yure_2019/gitHub_projects/laravel-php-example/vendor/laravel/framework/src/Illuminate/Pipeline/Pipeline.php(171): Illuminate\\Foundation\\Http\\Middleware\\VerifyCsrfToken->handle(Object(Illuminate\\Http\\Request), Object(Closure))
#28 /mnt/window/Users/Name/Documents/yure_2019/gitHub_projects/laravel-php-example/vendor/laravel/framework/src/Illuminate/View/Middleware/ShareErrorsFromSession.php(49): Illuminate\\Pipeline\\Pipeline->Illuminate\\Pipeline\\{closure}(Object(Illuminate\\Http\\Request))
#29 /mnt/window/Users/Name/Documents/yure_2019/gitHub_projects/laravel-php-example/vendor/laravel/framework/src/Illuminate/Pipeline/Pipeline.php(171): Illuminate\\View\\Middleware\\ShareErrorsFromSession->handle(Object(Illuminate\\Http\\Request), Object(Closure))
#30 /mnt/window/Users/Name/Documents/yure_2019/gitHub_projects/laravel-php-example/vendor/laravel/framework/src/Illuminate/Session/Middleware/StartSession.php(56): Illuminate\\Pipeline\\Pipeline->Illuminate\\Pipeline\\{closure}(Object(Illuminate\\Http\\Request))
#31 /mnt/window/Users/Name/Documents/yure_2019/gitHub_projects/laravel-php-example/vendor/laravel/framework/src/Illuminate/Pipeline/Pipeline.php(171): Illuminate\\Session\\Middleware\\StartSession->handle(Object(Illuminate\\Http\\Request), Object(Closure))
#32 /mnt/window/Users/Name/Documents/yure_2019/gitHub_projects/laravel-php-example/vendor/laravel/framework/src/Illuminate/Cookie/Middleware/AddQueuedCookiesToResponse.php(37): Illuminate\\Pipeline\\Pipeline->Illuminate\\Pipeline\\{closure}(Object(Illuminate\\Http\\Request))
#33 /mnt/window/Users/Name/Documents/yure_2019/gitHub_projects/laravel-php-example/vendor/laravel/framework/src/Illuminate/Pipeline/Pipeline.php(171): Illuminate\\Cookie\\Middleware\\AddQueuedCookiesToResponse->handle(Object(Illuminate\\Http\\Request), Object(Closure))
#34 /mnt/window/Users/Name/Documents/yure_2019/gitHub_projects/laravel-php-example/vendor/laravel/framework/src/Illuminate/Cookie/Middleware/EncryptCookies.php(66): Illuminate\\Pipeline\\Pipeline->Illuminate\\Pipeline\\{closure}(Object(Illuminate\\Http\\Request))
#35 /mnt/window/Users/Name/Documents/yure_2019/gitHub_projects/laravel-php-example/vendor/laravel/framework/src/Illuminate/Pipeline/Pipeline.php(171): Illuminate\\Cookie\\Middleware\\EncryptCookies->handle(Object(Illuminate\\Http\\Request), Object(Closure))
#36 /mnt/window/Users/Name/Documents/yure_2019/gitHub_projects/laravel-php-example/vendor/laravel/framework/src/Illuminate/Pipeline/Pipeline.php(105): Illuminate\\Pipeline\\Pipeline->Illuminate\\Pipeline\\{closure}(Object(Illuminate\\Http\\Request))
#37 /mnt/window/Users/Name/Documents/yure_2019/gitHub_projects/laravel-php-example/vendor/laravel/framework/src/Illuminate/Routing/Router.php(682): Illuminate\\Pipeline\\Pipeline->then(Object(Closure))
#38 /mnt/window/Users/Name/Documents/yure_2019/gitHub_projects/laravel-php-example/vendor/laravel/framework/src/Illuminate/Routing/Router.php(657): Illuminate\\Routing\\Router->runRouteWithinStack(Object(Illuminate\\Routing\\Route), Object(Illuminate\\Http\\Request))
#39 /mnt/window/Users/Name/Documents/yure_2019/gitHub_projects/laravel-php-example/vendor/laravel/framework/src/Illuminate/Routing/Router.php(623): Illuminate\\Routing\\Router->runRoute(Object(Illuminate\\Http\\Request), Object(Illuminate\\Routing\\Route))
#40 /mnt/window/Users/Name/Documents/yure_2019/gitHub_projects/laravel-php-example/vendor/laravel/framework/src/Illuminate/Routing/Router.php(612): Illuminate\\Routing\\Router->dispatchToRoute(Object(Illuminate\\Http\\Request))
#41 /mnt/window/Users/Name/Documents/yure_2019/gitHub_projects/laravel-php-example/vendor/laravel/framework/src/Illuminate/Foundation/Http/Kernel.php(176): Illuminate\\Routing\\Router->dispatch(Object(Illuminate\\Http\\Request))
#42 /mnt/window/Users/Name/Documents/yure_2019/gitHub_projects/laravel-php-example/vendor/laravel/framework/src/Illuminate/Pipeline/Pipeline.php(130): Illuminate\\Foundation\\Http\\Kernel->Illuminate\\Foundation\\Http\\{closure}(Object(Illuminate\\Http\\Request))
#43 /mnt/window/Users/Name/Documents/yure_2019/gitHub_projects/laravel-php-example/vendor/laravel/framework/src/Illuminate/Foundation/Http/Middleware/TransformsRequest.php(21): Illuminate\\Pipeline\\Pipeline->Illuminate\\Pipeline\\{closure}(Object(Illuminate\\Http\\Request))
#44 /mnt/window/Users/Name/Documents/yure_2019/gitHub_projects/laravel-php-example/vendor/laravel/framework/src/Illuminate/Pipeline/Pipeline.php(171): Illuminate\\Foundation\\Http\\Middleware\\TransformsRequest->handle(Object(Illuminate\\Http\\Request), Object(Closure))
#45 /mnt/window/Users/Name/Documents/yure_2019/gitHub_projects/laravel-php-example/vendor/laravel/framework/src/Illuminate/Foundation/Http/Middleware/TransformsRequest.php(21): Illuminate\\Pipeline\\Pipeline->Illuminate\\Pipeline\\{closure}(Object(Illuminate\\Http\\Request))
#46 /mnt/window/Users/Name/Documents/yure_2019/gitHub_projects/laravel-php-example/vendor/laravel/framework/src/Illuminate/Pipeline/Pipeline.php(171): Illuminate\\Foundation\\Http\\Middleware\\TransformsRequest->handle(Object(Illuminate\\Http\\Request), Object(Closure))
#47 /mnt/window/Users/Name/Documents/yure_2019/gitHub_projects/laravel-php-example/vendor/laravel/framework/src/Illuminate/Foundation/Http/Middleware/ValidatePostSize.php(27): Illuminate\\Pipeline\\Pipeline->Illuminate\\Pipeline\\{closure}(Object(Illuminate\\Http\\Request))
#48 /mnt/window/Users/Name/Documents/yure_2019/gitHub_projects/laravel-php-example/vendor/laravel/framework/src/Illuminate/Pipeline/Pipeline.php(171): Illuminate\\Foundation\\Http\\Middleware\\ValidatePostSize->handle(Object(Illuminate\\Http\\Request), Object(Closure))
#49 /mnt/window/Users/Name/Documents/yure_2019/gitHub_projects/laravel-php-example/vendor/laravel/framework/src/Illuminate/Foundation/Http/Middleware/CheckForMaintenanceMode.php(62): Illuminate\\Pipeline\\Pipeline->Illuminate\\Pipeline\\{closure}(Object(Illuminate\\Http\\Request))
#50 /mnt/window/Users/Name/Documents/yure_2019/gitHub_projects/laravel-php-example/vendor/laravel/framework/src/Illuminate/Pipeline/Pipeline.php(171): Illuminate\\Foundation\\Http\\Middleware\\CheckForMaintenanceMode->handle(Object(Illuminate\\Http\\Request), Object(Closure))
#51 /mnt/window/Users/Name/Documents/yure_2019/gitHub_projects/laravel-php-example/vendor/fideloper/proxy/src/TrustProxies.php(57): Illuminate\\Pipeline\\Pipeline->Illuminate\\Pipeline\\{closure}(Object(Illuminate\\Http\\Request))
#52 /mnt/window/Users/Name/Documents/yure_2019/gitHub_projects/laravel-php-example/vendor/laravel/framework/src/Illuminate/Pipeline/Pipeline.php(171): Fideloper\\Proxy\\TrustProxies->handle(Object(Illuminate\\Http\\Request), Object(Closure))
#53 /mnt/window/Users/Name/Documents/yure_2019/gitHub_projects/laravel-php-example/vendor/laravel/framework/src/Illuminate/Pipeline/Pipeline.php(105): Illuminate\\Pipeline\\Pipeline->Illuminate\\Pipeline\\{closure}(Object(Illuminate\\Http\\Request))
#54 /mnt/window/Users/Name/Documents/yure_2019/gitHub_projects/laravel-php-example/vendor/laravel/framework/src/Illuminate/Foundation/Http/Kernel.php(151): Illuminate\\Pipeline\\Pipeline->then(Object(Closure))
#55 /mnt/window/Users/Name/Documents/yure_2019/gitHub_projects/laravel-php-example/vendor/laravel/framework/src/Illuminate/Foundation/Http/Kernel.php(116): Illuminate\\Foundation\\Http\\Kernel->sendRequestThroughRouter(Object(Illuminate\\Http\\Request))
#56 /mnt/window/Users/Name/Documents/yure_2019/gitHub_projects/laravel-php-example/public/index.php(55): Illuminate\\Foundation\\Http\\Kernel->handle(Object(Illuminate\\Http\\Request))
#57 /mnt/window/Users/Name/Documents/yure_2019/gitHub_projects/laravel-php-example/server.php(21): require_once('/mnt/window/Use...')
#58 {main}

[previous exception] [object] (PDOException(code: 0): could not find driver at /mnt/window/Users/Name/Documents/yure_2019/gitHub_projects/laravel-php-example/vendor/laravel/framework/src/Illuminate/Database/Connectors/Connector.php:70)
[stacktrace]
#0 /mnt/window/Users/Name/Documents/yure_2019/gitHub_projects/laravel-php-example/vendor/laravel/framework/src/Illuminate/Database/Connectors/Connector.php(70): PDO->__construct('mysql:host=127....', 'root', '', Array)
#1 /mnt/window/Users/Name/Documents/yure_2019/gitHub_projects/laravel-php-example/vendor/laravel/framework/src/Illuminate/Database/Connectors/Connector.php(46): Illuminate\\Database\\Connectors\\Connector->createPdoConnection('mysql:host=127....', 'root', '', Array)
#2 /mnt/window/Users/Name/Documents/yure_2019/gitHub_projects/laravel-php-example/vendor/laravel/framework/src/Illuminate/Database/Connectors/MySqlConnector.php(24): Illuminate\\Database\\Connectors\\Connector->createConnection('mysql:host=127....', Array, Array)
#3 /mnt/window/Users/Name/Documents/yure_2019/gitHub_projects/laravel-php-example/vendor/laravel/framework/src/Illuminate/Database/Connectors/ConnectionFactory.php(182): Illuminate\\Database\\Connectors\\MySqlConnector->connect(Array)
#4 [internal function]: Illuminate\\Database\\Connectors\\ConnectionFactory->Illuminate\\Database\\Connectors\\{closure}()
#5 /mnt/window/Users/Name/Documents/yure_2019/gitHub_projects/laravel-php-example/vendor/laravel/framework/src/Illuminate/Database/Connection.php(920): call_user_func(Object(Closure))
#6 /mnt/window/Users/Name/Documents/yure_2019/gitHub_projects/laravel-php-example/vendor/laravel/framework/src/Illuminate/Database/Connection.php(400): Illuminate\\Database\\Connection->getPdo()
#7 /mnt/window/Users/Name/Documents/yure_2019/gitHub_projects/laravel-php-example/vendor/laravel/framework/src/Illuminate/Database/Connection.php(326): Illuminate\\Database\\Connection->getPdoForSelect(false)
#8 /mnt/window/Users/Name/Documents/yure_2019/gitHub_projects/laravel-php-example/vendor/laravel/framework/src/Illuminate/Database/Connection.php(658): Illuminate\\Database\\Connection->Illuminate\\Database\\{closure}('select count(*)...', Array)
#9 /mnt/window/Users/Name/Documents/yure_2019/gitHub_projects/laravel-php-example/vendor/laravel/framework/src/Illuminate/Database/Connection.php(625): Illuminate\\Database\\Connection->runQueryCallback('select count(*)...', Array, Object(Closure))
#10 /mnt/window/Users/Name/Documents/yure_2019/gitHub_projects/laravel-php-example/vendor/laravel/framework/src/Illuminate/Database/Connection.php(334): Illuminate\\Database\\Connection->run('select count(*)...', Array, Object(Closure))
#11 /mnt/window/Users/Name/Documents/yure_2019/gitHub_projects/laravel-php-example/vendor/laravel/framework/src/Illuminate/Database/Query/Builder.php(2140): Illuminate\\Database\\Connection->select('select count(*)...', Array, false)
#12 /mnt/window/Users/Name/Documents/yure_2019/gitHub_projects/laravel-php-example/vendor/laravel/framework/src/Illuminate/Database/Query/Builder.php(2128): Illuminate\\Database\\Query\\Builder->runSelect()
#13 /mnt/window/Users/Name/Documents/yure_2019/gitHub_projects/laravel-php-example/vendor/laravel/framework/src/Illuminate/Database/Query/Builder.php(2572): Illuminate\\Database\\Query\\Builder->Illuminate\\Database\\Query\\{closure}()
#14 /mnt/window/Users/Name/Documents/yure_2019/gitHub_projects/laravel-php-example/vendor/laravel/framework/src/Illuminate/Database/Query/Builder.php(2129): Illuminate\\Database\\Query\\Builder->onceWithColumns(Array, Object(Closure))
#15 /mnt/window/Users/Name/Documents/yure_2019/gitHub_projects/laravel-php-example/vendor/laravel/framework/src/Illuminate/Database/Query/Builder.php(2499): Illuminate\\Database\\Query\\Builder->get(Array)
#16 /mnt/window/Users/Name/Documents/yure_2019/gitHub_projects/laravel-php-example/vendor/laravel/framework/src/Illuminate/Database/Query/Builder.php(2427): Illuminate\\Database\\Query\\Builder->aggregate('count', Array)
#17 /mnt/window/Users/Name/Documents/yure_2019/gitHub_projects/laravel-php-example/vendor/laravel/framework/src/Illuminate/Validation/DatabasePresenceVerifier.php(55): Illuminate\\Database\\Query\\Builder->count()
#18 /mnt/window/Users/Name/Documents/yure_2019/gitHub_projects/laravel-php-example/vendor/laravel/framework/src/Illuminate/Validation/Concerns/ValidatesAttributes.php(755): Illuminate\\Validation\\DatabasePresenceVerifier->getCount('users', 'email', 'ami@gmail.com', NULL, NULL, Array)
#19 /mnt/window/Users/Name/Documents/yure_2019/gitHub_projects/laravel-php-example/vendor/laravel/framework/src/Illuminate/Validation/Validator.php(398): Illuminate\\Validation\\Validator->validateUnique('email', 'ami@gmail.com', Array, Object(Illuminate\\Validation\\Validator))
#20 /mnt/window/Users/Name/Documents/yure_2019/gitHub_projects/laravel-php-example/vendor/laravel/framework/src/Illuminate/Validation/Validator.php(277): Illuminate\\Validation\\Validator->validateAttribute('email', 'Unique')
#21 /mnt/window/Users/Name/Documents/yure_2019/gitHub_projects/laravel-php-example/vendor/laravel/framework/src/Illuminate/Validation/Validator.php(302): Illuminate\\Validation\\Validator->passes()
#22 /mnt/window/Users/Name/Documents/yure_2019/gitHub_projects/laravel-php-example/vendor/laravel/framework/src/Illuminate/Validation/Validator.php(314): Illuminate\\Validation\\Validator->fails()
#23 /mnt/window/Users/Name/Documents/yure_2019/gitHub_projects/laravel-php-example/vendor/laravel/framework/src/Illuminate/Foundation/Auth/RegistersUsers.php(31): Illuminate\\Validation\\Validator->validate()
#24 [internal function]: App\\Http\\Controllers\\Auth\\RegisterController->register(Object(Illuminate\\Http\\Request))
#25 /mnt/window/Users/Name/Documents/yure_2019/gitHub_projects/laravel-php-example/vendor/laravel/framework/src/Illuminate/Routing/Controller.php(54): call_user_func_array(Array, Array)
#26 /mnt/window/Users/Name/Documents/yure_2019/gitHub_projects/laravel-php-example/vendor/laravel/framework/src/Illuminate/Routing/ControllerDispatcher.php(45): Illuminate\\Routing\\Controller->callAction('register', Array)
#27 /mnt/window/Users/Name/Documents/yure_2019/gitHub_projects/laravel-php-example/vendor/laravel/framework/src/Illuminate/Routing/Route.php(219): Illuminate\\Routing\\ControllerDispatcher->dispatch(Object(Illuminate\\Routing\\Route), Object(App\\Http\\Controllers\\Auth\\RegisterController), 'register')
#28 /mnt/window/Users/Name/Documents/yure_2019/gitHub_projects/laravel-php-example/vendor/laravel/framework/src/Illuminate/Routing/Route.php(176): Illuminate\\Routing\\Route->runController()
#29 /mnt/window/Users/Name/Documents/yure_2019/gitHub_projects/laravel-php-example/vendor/laravel/framework/src/Illuminate/Routing/Router.php(680): Illuminate\\Routing\\Route->run()
#30 /mnt/window/Users/Name/Documents/yure_2019/gitHub_projects/laravel-php-example/vendor/laravel/framework/src/Illuminate/Pipeline/Pipeline.php(130): Illuminate\\Routing\\Router->Illuminate\\Routing\\{closure}(Object(Illuminate\\Http\\Request))
#31 /mnt/window/Users/Name/Documents/yure_2019/gitHub_projects/laravel-php-example/app/Http/Middleware/RedirectIfAuthenticated.php(24): Illuminate\\Pipeline\\Pipeline->Illuminate\\Pipeline\\{closure}(Object(Illuminate\\Http\\Request))
#32 /mnt/window/Users/Name/Documents/yure_2019/gitHub_projects/laravel-php-example/vendor/laravel/framework/src/Illuminate/Pipeline/Pipeline.php(171): App\\Http\\Middleware\\RedirectIfAuthenticated->handle(Object(Illuminate\\Http\\Request), Object(Closure))
#33 /mnt/window/Users/Name/Documents/yure_2019/gitHub_projects/laravel-php-example/vendor/laravel/framework/src/Illuminate/Routing/Middleware/SubstituteBindings.php(41): Illuminate\\Pipeline\\Pipeline->Illuminate\\Pipeline\\{closure}(Object(Illuminate\\Http\\Request))
#34 /mnt/window/Users/Name/Documents/yure_2019/gitHub_projects/laravel-php-example/vendor/laravel/framework/src/Illuminate/Pipeline/Pipeline.php(171): Illuminate\\Routing\\Middleware\\SubstituteBindings->handle(Object(Illuminate\\Http\\Request), Object(Closure))
#35 /mnt/window/Users/Name/Documents/yure_2019/gitHub_projects/laravel-php-example/vendor/laravel/framework/src/Illuminate/Foundation/Http/Middleware/VerifyCsrfToken.php(75): Illuminate\\Pipeline\\Pipeline->Illuminate\\Pipeline\\{closure}(Object(Illuminate\\Http\\Request))
#36 /mnt/window/Users/Name/Documents/yure_2019/gitHub_projects/laravel-php-example/vendor/laravel/framework/src/Illuminate/Pipeline/Pipeline.php(171): Illuminate\\Foundation\\Http\\Middleware\\VerifyCsrfToken->handle(Object(Illuminate\\Http\\Request), Object(Closure))
#37 /mnt/window/Users/Name/Documents/yure_2019/gitHub_projects/laravel-php-example/vendor/laravel/framework/src/Illuminate/View/Middleware/ShareErrorsFromSession.php(49): Illuminate\\Pipeline\\Pipeline->Illuminate\\Pipeline\\{closure}(Object(Illuminate\\Http\\Request))
#38 /mnt/window/Users/Name/Documents/yure_2019/gitHub_projects/laravel-php-example/vendor/laravel/framework/src/Illuminate/Pipeline/Pipeline.php(171): Illuminate\\View\\Middleware\\ShareErrorsFromSession->handle(Object(Illuminate\\Http\\Request), Object(Closure))
#39 /mnt/window/Users/Name/Documents/yure_2019/gitHub_projects/laravel-php-example/vendor/laravel/framework/src/Illuminate/Session/Middleware/StartSession.php(56): Illuminate\\Pipeline\\Pipeline->Illuminate\\Pipeline\\{closure}(Object(Illuminate\\Http\\Request))
#40 /mnt/window/Users/Name/Documents/yure_2019/gitHub_projects/laravel-php-example/vendor/laravel/framework/src/Illuminate/Pipeline/Pipeline.php(171): Illuminate\\Session\\Middleware\\StartSession->handle(Object(Illuminate\\Http\\Request), Object(Closure))
#41 /mnt/window/Users/Name/Documents/yure_2019/gitHub_projects/laravel-php-example/vendor/laravel/framework/src/Illuminate/Cookie/Middleware/AddQueuedCookiesToResponse.php(37): Illuminate\\Pipeline\\Pipeline->Illuminate\\Pipeline\\{closure}(Object(Illuminate\\Http\\Request))
#42 /mnt/window/Users/Name/Documents/yure_2019/gitHub_projects/laravel-php-example/vendor/laravel/framework/src/Illuminate/Pipeline/Pipeline.php(171): Illuminate\\Cookie\\Middleware\\AddQueuedCookiesToResponse->handle(Object(Illuminate\\Http\\Request), Object(Closure))
#43 /mnt/window/Users/Name/Documents/yure_2019/gitHub_projects/laravel-php-example/vendor/laravel/framework/src/Illuminate/Cookie/Middleware/EncryptCookies.php(66): Illuminate\\Pipeline\\Pipeline->Illuminate\\Pipeline\\{closure}(Object(Illuminate\\Http\\Request))
#44 /mnt/window/Users/Name/Documents/yure_2019/gitHub_projects/laravel-php-example/vendor/laravel/framework/src/Illuminate/Pipeline/Pipeline.php(171): Illuminate\\Cookie\\Middleware\\EncryptCookies->handle(Object(Illuminate\\Http\\Request), Object(Closure))
#45 /mnt/window/Users/Name/Documents/yure_2019/gitHub_projects/laravel-php-example/vendor/laravel/framework/src/Illuminate/Pipeline/Pipeline.php(105): Illuminate\\Pipeline\\Pipeline->Illuminate\\Pipeline\\{closure}(Object(Illuminate\\Http\\Request))
#46 /mnt/window/Users/Name/Documents/yure_2019/gitHub_projects/laravel-php-example/vendor/laravel/framework/src/Illuminate/Routing/Router.php(682): Illuminate\\Pipeline\\Pipeline->then(Object(Closure))
#47 /mnt/window/Users/Name/Documents/yure_2019/gitHub_projects/laravel-php-example/vendor/laravel/framework/src/Illuminate/Routing/Router.php(657): Illuminate\\Routing\\Router->runRouteWithinStack(Object(Illuminate\\Routing\\Route), Object(Illuminate\\Http\\Request))
#48 /mnt/window/Users/Name/Documents/yure_2019/gitHub_projects/laravel-php-example/vendor/laravel/framework/src/Illuminate/Routing/Router.php(623): Illuminate\\Routing\\Router->runRoute(Object(Illuminate\\Http\\Request), Object(Illuminate\\Routing\\Route))
#49 /mnt/window/Users/Name/Documents/yure_2019/gitHub_projects/laravel-php-example/vendor/laravel/framework/src/Illuminate/Routing/Router.php(612): Illuminate\\Routing\\Router->dispatchToRoute(Object(Illuminate\\Http\\Request))
#50 /mnt/window/Users/Name/Documents/yure_2019/gitHub_projects/laravel-php-example/vendor/laravel/framework/src/Illuminate/Foundation/Http/Kernel.php(176): Illuminate\\Routing\\Router->dispatch(Object(Illuminate\\Http\\Request))
#51 /mnt/window/Users/Name/Documents/yure_2019/gitHub_projects/laravel-php-example/vendor/laravel/framework/src/Illuminate/Pipeline/Pipeline.php(130): Illuminate\\Foundation\\Http\\Kernel->Illuminate\\Foundation\\Http\\{closure}(Object(Illuminate\\Http\\Request))
#52 /mnt/window/Users/Name/Documents/yure_2019/gitHub_projects/laravel-php-example/vendor/laravel/framework/src/Illuminate/Foundation/Http/Middleware/TransformsRequest.php(21): Illuminate\\Pipeline\\Pipeline->Illuminate\\Pipeline\\{closure}(Object(Illuminate\\Http\\Request))
#53 /mnt/window/Users/Name/Documents/yure_2019/gitHub_projects/laravel-php-example/vendor/laravel/framework/src/Illuminate/Pipeline/Pipeline.php(171): Illuminate\\Foundation\\Http\\Middleware\\TransformsRequest->handle(Object(Illuminate\\Http\\Request), Object(Closure))
#54 /mnt/window/Users/Name/Documents/yure_2019/gitHub_projects/laravel-php-example/vendor/laravel/framework/src/Illuminate/Foundation/Http/Middleware/TransformsRequest.php(21): Illuminate\\Pipeline\\Pipeline->Illuminate\\Pipeline\\{closure}(Object(Illuminate\\Http\\Request))
#55 /mnt/window/Users/Name/Documents/yure_2019/gitHub_projects/laravel-php-example/vendor/laravel/framework/src/Illuminate/Pipeline/Pipeline.php(171): Illuminate\\Foundation\\Http\\Middleware\\TransformsRequest->handle(Object(Illuminate\\Http\\Request), Object(Closure))
#56 /mnt/window/Users/Name/Documents/yure_2019/gitHub_projects/laravel-php-example/vendor/laravel/framework/src/Illuminate/Foundation/Http/Middleware/ValidatePostSize.php(27): Illuminate\\Pipeline\\Pipeline->Illuminate\\Pipeline\\{closure}(Object(Illuminate\\Http\\Request))
#57 /mnt/window/Users/Name/Documents/yure_2019/gitHub_projects/laravel-php-example/vendor/laravel/framework/src/Illuminate/Pipeline/Pipeline.php(171): Illuminate\\Foundation\\Http\\Middleware\\ValidatePostSize->handle(Object(Illuminate\\Http\\Request), Object(Closure))
#58 /mnt/window/Users/Name/Documents/yure_2019/gitHub_projects/laravel-php-example/vendor/laravel/framework/src/Illuminate/Foundation/Http/Middleware/CheckForMaintenanceMode.php(62): Illuminate\\Pipeline\\Pipeline->Illuminate\\Pipeline\\{closure}(Object(Illuminate\\Http\\Request))
#59 /mnt/window/Users/Name/Documents/yure_2019/gitHub_projects/laravel-php-example/vendor/laravel/framework/src/Illuminate/Pipeline/Pipeline.php(171): Illuminate\\Foundation\\Http\\Middleware\\CheckForMaintenanceMode->handle(Object(Illuminate\\Http\\Request), Object(Closure))
#60 /mnt/window/Users/Name/Documents/yure_2019/gitHub_projects/laravel-php-example/vendor/fideloper/proxy/src/TrustProxies.php(57): Illuminate\\Pipeline\\Pipeline->Illuminate\\Pipeline\\{closure}(Object(Illuminate\\Http\\Request))
#61 /mnt/window/Users/Name/Documents/yure_2019/gitHub_projects/laravel-php-example/vendor/laravel/framework/src/Illuminate/Pipeline/Pipeline.php(171): Fideloper\\Proxy\\TrustProxies->handle(Object(Illuminate\\Http\\Request), Object(Closure))
#62 /mnt/window/Users/Name/Documents/yure_2019/gitHub_projects/laravel-php-example/vendor/laravel/framework/src/Illuminate/Pipeline/Pipeline.php(105): Illuminate\\Pipeline\\Pipeline->Illuminate\\Pipeline\\{closure}(Object(Illuminate\\Http\\Request))
#63 /mnt/window/Users/Name/Documents/yure_2019/gitHub_projects/laravel-php-example/vendor/laravel/framework/src/Illuminate/Foundation/Http/Kernel.php(151): Illuminate\\Pipeline\\Pipeline->then(Object(Closure))
#64 /mnt/window/Users/Name/Documents/yure_2019/gitHub_projects/laravel-php-example/vendor/laravel/framework/src/Illuminate/Foundation/Http/Kernel.php(116): Illuminate\\Foundation\\Http\\Kernel->sendRequestThroughRouter(Object(Illuminate\\Http\\Request))
#65 /mnt/window/Users/Name/Documents/yure_2019/gitHub_projects/laravel-php-example/public/index.php(55): Illuminate\\Foundation\\Http\\Kernel->handle(Object(Illuminate\\Http\\Request))
#66 /mnt/window/Users/Name/Documents/yure_2019/gitHub_projects/laravel-php-example/server.php(21): require_once('/mnt/window/Use...')
#67 {main}
"} 
