[2019-09-23 21:44:11] local.ERROR: Trying to get property 'title' of non-object (View: /mnt/window/Users/Name/Documents/yure_2019/gitHub_projects/laravel-php-example/resources/views/profiles/index.blade.php) {"exception":"[object] (Facade\\Ignition\\Exceptions\\ViewException(code: 0): Trying to get property 'title' of non-object (View: /mnt/window/Users/Name/Documents/yure_2019/gitHub_projects/laravel-php-example/resources/views/profiles/index.blade.php) at /mnt/window/Users/Name/Documents/yure_2019/gitHub_projects/laravel-php-example/resources/views/profiles/index.blade.php:19)
[stacktrace]
#0 /mnt/window/Users/Name/Documents/yure_2019/gitHub_projects/laravel-php-example/resources/views/profiles/index.blade.php(19): Illuminate\\Foundation\\Bootstrap\\HandleExceptions->handleError(8, 'Trying to get p...', '/mnt/window/Use...', 17, Array)
#1 /mnt/window/Users/Name/Documents/yure_2019/gitHub_projects/laravel-php-example/vendor/laravel/framework/src/Illuminate/View/Engines/PhpEngine.php(43): include('/mnt/window/Use...')
#2 /mnt/window/Users/Name/Documents/yure_2019/gitHub_projects/laravel-php-example/vendor/laravel/framework/src/Illuminate/View/Engines/CompilerEngine.php(59): Illuminate\\View\\Engines\\PhpEngine->evaluatePath('/mnt/window/Use...', Array)
#3 /mnt/window/Users/Name/Documents/yure_2019/gitHub_projects/laravel-php-example/vendor/facade/ignition/src/Views/Engines/CompilerEngine.php(36): Illuminate\\View\\Engines\\CompilerEngine->get('/mnt/window/Use...', Array)
#4 /mnt/window/Users/Name/Documents/yure_2019/gitHub_projects/laravel-php-example/vendor/laravel/framework/src/Illuminate/View/View.php(143): Facade\\Ignition\\Views\\Engines\\CompilerEngine->get('/mnt/window/Use...', Array)
#5 /mnt/window/Users/Name/Documents/yure_2019/gitHub_projects/laravel-php-example/vendor/laravel/framework/src/Illuminate/View/View.php(126): Illuminate\\View\\View->getContents()
#6 /mnt/window/Users/Name/Documents/yure_2019/gitHub_projects/laravel-php-example/vendor/laravel/framework/src/Illuminate/View/View.php(91): Illuminate\\View\\View->renderContents()
#7 /mnt/window/Users/Name/Documents/yure_2019/gitHub_projects/laravel-php-example/vendor/laravel/framework/src/Illuminate/Http/Response.php(42): Illuminate\\View\\View->render()
#8 /mnt/window/Users/Name/Documents/yure_2019/gitHub_projects/laravel-php-example/vendor/symfony/http-foundation/Response.php(202): Illuminate\\Http\\Response->setContent(Object(Illuminate\\View\\View))
#9 /mnt/window/Users/Name/Documents/yure_2019/gitHub_projects/laravel-php-example/vendor/laravel/framework/src/Illuminate/Routing/Router.php(748): Symfony\\Component\\HttpFoundation\\Response->__construct(Object(Illuminate\\View\\View))
#10 /mnt/window/Users/Name/Documents/yure_2019/gitHub_projects/laravel-php-example/vendor/laravel/framework/src/Illuminate/Routing/Router.php(720): Illuminate\\Routing\\Router::toResponse(Object(Illuminate\\Http\\Request), Object(Illuminate\\View\\View))
#11 /mnt/window/Users/Name/Documents/yure_2019/gitHub_projects/laravel-php-example/vendor/laravel/framework/src/Illuminate/Routing/Router.php(680): Illuminate\\Routing\\Router->prepareResponse(Object(Illuminate\\Http\\Request), Object(Illuminate\\View\\View))
#12 /mnt/window/Users/Name/Documents/yure_2019/gitHub_projects/laravel-php-example/vendor/laravel/framework/src/Illuminate/Pipeline/Pipeline.php(130): Illuminate\\Routing\\Router->Illuminate\\Routing\\{closure}(Object(Illuminate\\Http\\Request))
#13 /mnt/window/Users/Name/Documents/yure_2019/gitHub_projects/laravel-php-example/vendor/laravel/framework/src/Illuminate/Routing/Middleware/SubstituteBindings.php(41): Illuminate\\Pipeline\\Pipeline->Illuminate\\Pipeline\\{closure}(Object(Illuminate\\Http\\Request))
#14 /mnt/window/Users/Name/Documents/yure_2019/gitHub_projects/laravel-php-example/vendor/laravel/framework/src/Illuminate/Pipeline/Pipeline.php(171): Illuminate\\Routing\\Middleware\\SubstituteBindings->handle(Object(Illuminate\\Http\\Request), Object(Closure))
#15 /mnt/window/Users/Name/Documents/yure_2019/gitHub_projects/laravel-php-example/vendor/laravel/framework/src/Illuminate/Foundation/Http/Middleware/VerifyCsrfToken.php(75): Illuminate\\Pipeline\\Pipeline->Illuminate\\Pipeline\\{closure}(Object(Illuminate\\Http\\Request))
#16 /mnt/window/Users/Name/Documents/yure_2019/gitHub_projects/laravel-php-example/vendor/laravel/framework/src/Illuminate/Pipeline/Pipeline.php(171): Illuminate\\Foundation\\Http\\Middleware\\VerifyCsrfToken->handle(Object(Illuminate\\Http\\Request), Object(Closure))
#17 /mnt/window/Users/Name/Documents/yure_2019/gitHub_projects/laravel-php-example/vendor/laravel/framework/src/Illuminate/View/Middleware/ShareErrorsFromSession.php(49): Illuminate\\Pipeline\\Pipeline->Illuminate\\Pipeline\\{closure}(Object(Illuminate\\Http\\Request))
#18 /mnt/window/Users/Name/Documents/yure_2019/gitHub_projects/laravel-php-example/vendor/laravel/framework/src/Illuminate/Pipeline/Pipeline.php(171): Illuminate\\View\\Middleware\\ShareErrorsFromSession->handle(Object(Illuminate\\Http\\Request), Object(Closure))
#19 /mnt/window/Users/Name/Documents/yure_2019/gitHub_projects/laravel-php-example/vendor/laravel/framework/src/Illuminate/Session/Middleware/StartSession.php(56): Illuminate\\Pipeline\\Pipeline->Illuminate\\Pipeline\\{closure}(Object(Illuminate\\Http\\Request))
#20 /mnt/window/Users/Name/Documents/yure_2019/gitHub_projects/laravel-php-example/vendor/laravel/framework/src/Illuminate/Pipeline/Pipeline.php(171): Illuminate\\Session\\Middleware\\StartSession->handle(Object(Illuminate\\Http\\Request), Object(Closure))
#21 /mnt/window/Users/Name/Documents/yure_2019/gitHub_projects/laravel-php-example/vendor/laravel/framework/src/Illuminate/Cookie/Middleware/AddQueuedCookiesToResponse.php(37): Illuminate\\Pipeline\\Pipeline->Illuminate\\Pipeline\\{closure}(Object(Illuminate\\Http\\Request))
#22 /mnt/window/Users/Name/Documents/yure_2019/gitHub_projects/laravel-php-example/vendor/laravel/framework/src/Illuminate/Pipeline/Pipeline.php(171): Illuminate\\Cookie\\Middleware\\AddQueuedCookiesToResponse->handle(Object(Illuminate\\Http\\Request), Object(Closure))
#23 /mnt/window/Users/Name/Documents/yure_2019/gitHub_projects/laravel-php-example/vendor/laravel/framework/src/Illuminate/Cookie/Middleware/EncryptCookies.php(66): Illuminate\\Pipeline\\Pipeline->Illuminate\\Pipeline\\{closure}(Object(Illuminate\\Http\\Request))
#24 /mnt/window/Users/Name/Documents/yure_2019/gitHub_projects/laravel-php-example/vendor/laravel/framework/src/Illuminate/Pipeline/Pipeline.php(171): Illuminate\\Cookie\\Middleware\\EncryptCookies->handle(Object(Illuminate\\Http\\Request), Object(Closure))
#25 /mnt/window/Users/Name/Documents/yure_2019/gitHub_projects/laravel-php-example/vendor/laravel/framework/src/Illuminate/Pipeline/Pipeline.php(105): Illuminate\\Pipeline\\Pipeline->Illuminate\\Pipeline\\{closure}(Object(Illuminate\\Http\\Request))
#26 /mnt/window/Users/Name/Documents/yure_2019/gitHub_projects/laravel-php-example/vendor/laravel/framework/src/Illuminate/Routing/Router.php(682): Illuminate\\Pipeline\\Pipeline->then(Object(Closure))
#27 /mnt/window/Users/Name/Documents/yure_2019/gitHub_projects/laravel-php-example/vendor/laravel/framework/src/Illuminate/Routing/Router.php(657): Illuminate\\Routing\\Router->runRouteWithinStack(Object(Illuminate\\Routing\\Route), Object(Illuminate\\Http\\Request))
#28 /mnt/window/Users/Name/Documents/yure_2019/gitHub_projects/laravel-php-example/vendor/laravel/framework/src/Illuminate/Routing/Router.php(623): Illuminate\\Routing\\Router->runRoute(Object(Illuminate\\Http\\Request), Object(Illuminate\\Routing\\Route))
#29 /mnt/window/Users/Name/Documents/yure_2019/gitHub_projects/laravel-php-example/vendor/laravel/framework/src/Illuminate/Routing/Router.php(612): Illuminate\\Routing\\Router->dispatchToRoute(Object(Illuminate\\Http\\Request))
#30 /mnt/window/Users/Name/Documents/yure_2019/gitHub_projects/laravel-php-example/vendor/laravel/framework/src/Illuminate/Foundation/Http/Kernel.php(176): Illuminate\\Routing\\Router->dispatch(Object(Illuminate\\Http\\Request))
#31 /mnt/window/Users/Name/Documents/yure_2019/gitHub_projects/laravel-php-example/vendor/laravel/framework/src/Illuminate/Pipeline/Pipeline.php(130): Illuminate\\Foundation\\Http\\Kernel->Illuminate\\Foundation\\Http\\{closure}(Object(Illuminate\\Http\\Request))
#32 /mnt/window/Users/Name/Documents/yure_2019/gitHub_projects/laravel-php-example/vendor/laravel/framework/src/Illuminate/Foundation/Http/Middleware/TransformsRequest.php(21): Illuminate\\Pipeline\\Pipeline->Illuminate\\Pipeline\\{closure}(Object(Illuminate\\Http\\Request))
#33 /mnt/window/Users/Name/Documents/yure_2019/gitHub_projects/laravel-php-example/vendor/laravel/framework/src/Illuminate/Pipeline/Pipeline.php(171): Illuminate\\Foundation\\Http\\Middleware\\TransformsRequest->handle(Object(Illuminate\\Http\\Request), Object(Closure))
#34 /mnt/window/Users/Name/Documents/yure_2019/gitHub_projects/laravel-php-example/vendor/laravel/framework/src/Illuminate/Foundation/Http/Middleware/TransformsRequest.php(21): Illuminate\\Pipeline\\Pipeline->Illuminate\\Pipeline\\{closure}(Object(Illuminate\\Http\\Request))
#35 /mnt/window/Users/Name/Documents/yure_2019/gitHub_projects/laravel-php-example/vendor/laravel/framework/src/Illuminate/Pipeline/Pipeline.php(171): Illuminate\\Foundation\\Http\\Middleware\\TransformsRequest->handle(Object(Illuminate\\Http\\Request), Object(Closure))
#36 /mnt/window/Users/Name/Documents/yure_2019/gitHub_projects/laravel-php-example/vendor/laravel/framework/src/Illuminate/Foundation/Http/Middleware/ValidatePostSize.php(27): Illuminate\\Pipeline\\Pipeline->Illuminate\\Pipeline\\{closure}(Object(Illuminate\\Http\\Request))
#37 /mnt/window/Users/Name/Documents/yure_2019/gitHub_projects/laravel-php-example/vendor/laravel/framework/src/Illuminate/Pipeline/Pipeline.php(171): Illuminate\\Foundation\\Http\\Middleware\\ValidatePostSize->handle(Object(Illuminate\\Http\\Request), Object(Closure))
#38 /mnt/window/Users/Name/Documents/yure_2019/gitHub_projects/laravel-php-example/vendor/laravel/framework/src/Illuminate/Foundation/Http/Middleware/CheckForMaintenanceMode.php(62): Illuminate\\Pipeline\\Pipeline->Illuminate\\Pipeline\\{closure}(Object(Illuminate\\Http\\Request))
#39 /mnt/window/Users/Name/Documents/yure_2019/gitHub_projects/laravel-php-example/vendor/laravel/framework/src/Illuminate/Pipeline/Pipeline.php(171): Illuminate\\Foundation\\Http\\Middleware\\CheckForMaintenanceMode->handle(Object(Illuminate\\Http\\Request), Object(Closure))
#40 /mnt/window/Users/Name/Documents/yure_2019/gitHub_projects/laravel-php-example/vendor/fideloper/proxy/src/TrustProxies.php(57): Illuminate\\Pipeline\\Pipeline->Illuminate\\Pipeline\\{closure}(Object(Illuminate\\Http\\Request))
#41 /mnt/window/Users/Name/Documents/yure_2019/gitHub_projects/laravel-php-example/vendor/laravel/framework/src/Illuminate/Pipeline/Pipeline.php(171): Fideloper\\Proxy\\TrustProxies->handle(Object(Illuminate\\Http\\Request), Object(Closure))
#42 /mnt/window/Users/Name/Documents/yure_2019/gitHub_projects/laravel-php-example/vendor/laravel/framework/src/Illuminate/Pipeline/Pipeline.php(105): Illuminate\\Pipeline\\Pipeline->Illuminate\\Pipeline\\{closure}(Object(Illuminate\\Http\\Request))
#43 /mnt/window/Users/Name/Documents/yure_2019/gitHub_projects/laravel-php-example/vendor/laravel/framework/src/Illuminate/Foundation/Http/Kernel.php(151): Illuminate\\Pipeline\\Pipeline->then(Object(Closure))
#44 /mnt/window/Users/Name/Documents/yure_2019/gitHub_projects/laravel-php-example/vendor/laravel/framework/src/Illuminate/Foundation/Http/Kernel.php(116): Illuminate\\Foundation\\Http\\Kernel->sendRequestThroughRouter(Object(Illuminate\\Http\\Request))
#45 /mnt/window/Users/Name/Documents/yure_2019/gitHub_projects/laravel-php-example/public/index.php(55): Illuminate\\Foundation\\Http\\Kernel->handle(Object(Illuminate\\Http\\Request))
#46 /mnt/window/Users/Name/Documents/yure_2019/gitHub_projects/laravel-php-example/server.php(21): require_once('/mnt/window/Use...')
#47 {main}

[previous exception] [object] (ErrorException(code: 0): Trying to get property 'title' of non-object at /mnt/window/Users/Name/Documents/yure_2019/gitHub_projects/laravel-php-example/storage/framework/views/9fd139b13a6bf85a0cd2d756827c77485cdb5880.php:17)
[stacktrace]
#0 /mnt/window/Users/Name/Documents/yure_2019/gitHub_projects/laravel-php-example/storage/framework/views/9fd139b13a6bf85a0cd2d756827c77485cdb5880.php(17): Illuminate\\Foundation\\Bootstrap\\HandleExceptions->handleError(8, 'Trying to get p...', '/mnt/window/Use...', 17, Array)
#1 /mnt/window/Users/Name/Documents/yure_2019/gitHub_projects/laravel-php-example/vendor/laravel/framework/src/Illuminate/View/Engines/PhpEngine.php(43): include('/mnt/window/Use...')
#2 /mnt/window/Users/Name/Documents/yure_2019/gitHub_projects/laravel-php-example/vendor/laravel/framework/src/Illuminate/View/Engines/CompilerEngine.php(59): Illuminate\\View\\Engines\\PhpEngine->evaluatePath('/mnt/window/Use...', Array)
#3 /mnt/window/Users/Name/Documents/yure_2019/gitHub_projects/laravel-php-example/vendor/facade/ignition/src/Views/Engines/CompilerEngine.php(36): Illuminate\\View\\Engines\\CompilerEngine->get('/mnt/window/Use...', Array)
#4 /mnt/window/Users/Name/Documents/yure_2019/gitHub_projects/laravel-php-example/vendor/laravel/framework/src/Illuminate/View/View.php(143): Facade\\Ignition\\Views\\Engines\\CompilerEngine->get('/mnt/window/Use...', Array)
#5 /mnt/window/Users/Name/Documents/yure_2019/gitHub_projects/laravel-php-example/vendor/laravel/framework/src/Illuminate/View/View.php(126): Illuminate\\View\\View->getContents()
#6 /mnt/window/Users/Name/Documents/yure_2019/gitHub_projects/laravel-php-example/vendor/laravel/framework/src/Illuminate/View/View.php(91): Illuminate\\View\\View->renderContents()
#7 /mnt/window/Users/Name/Documents/yure_2019/gitHub_projects/laravel-php-example/vendor/laravel/framework/src/Illuminate/Http/Response.php(42): Illuminate\\View\\View->render()
#8 /mnt/window/Users/Name/Documents/yure_2019/gitHub_projects/laravel-php-example/vendor/symfony/http-foundation/Response.php(202): Illuminate\\Http\\Response->setContent(Object(Illuminate\\View\\View))
#9 /mnt/window/Users/Name/Documents/yure_2019/gitHub_projects/laravel-php-example/vendor/laravel/framework/src/Illuminate/Routing/Router.php(748): Symfony\\Component\\HttpFoundation\\Response->__construct(Object(Illuminate\\View\\View))
#10 /mnt/window/Users/Name/Documents/yure_2019/gitHub_projects/laravel-php-example/vendor/laravel/framework/src/Illuminate/Routing/Router.php(720): Illuminate\\Routing\\Router::toResponse(Object(Illuminate\\Http\\Request), Object(Illuminate\\View\\View))
#11 /mnt/window/Users/Name/Documents/yure_2019/gitHub_projects/laravel-php-example/vendor/laravel/framework/src/Illuminate/Routing/Router.php(680): Illuminate\\Routing\\Router->prepareResponse(Object(Illuminate\\Http\\Request), Object(Illuminate\\View\\View))
#12 /mnt/window/Users/Name/Documents/yure_2019/gitHub_projects/laravel-php-example/vendor/laravel/framework/src/Illuminate/Pipeline/Pipeline.php(130): Illuminate\\Routing\\Router->Illuminate\\Routing\\{closure}(Object(Illuminate\\Http\\Request))
#13 /mnt/window/Users/Name/Documents/yure_2019/gitHub_projects/laravel-php-example/vendor/laravel/framework/src/Illuminate/Routing/Middleware/SubstituteBindings.php(41): Illuminate\\Pipeline\\Pipeline->Illuminate\\Pipeline\\{closure}(Object(Illuminate\\Http\\Request))
#14 /mnt/window/Users/Name/Documents/yure_2019/gitHub_projects/laravel-php-example/vendor/laravel/framework/src/Illuminate/Pipeline/Pipeline.php(171): Illuminate\\Routing\\Middleware\\SubstituteBindings->handle(Object(Illuminate\\Http\\Request), Object(Closure))
#15 /mnt/window/Users/Name/Documents/yure_2019/gitHub_projects/laravel-php-example/vendor/laravel/framework/src/Illuminate/Foundation/Http/Middleware/VerifyCsrfToken.php(75): Illuminate\\Pipeline\\Pipeline->Illuminate\\Pipeline\\{closure}(Object(Illuminate\\Http\\Request))
#16 /mnt/window/Users/Name/Documents/yure_2019/gitHub_projects/laravel-php-example/vendor/laravel/framework/src/Illuminate/Pipeline/Pipeline.php(171): Illuminate\\Foundation\\Http\\Middleware\\VerifyCsrfToken->handle(Object(Illuminate\\Http\\Request), Object(Closure))
#17 /mnt/window/Users/Name/Documents/yure_2019/gitHub_projects/laravel-php-example/vendor/laravel/framework/src/Illuminate/View/Middleware/ShareErrorsFromSession.php(49): Illuminate\\Pipeline\\Pipeline->Illuminate\\Pipeline\\{closure}(Object(Illuminate\\Http\\Request))
#18 /mnt/window/Users/Name/Documents/yure_2019/gitHub_projects/laravel-php-example/vendor/laravel/framework/src/Illuminate/Pipeline/Pipeline.php(171): Illuminate\\View\\Middleware\\ShareErrorsFromSession->handle(Object(Illuminate\\Http\\Request), Object(Closure))
#19 /mnt/window/Users/Name/Documents/yure_2019/gitHub_projects/laravel-php-example/vendor/laravel/framework/src/Illuminate/Session/Middleware/StartSession.php(56): Illuminate\\Pipeline\\Pipeline->Illuminate\\Pipeline\\{closure}(Object(Illuminate\\Http\\Request))
#20 /mnt/window/Users/Name/Documents/yure_2019/gitHub_projects/laravel-php-example/vendor/laravel/framework/src/Illuminate/Pipeline/Pipeline.php(171): Illuminate\\Session\\Middleware\\StartSession->handle(Object(Illuminate\\Http\\Request), Object(Closure))
#21 /mnt/window/Users/Name/Documents/yure_2019/gitHub_projects/laravel-php-example/vendor/laravel/framework/src/Illuminate/Cookie/Middleware/AddQueuedCookiesToResponse.php(37): Illuminate\\Pipeline\\Pipeline->Illuminate\\Pipeline\\{closure}(Object(Illuminate\\Http\\Request))
#22 /mnt/window/Users/Name/Documents/yure_2019/gitHub_projects/laravel-php-example/vendor/laravel/framework/src/Illuminate/Pipeline/Pipeline.php(171): Illuminate\\Cookie\\Middleware\\AddQueuedCookiesToResponse->handle(Object(Illuminate\\Http\\Request), Object(Closure))
#23 /mnt/window/Users/Name/Documents/yure_2019/gitHub_projects/laravel-php-example/vendor/laravel/framework/src/Illuminate/Cookie/Middleware/EncryptCookies.php(66): Illuminate\\Pipeline\\Pipeline->Illuminate\\Pipeline\\{closure}(Object(Illuminate\\Http\\Request))
#24 /mnt/window/Users/Name/Documents/yure_2019/gitHub_projects/laravel-php-example/vendor/laravel/framework/src/Illuminate/Pipeline/Pipeline.php(171): Illuminate\\Cookie\\Middleware\\EncryptCookies->handle(Object(Illuminate\\Http\\Request), Object(Closure))
#25 /mnt/window/Users/Name/Documents/yure_2019/gitHub_projects/laravel-php-example/vendor/laravel/framework/src/Illuminate/Pipeline/Pipeline.php(105): Illuminate\\Pipeline\\Pipeline->Illuminate\\Pipeline\\{closure}(Object(Illuminate\\Http\\Request))
#26 /mnt/window/Users/Name/Documents/yure_2019/gitHub_projects/laravel-php-example/vendor/laravel/framework/src/Illuminate/Routing/Router.php(682): Illuminate\\Pipeline\\Pipeline->then(Object(Closure))
#27 /mnt/window/Users/Name/Documents/yure_2019/gitHub_projects/laravel-php-example/vendor/laravel/framework/src/Illuminate/Routing/Router.php(657): Illuminate\\Routing\\Router->runRouteWithinStack(Object(Illuminate\\Routing\\Route), Object(Illuminate\\Http\\Request))
#28 /mnt/window/Users/Name/Documents/yure_2019/gitHub_projects/laravel-php-example/vendor/laravel/framework/src/Illuminate/Routing/Router.php(623): Illuminate\\Routing\\Router->runRoute(Object(Illuminate\\Http\\Request), Object(Illuminate\\Routing\\Route))
#29 /mnt/window/Users/Name/Documents/yure_2019/gitHub_projects/laravel-php-example/vendor/laravel/framework/src/Illuminate/Routing/Router.php(612): Illuminate\\Routing\\Router->dispatchToRoute(Object(Illuminate\\Http\\Request))
#30 /mnt/window/Users/Name/Documents/yure_2019/gitHub_projects/laravel-php-example/vendor/laravel/framework/src/Illuminate/Foundation/Http/Kernel.php(176): Illuminate\\Routing\\Router->dispatch(Object(Illuminate\\Http\\Request))
#31 /mnt/window/Users/Name/Documents/yure_2019/gitHub_projects/laravel-php-example/vendor/laravel/framework/src/Illuminate/Pipeline/Pipeline.php(130): Illuminate\\Foundation\\Http\\Kernel->Illuminate\\Foundation\\Http\\{closure}(Object(Illuminate\\Http\\Request))
#32 /mnt/window/Users/Name/Documents/yure_2019/gitHub_projects/laravel-php-example/vendor/laravel/framework/src/Illuminate/Foundation/Http/Middleware/TransformsRequest.php(21): Illuminate\\Pipeline\\Pipeline->Illuminate\\Pipeline\\{closure}(Object(Illuminate\\Http\\Request))
#33 /mnt/window/Users/Name/Documents/yure_2019/gitHub_projects/laravel-php-example/vendor/laravel/framework/src/Illuminate/Pipeline/Pipeline.php(171): Illuminate\\Foundation\\Http\\Middleware\\TransformsRequest->handle(Object(Illuminate\\Http\\Request), Object(Closure))
#34 /mnt/window/Users/Name/Documents/yure_2019/gitHub_projects/laravel-php-example/vendor/laravel/framework/src/Illuminate/Foundation/Http/Middleware/TransformsRequest.php(21): Illuminate\\Pipeline\\Pipeline->Illuminate\\Pipeline\\{closure}(Object(Illuminate\\Http\\Request))
#35 /mnt/window/Users/Name/Documents/yure_2019/gitHub_projects/laravel-php-example/vendor/laravel/framework/src/Illuminate/Pipeline/Pipeline.php(171): Illuminate\\Foundation\\Http\\Middleware\\TransformsRequest->handle(Object(Illuminate\\Http\\Request), Object(Closure))
#36 /mnt/window/Users/Name/Documents/yure_2019/gitHub_projects/laravel-php-example/vendor/laravel/framework/src/Illuminate/Foundation/Http/Middleware/ValidatePostSize.php(27): Illuminate\\Pipeline\\Pipeline->Illuminate\\Pipeline\\{closure}(Object(Illuminate\\Http\\Request))
#37 /mnt/window/Users/Name/Documents/yure_2019/gitHub_projects/laravel-php-example/vendor/laravel/framework/src/Illuminate/Pipeline/Pipeline.php(171): Illuminate\\Foundation\\Http\\Middleware\\ValidatePostSize->handle(Object(Illuminate\\Http\\Request), Object(Closure))
#38 /mnt/window/Users/Name/Documents/yure_2019/gitHub_projects/laravel-php-example/vendor/laravel/framework/src/Illuminate/Foundation/Http/Middleware/CheckForMaintenanceMode.php(62): Illuminate\\Pipeline\\Pipeline->Illuminate\\Pipeline\\{closure}(Object(Illuminate\\Http\\Request))
#39 /mnt/window/Users/Name/Documents/yure_2019/gitHub_projects/laravel-php-example/vendor/laravel/framework/src/Illuminate/Pipeline/Pipeline.php(171): Illuminate\\Foundation\\Http\\Middleware\\CheckForMaintenanceMode->handle(Object(Illuminate\\Http\\Request), Object(Closure))
#40 /mnt/window/Users/Name/Documents/yure_2019/gitHub_projects/laravel-php-example/vendor/fideloper/proxy/src/TrustProxies.php(57): Illuminate\\Pipeline\\Pipeline->Illuminate\\Pipeline\\{closure}(Object(Illuminate\\Http\\Request))
#41 /mnt/window/Users/Name/Documents/yure_2019/gitHub_projects/laravel-php-example/vendor/laravel/framework/src/Illuminate/Pipeline/Pipeline.php(171): Fideloper\\Proxy\\TrustProxies->handle(Object(Illuminate\\Http\\Request), Object(Closure))
#42 /mnt/window/Users/Name/Documents/yure_2019/gitHub_projects/laravel-php-example/vendor/laravel/framework/src/Illuminate/Pipeline/Pipeline.php(105): Illuminate\\Pipeline\\Pipeline->Illuminate\\Pipeline\\{closure}(Object(Illuminate\\Http\\Request))
#43 /mnt/window/Users/Name/Documents/yure_2019/gitHub_projects/laravel-php-example/vendor/laravel/framework/src/Illuminate/Foundation/Http/Kernel.php(151): Illuminate\\Pipeline\\Pipeline->then(Object(Closure))
#44 /mnt/window/Users/Name/Documents/yure_2019/gitHub_projects/laravel-php-example/vendor/laravel/framework/src/Illuminate/Foundation/Http/Kernel.php(116): Illuminate\\Foundation\\Http\\Kernel->sendRequestThroughRouter(Object(Illuminate\\Http\\Request))
#45 /mnt/window/Users/Name/Documents/yure_2019/gitHub_projects/laravel-php-example/public/index.php(55): Illuminate\\Foundation\\Http\\Kernel->handle(Object(Illuminate\\Http\\Request))
#46 /mnt/window/Users/Name/Documents/yure_2019/gitHub_projects/laravel-php-example/server.php(21): require_once('/mnt/window/Use...')
#47 {main}
"} 
[2019-09-23 21:56:27] local.ERROR: Undefined variable: user (View: /mnt/window/Users/Name/Documents/yure_2019/gitHub_projects/laravel-php-example/resources/views/posts/create.blade.php) {"exception":"[object] (Facade\\Ignition\\Exceptions\\ViewException(code: 0): Undefined variable: user (View: /mnt/window/Users/Name/Documents/yure_2019/gitHub_projects/laravel-php-example/resources/views/posts/create.blade.php) at /mnt/window/Users/Name/Documents/yure_2019/gitHub_projects/laravel-php-example/resources/views/posts/create.blade.php:11)
[stacktrace]
#0 /mnt/window/Users/Name/Documents/yure_2019/gitHub_projects/laravel-php-example/resources/views/posts/create.blade.php(11): Illuminate\\Foundation\\Bootstrap\\HandleExceptions->handleError(8, 'Undefined varia...', '/mnt/window/Use...', 9, Array)
#1 /mnt/window/Users/Name/Documents/yure_2019/gitHub_projects/laravel-php-example/vendor/laravel/framework/src/Illuminate/View/Engines/PhpEngine.php(43): include('/mnt/window/Use...')
#2 /mnt/window/Users/Name/Documents/yure_2019/gitHub_projects/laravel-php-example/vendor/laravel/framework/src/Illuminate/View/Engines/CompilerEngine.php(59): Illuminate\\View\\Engines\\PhpEngine->evaluatePath('/mnt/window/Use...', Array)
#3 /mnt/window/Users/Name/Documents/yure_2019/gitHub_projects/laravel-php-example/vendor/facade/ignition/src/Views/Engines/CompilerEngine.php(36): Illuminate\\View\\Engines\\CompilerEngine->get('/mnt/window/Use...', Array)
#4 /mnt/window/Users/Name/Documents/yure_2019/gitHub_projects/laravel-php-example/vendor/laravel/framework/src/Illuminate/View/View.php(143): Facade\\Ignition\\Views\\Engines\\CompilerEngine->get('/mnt/window/Use...', Array)
#5 /mnt/window/Users/Name/Documents/yure_2019/gitHub_projects/laravel-php-example/vendor/laravel/framework/src/Illuminate/View/View.php(126): Illuminate\\View\\View->getContents()
#6 /mnt/window/Users/Name/Documents/yure_2019/gitHub_projects/laravel-php-example/vendor/laravel/framework/src/Illuminate/View/View.php(91): Illuminate\\View\\View->renderContents()
#7 /mnt/window/Users/Name/Documents/yure_2019/gitHub_projects/laravel-php-example/vendor/laravel/framework/src/Illuminate/Http/Response.php(42): Illuminate\\View\\View->render()
#8 /mnt/window/Users/Name/Documents/yure_2019/gitHub_projects/laravel-php-example/vendor/symfony/http-foundation/Response.php(202): Illuminate\\Http\\Response->setContent(Object(Illuminate\\View\\View))
#9 /mnt/window/Users/Name/Documents/yure_2019/gitHub_projects/laravel-php-example/vendor/laravel/framework/src/Illuminate/Routing/Router.php(748): Symfony\\Component\\HttpFoundation\\Response->__construct(Object(Illuminate\\View\\View))
#10 /mnt/window/Users/Name/Documents/yure_2019/gitHub_projects/laravel-php-example/vendor/laravel/framework/src/Illuminate/Routing/Router.php(720): Illuminate\\Routing\\Router::toResponse(Object(Illuminate\\Http\\Request), Object(Illuminate\\View\\View))
#11 /mnt/window/Users/Name/Documents/yure_2019/gitHub_projects/laravel-php-example/vendor/laravel/framework/src/Illuminate/Routing/Router.php(680): Illuminate\\Routing\\Router->prepareResponse(Object(Illuminate\\Http\\Request), Object(Illuminate\\View\\View))
#12 /mnt/window/Users/Name/Documents/yure_2019/gitHub_projects/laravel-php-example/vendor/laravel/framework/src/Illuminate/Pipeline/Pipeline.php(130): Illuminate\\Routing\\Router->Illuminate\\Routing\\{closure}(Object(Illuminate\\Http\\Request))
#13 /mnt/window/Users/Name/Documents/yure_2019/gitHub_projects/laravel-php-example/vendor/laravel/framework/src/Illuminate/Routing/Middleware/SubstituteBindings.php(41): Illuminate\\Pipeline\\Pipeline->Illuminate\\Pipeline\\{closure}(Object(Illuminate\\Http\\Request))
#14 /mnt/window/Users/Name/Documents/yure_2019/gitHub_projects/laravel-php-example/vendor/laravel/framework/src/Illuminate/Pipeline/Pipeline.php(171): Illuminate\\Routing\\Middleware\\SubstituteBindings->handle(Object(Illuminate\\Http\\Request), Object(Closure))
#15 /mnt/window/Users/Name/Documents/yure_2019/gitHub_projects/laravel-php-example/vendor/laravel/framework/src/Illuminate/Foundation/Http/Middleware/VerifyCsrfToken.php(75): Illuminate\\Pipeline\\Pipeline->Illuminate\\Pipeline\\{closure}(Object(Illuminate\\Http\\Request))
#16 /mnt/window/Users/Name/Documents/yure_2019/gitHub_projects/laravel-php-example/vendor/laravel/framework/src/Illuminate/Pipeline/Pipeline.php(171): Illuminate\\Foundation\\Http\\Middleware\\VerifyCsrfToken->handle(Object(Illuminate\\Http\\Request), Object(Closure))
#17 /mnt/window/Users/Name/Documents/yure_2019/gitHub_projects/laravel-php-example/vendor/laravel/framework/src/Illuminate/View/Middleware/ShareErrorsFromSession.php(49): Illuminate\\Pipeline\\Pipeline->Illuminate\\Pipeline\\{closure}(Object(Illuminate\\Http\\Request))
#18 /mnt/window/Users/Name/Documents/yure_2019/gitHub_projects/laravel-php-example/vendor/laravel/framework/src/Illuminate/Pipeline/Pipeline.php(171): Illuminate\\View\\Middleware\\ShareErrorsFromSession->handle(Object(Illuminate\\Http\\Request), Object(Closure))
#19 /mnt/window/Users/Name/Documents/yure_2019/gitHub_projects/laravel-php-example/vendor/laravel/framework/src/Illuminate/Session/Middleware/StartSession.php(56): Illuminate\\Pipeline\\Pipeline->Illuminate\\Pipeline\\{closure}(Object(Illuminate\\Http\\Request))
#20 /mnt/window/Users/Name/Documents/yure_2019/gitHub_projects/laravel-php-example/vendor/laravel/framework/src/Illuminate/Pipeline/Pipeline.php(171): Illuminate\\Session\\Middleware\\StartSession->handle(Object(Illuminate\\Http\\Request), Object(Closure))
#21 /mnt/window/Users/Name/Documents/yure_2019/gitHub_projects/laravel-php-example/vendor/laravel/framework/src/Illuminate/Cookie/Middleware/AddQueuedCookiesToResponse.php(37): Illuminate\\Pipeline\\Pipeline->Illuminate\\Pipeline\\{closure}(Object(Illuminate\\Http\\Request))
#22 /mnt/window/Users/Name/Documents/yure_2019/gitHub_projects/laravel-php-example/vendor/laravel/framework/src/Illuminate/Pipeline/Pipeline.php(171): Illuminate\\Cookie\\Middleware\\AddQueuedCookiesToResponse->handle(Object(Illuminate\\Http\\Request), Object(Closure))
#23 /mnt/window/Users/Name/Documents/yure_2019/gitHub_projects/laravel-php-example/vendor/laravel/framework/src/Illuminate/Cookie/Middleware/EncryptCookies.php(66): Illuminate\\Pipeline\\Pipeline->Illuminate\\Pipeline\\{closure}(Object(Illuminate\\Http\\Request))
#24 /mnt/window/Users/Name/Documents/yure_2019/gitHub_projects/laravel-php-example/vendor/laravel/framework/src/Illuminate/Pipeline/Pipeline.php(171): Illuminate\\Cookie\\Middleware\\EncryptCookies->handle(Object(Illuminate\\Http\\Request), Object(Closure))
#25 /mnt/window/Users/Name/Documents/yure_2019/gitHub_projects/laravel-php-example/vendor/laravel/framework/src/Illuminate/Pipeline/Pipeline.php(105): Illuminate\\Pipeline\\Pipeline->Illuminate\\Pipeline\\{closure}(Object(Illuminate\\Http\\Request))
#26 /mnt/window/Users/Name/Documents/yure_2019/gitHub_projects/laravel-php-example/vendor/laravel/framework/src/Illuminate/Routing/Router.php(682): Illuminate\\Pipeline\\Pipeline->then(Object(Closure))
#27 /mnt/window/Users/Name/Documents/yure_2019/gitHub_projects/laravel-php-example/vendor/laravel/framework/src/Illuminate/Routing/Router.php(657): Illuminate\\Routing\\Router->runRouteWithinStack(Object(Illuminate\\Routing\\Route), Object(Illuminate\\Http\\Request))
#28 /mnt/window/Users/Name/Documents/yure_2019/gitHub_projects/laravel-php-example/vendor/laravel/framework/src/Illuminate/Routing/Router.php(623): Illuminate\\Routing\\Router->runRoute(Object(Illuminate\\Http\\Request), Object(Illuminate\\Routing\\Route))
#29 /mnt/window/Users/Name/Documents/yure_2019/gitHub_projects/laravel-php-example/vendor/laravel/framework/src/Illuminate/Routing/Router.php(612): Illuminate\\Routing\\Router->dispatchToRoute(Object(Illuminate\\Http\\Request))
#30 /mnt/window/Users/Name/Documents/yure_2019/gitHub_projects/laravel-php-example/vendor/laravel/framework/src/Illuminate/Foundation/Http/Kernel.php(176): Illuminate\\Routing\\Router->dispatch(Object(Illuminate\\Http\\Request))
#31 /mnt/window/Users/Name/Documents/yure_2019/gitHub_projects/laravel-php-example/vendor/laravel/framework/src/Illuminate/Pipeline/Pipeline.php(130): Illuminate\\Foundation\\Http\\Kernel->Illuminate\\Foundation\\Http\\{closure}(Object(Illuminate\\Http\\Request))
#32 /mnt/window/Users/Name/Documents/yure_2019/gitHub_projects/laravel-php-example/vendor/laravel/framework/src/Illuminate/Foundation/Http/Middleware/TransformsRequest.php(21): Illuminate\\Pipeline\\Pipeline->Illuminate\\Pipeline\\{closure}(Object(Illuminate\\Http\\Request))
#33 /mnt/window/Users/Name/Documents/yure_2019/gitHub_projects/laravel-php-example/vendor/laravel/framework/src/Illuminate/Pipeline/Pipeline.php(171): Illuminate\\Foundation\\Http\\Middleware\\TransformsRequest->handle(Object(Illuminate\\Http\\Request), Object(Closure))
#34 /mnt/window/Users/Name/Documents/yure_2019/gitHub_projects/laravel-php-example/vendor/laravel/framework/src/Illuminate/Foundation/Http/Middleware/TransformsRequest.php(21): Illuminate\\Pipeline\\Pipeline->Illuminate\\Pipeline\\{closure}(Object(Illuminate\\Http\\Request))
#35 /mnt/window/Users/Name/Documents/yure_2019/gitHub_projects/laravel-php-example/vendor/laravel/framework/src/Illuminate/Pipeline/Pipeline.php(171): Illuminate\\Foundation\\Http\\Middleware\\TransformsRequest->handle(Object(Illuminate\\Http\\Request), Object(Closure))
#36 /mnt/window/Users/Name/Documents/yure_2019/gitHub_projects/laravel-php-example/vendor/laravel/framework/src/Illuminate/Foundation/Http/Middleware/ValidatePostSize.php(27): Illuminate\\Pipeline\\Pipeline->Illuminate\\Pipeline\\{closure}(Object(Illuminate\\Http\\Request))
#37 /mnt/window/Users/Name/Documents/yure_2019/gitHub_projects/laravel-php-example/vendor/laravel/framework/src/Illuminate/Pipeline/Pipeline.php(171): Illuminate\\Foundation\\Http\\Middleware\\ValidatePostSize->handle(Object(Illuminate\\Http\\Request), Object(Closure))
#38 /mnt/window/Users/Name/Documents/yure_2019/gitHub_projects/laravel-php-example/vendor/laravel/framework/src/Illuminate/Foundation/Http/Middleware/CheckForMaintenanceMode.php(62): Illuminate\\Pipeline\\Pipeline->Illuminate\\Pipeline\\{closure}(Object(Illuminate\\Http\\Request))
#39 /mnt/window/Users/Name/Documents/yure_2019/gitHub_projects/laravel-php-example/vendor/laravel/framework/src/Illuminate/Pipeline/Pipeline.php(171): Illuminate\\Foundation\\Http\\Middleware\\CheckForMaintenanceMode->handle(Object(Illuminate\\Http\\Request), Object(Closure))
#40 /mnt/window/Users/Name/Documents/yure_2019/gitHub_projects/laravel-php-example/vendor/fideloper/proxy/src/TrustProxies.php(57): Illuminate\\Pipeline\\Pipeline->Illuminate\\Pipeline\\{closure}(Object(Illuminate\\Http\\Request))
#41 /mnt/window/Users/Name/Documents/yure_2019/gitHub_projects/laravel-php-example/vendor/laravel/framework/src/Illuminate/Pipeline/Pipeline.php(171): Fideloper\\Proxy\\TrustProxies->handle(Object(Illuminate\\Http\\Request), Object(Closure))
#42 /mnt/window/Users/Name/Documents/yure_2019/gitHub_projects/laravel-php-example/vendor/laravel/framework/src/Illuminate/Pipeline/Pipeline.php(105): Illuminate\\Pipeline\\Pipeline->Illuminate\\Pipeline\\{closure}(Object(Illuminate\\Http\\Request))
#43 /mnt/window/Users/Name/Documents/yure_2019/gitHub_projects/laravel-php-example/vendor/laravel/framework/src/Illuminate/Foundation/Http/Kernel.php(151): Illuminate\\Pipeline\\Pipeline->then(Object(Closure))
#44 /mnt/window/Users/Name/Documents/yure_2019/gitHub_projects/laravel-php-example/vendor/laravel/framework/src/Illuminate/Foundation/Http/Kernel.php(116): Illuminate\\Foundation\\Http\\Kernel->sendRequestThroughRouter(Object(Illuminate\\Http\\Request))
#45 /mnt/window/Users/Name/Documents/yure_2019/gitHub_projects/laravel-php-example/public/index.php(55): Illuminate\\Foundation\\Http\\Kernel->handle(Object(Illuminate\\Http\\Request))
#46 /mnt/window/Users/Name/Documents/yure_2019/gitHub_projects/laravel-php-example/server.php(21): require_once('/mnt/window/Use...')
#47 {main}

[previous exception] [object] (ErrorException(code: 0): Undefined variable: user at /mnt/window/Users/Name/Documents/yure_2019/gitHub_projects/laravel-php-example/storage/framework/views/3c321999890c8562a93ec0b007be40eeee1db3dc.php:9)
[stacktrace]
#0 /mnt/window/Users/Name/Documents/yure_2019/gitHub_projects/laravel-php-example/storage/framework/views/3c321999890c8562a93ec0b007be40eeee1db3dc.php(9): Illuminate\\Foundation\\Bootstrap\\HandleExceptions->handleError(8, 'Undefined varia...', '/mnt/window/Use...', 9, Array)
#1 /mnt/window/Users/Name/Documents/yure_2019/gitHub_projects/laravel-php-example/vendor/laravel/framework/src/Illuminate/View/Engines/PhpEngine.php(43): include('/mnt/window/Use...')
#2 /mnt/window/Users/Name/Documents/yure_2019/gitHub_projects/laravel-php-example/vendor/laravel/framework/src/Illuminate/View/Engines/CompilerEngine.php(59): Illuminate\\View\\Engines\\PhpEngine->evaluatePath('/mnt/window/Use...', Array)
#3 /mnt/window/Users/Name/Documents/yure_2019/gitHub_projects/laravel-php-example/vendor/facade/ignition/src/Views/Engines/CompilerEngine.php(36): Illuminate\\View\\Engines\\CompilerEngine->get('/mnt/window/Use...', Array)
#4 /mnt/window/Users/Name/Documents/yure_2019/gitHub_projects/laravel-php-example/vendor/laravel/framework/src/Illuminate/View/View.php(143): Facade\\Ignition\\Views\\Engines\\CompilerEngine->get('/mnt/window/Use...', Array)
#5 /mnt/window/Users/Name/Documents/yure_2019/gitHub_projects/laravel-php-example/vendor/laravel/framework/src/Illuminate/View/View.php(126): Illuminate\\View\\View->getContents()
#6 /mnt/window/Users/Name/Documents/yure_2019/gitHub_projects/laravel-php-example/vendor/laravel/framework/src/Illuminate/View/View.php(91): Illuminate\\View\\View->renderContents()
#7 /mnt/window/Users/Name/Documents/yure_2019/gitHub_projects/laravel-php-example/vendor/laravel/framework/src/Illuminate/Http/Response.php(42): Illuminate\\View\\View->render()
#8 /mnt/window/Users/Name/Documents/yure_2019/gitHub_projects/laravel-php-example/vendor/symfony/http-foundation/Response.php(202): Illuminate\\Http\\Response->setContent(Object(Illuminate\\View\\View))
#9 /mnt/window/Users/Name/Documents/yure_2019/gitHub_projects/laravel-php-example/vendor/laravel/framework/src/Illuminate/Routing/Router.php(748): Symfony\\Component\\HttpFoundation\\Response->__construct(Object(Illuminate\\View\\View))
#10 /mnt/window/Users/Name/Documents/yure_2019/gitHub_projects/laravel-php-example/vendor/laravel/framework/src/Illuminate/Routing/Router.php(720): Illuminate\\Routing\\Router::toResponse(Object(Illuminate\\Http\\Request), Object(Illuminate\\View\\View))
#11 /mnt/window/Users/Name/Documents/yure_2019/gitHub_projects/laravel-php-example/vendor/laravel/framework/src/Illuminate/Routing/Router.php(680): Illuminate\\Routing\\Router->prepareResponse(Object(Illuminate\\Http\\Request), Object(Illuminate\\View\\View))
#12 /mnt/window/Users/Name/Documents/yure_2019/gitHub_projects/laravel-php-example/vendor/laravel/framework/src/Illuminate/Pipeline/Pipeline.php(130): Illuminate\\Routing\\Router->Illuminate\\Routing\\{closure}(Object(Illuminate\\Http\\Request))
#13 /mnt/window/Users/Name/Documents/yure_2019/gitHub_projects/laravel-php-example/vendor/laravel/framework/src/Illuminate/Routing/Middleware/SubstituteBindings.php(41): Illuminate\\Pipeline\\Pipeline->Illuminate\\Pipeline\\{closure}(Object(Illuminate\\Http\\Request))
#14 /mnt/window/Users/Name/Documents/yure_2019/gitHub_projects/laravel-php-example/vendor/laravel/framework/src/Illuminate/Pipeline/Pipeline.php(171): Illuminate\\Routing\\Middleware\\SubstituteBindings->handle(Object(Illuminate\\Http\\Request), Object(Closure))
#15 /mnt/window/Users/Name/Documents/yure_2019/gitHub_projects/laravel-php-example/vendor/laravel/framework/src/Illuminate/Foundation/Http/Middleware/VerifyCsrfToken.php(75): Illuminate\\Pipeline\\Pipeline->Illuminate\\Pipeline\\{closure}(Object(Illuminate\\Http\\Request))
#16 /mnt/window/Users/Name/Documents/yure_2019/gitHub_projects/laravel-php-example/vendor/laravel/framework/src/Illuminate/Pipeline/Pipeline.php(171): Illuminate\\Foundation\\Http\\Middleware\\VerifyCsrfToken->handle(Object(Illuminate\\Http\\Request), Object(Closure))
#17 /mnt/window/Users/Name/Documents/yure_2019/gitHub_projects/laravel-php-example/vendor/laravel/framework/src/Illuminate/View/Middleware/ShareErrorsFromSession.php(49): Illuminate\\Pipeline\\Pipeline->Illuminate\\Pipeline\\{closure}(Object(Illuminate\\Http\\Request))
#18 /mnt/window/Users/Name/Documents/yure_2019/gitHub_projects/laravel-php-example/vendor/laravel/framework/src/Illuminate/Pipeline/Pipeline.php(171): Illuminate\\View\\Middleware\\ShareErrorsFromSession->handle(Object(Illuminate\\Http\\Request), Object(Closure))
#19 /mnt/window/Users/Name/Documents/yure_2019/gitHub_projects/laravel-php-example/vendor/laravel/framework/src/Illuminate/Session/Middleware/StartSession.php(56): Illuminate\\Pipeline\\Pipeline->Illuminate\\Pipeline\\{closure}(Object(Illuminate\\Http\\Request))
#20 /mnt/window/Users/Name/Documents/yure_2019/gitHub_projects/laravel-php-example/vendor/laravel/framework/src/Illuminate/Pipeline/Pipeline.php(171): Illuminate\\Session\\Middleware\\StartSession->handle(Object(Illuminate\\Http\\Request), Object(Closure))
#21 /mnt/window/Users/Name/Documents/yure_2019/gitHub_projects/laravel-php-example/vendor/laravel/framework/src/Illuminate/Cookie/Middleware/AddQueuedCookiesToResponse.php(37): Illuminate\\Pipeline\\Pipeline->Illuminate\\Pipeline\\{closure}(Object(Illuminate\\Http\\Request))
#22 /mnt/window/Users/Name/Documents/yure_2019/gitHub_projects/laravel-php-example/vendor/laravel/framework/src/Illuminate/Pipeline/Pipeline.php(171): Illuminate\\Cookie\\Middleware\\AddQueuedCookiesToResponse->handle(Object(Illuminate\\Http\\Request), Object(Closure))
#23 /mnt/window/Users/Name/Documents/yure_2019/gitHub_projects/laravel-php-example/vendor/laravel/framework/src/Illuminate/Cookie/Middleware/EncryptCookies.php(66): Illuminate\\Pipeline\\Pipeline->Illuminate\\Pipeline\\{closure}(Object(Illuminate\\Http\\Request))
#24 /mnt/window/Users/Name/Documents/yure_2019/gitHub_projects/laravel-php-example/vendor/laravel/framework/src/Illuminate/Pipeline/Pipeline.php(171): Illuminate\\Cookie\\Middleware\\EncryptCookies->handle(Object(Illuminate\\Http\\Request), Object(Closure))
#25 /mnt/window/Users/Name/Documents/yure_2019/gitHub_projects/laravel-php-example/vendor/laravel/framework/src/Illuminate/Pipeline/Pipeline.php(105): Illuminate\\Pipeline\\Pipeline->Illuminate\\Pipeline\\{closure}(Object(Illuminate\\Http\\Request))
#26 /mnt/window/Users/Name/Documents/yure_2019/gitHub_projects/laravel-php-example/vendor/laravel/framework/src/Illuminate/Routing/Router.php(682): Illuminate\\Pipeline\\Pipeline->then(Object(Closure))
#27 /mnt/window/Users/Name/Documents/yure_2019/gitHub_projects/laravel-php-example/vendor/laravel/framework/src/Illuminate/Routing/Router.php(657): Illuminate\\Routing\\Router->runRouteWithinStack(Object(Illuminate\\Routing\\Route), Object(Illuminate\\Http\\Request))
#28 /mnt/window/Users/Name/Documents/yure_2019/gitHub_projects/laravel-php-example/vendor/laravel/framework/src/Illuminate/Routing/Router.php(623): Illuminate\\Routing\\Router->runRoute(Object(Illuminate\\Http\\Request), Object(Illuminate\\Routing\\Route))
#29 /mnt/window/Users/Name/Documents/yure_2019/gitHub_projects/laravel-php-example/vendor/laravel/framework/src/Illuminate/Routing/Router.php(612): Illuminate\\Routing\\Router->dispatchToRoute(Object(Illuminate\\Http\\Request))
#30 /mnt/window/Users/Name/Documents/yure_2019/gitHub_projects/laravel-php-example/vendor/laravel/framework/src/Illuminate/Foundation/Http/Kernel.php(176): Illuminate\\Routing\\Router->dispatch(Object(Illuminate\\Http\\Request))
#31 /mnt/window/Users/Name/Documents/yure_2019/gitHub_projects/laravel-php-example/vendor/laravel/framework/src/Illuminate/Pipeline/Pipeline.php(130): Illuminate\\Foundation\\Http\\Kernel->Illuminate\\Foundation\\Http\\{closure}(Object(Illuminate\\Http\\Request))
#32 /mnt/window/Users/Name/Documents/yure_2019/gitHub_projects/laravel-php-example/vendor/laravel/framework/src/Illuminate/Foundation/Http/Middleware/TransformsRequest.php(21): Illuminate\\Pipeline\\Pipeline->Illuminate\\Pipeline\\{closure}(Object(Illuminate\\Http\\Request))
#33 /mnt/window/Users/Name/Documents/yure_2019/gitHub_projects/laravel-php-example/vendor/laravel/framework/src/Illuminate/Pipeline/Pipeline.php(171): Illuminate\\Foundation\\Http\\Middleware\\TransformsRequest->handle(Object(Illuminate\\Http\\Request), Object(Closure))
#34 /mnt/window/Users/Name/Documents/yure_2019/gitHub_projects/laravel-php-example/vendor/laravel/framework/src/Illuminate/Foundation/Http/Middleware/TransformsRequest.php(21): Illuminate\\Pipeline\\Pipeline->Illuminate\\Pipeline\\{closure}(Object(Illuminate\\Http\\Request))
#35 /mnt/window/Users/Name/Documents/yure_2019/gitHub_projects/laravel-php-example/vendor/laravel/framework/src/Illuminate/Pipeline/Pipeline.php(171): Illuminate\\Foundation\\Http\\Middleware\\TransformsRequest->handle(Object(Illuminate\\Http\\Request), Object(Closure))
#36 /mnt/window/Users/Name/Documents/yure_2019/gitHub_projects/laravel-php-example/vendor/laravel/framework/src/Illuminate/Foundation/Http/Middleware/ValidatePostSize.php(27): Illuminate\\Pipeline\\Pipeline->Illuminate\\Pipeline\\{closure}(Object(Illuminate\\Http\\Request))
#37 /mnt/window/Users/Name/Documents/yure_2019/gitHub_projects/laravel-php-example/vendor/laravel/framework/src/Illuminate/Pipeline/Pipeline.php(171): Illuminate\\Foundation\\Http\\Middleware\\ValidatePostSize->handle(Object(Illuminate\\Http\\Request), Object(Closure))
#38 /mnt/window/Users/Name/Documents/yure_2019/gitHub_projects/laravel-php-example/vendor/laravel/framework/src/Illuminate/Foundation/Http/Middleware/CheckForMaintenanceMode.php(62): Illuminate\\Pipeline\\Pipeline->Illuminate\\Pipeline\\{closure}(Object(Illuminate\\Http\\Request))
#39 /mnt/window/Users/Name/Documents/yure_2019/gitHub_projects/laravel-php-example/vendor/laravel/framework/src/Illuminate/Pipeline/Pipeline.php(171): Illuminate\\Foundation\\Http\\Middleware\\CheckForMaintenanceMode->handle(Object(Illuminate\\Http\\Request), Object(Closure))
#40 /mnt/window/Users/Name/Documents/yure_2019/gitHub_projects/laravel-php-example/vendor/fideloper/proxy/src/TrustProxies.php(57): Illuminate\\Pipeline\\Pipeline->Illuminate\\Pipeline\\{closure}(Object(Illuminate\\Http\\Request))
#41 /mnt/window/Users/Name/Documents/yure_2019/gitHub_projects/laravel-php-example/vendor/laravel/framework/src/Illuminate/Pipeline/Pipeline.php(171): Fideloper\\Proxy\\TrustProxies->handle(Object(Illuminate\\Http\\Request), Object(Closure))
#42 /mnt/window/Users/Name/Documents/yure_2019/gitHub_projects/laravel-php-example/vendor/laravel/framework/src/Illuminate/Pipeline/Pipeline.php(105): Illuminate\\Pipeline\\Pipeline->Illuminate\\Pipeline\\{closure}(Object(Illuminate\\Http\\Request))
#43 /mnt/window/Users/Name/Documents/yure_2019/gitHub_projects/laravel-php-example/vendor/laravel/framework/src/Illuminate/Foundation/Http/Kernel.php(151): Illuminate\\Pipeline\\Pipeline->then(Object(Closure))
#44 /mnt/window/Users/Name/Documents/yure_2019/gitHub_projects/laravel-php-example/vendor/laravel/framework/src/Illuminate/Foundation/Http/Kernel.php(116): Illuminate\\Foundation\\Http\\Kernel->sendRequestThroughRouter(Object(Illuminate\\Http\\Request))
#45 /mnt/window/Users/Name/Documents/yure_2019/gitHub_projects/laravel-php-example/public/index.php(55): Illuminate\\Foundation\\Http\\Kernel->handle(Object(Illuminate\\Http\\Request))
#46 /mnt/window/Users/Name/Documents/yure_2019/gitHub_projects/laravel-php-example/server.php(21): require_once('/mnt/window/Use...')
#47 {main}
"} 
[2019-09-23 23:20:33] local.ERROR: Call to a member function posts() on null {"exception":"[object] (Symfony\\Component\\Debug\\Exception\\FatalThrowableError(code: 0): Call to a member function posts() on null at /mnt/window/Users/Name/Documents/yure_2019/gitHub_projects/laravel-php-example/app/Http/Controllers/PostsController.php:19)
[stacktrace]
#0 [internal function]: App\\Http\\Controllers\\PostsController->store()
#1 /mnt/window/Users/Name/Documents/yure_2019/gitHub_projects/laravel-php-example/vendor/laravel/framework/src/Illuminate/Routing/Controller.php(54): call_user_func_array(Array, Array)
#2 /mnt/window/Users/Name/Documents/yure_2019/gitHub_projects/laravel-php-example/vendor/laravel/framework/src/Illuminate/Routing/ControllerDispatcher.php(45): Illuminate\\Routing\\Controller->callAction('store', Array)
#3 /mnt/window/Users/Name/Documents/yure_2019/gitHub_projects/laravel-php-example/vendor/laravel/framework/src/Illuminate/Routing/Route.php(219): Illuminate\\Routing\\ControllerDispatcher->dispatch(Object(Illuminate\\Routing\\Route), Object(App\\Http\\Controllers\\PostsController), 'store')
#4 /mnt/window/Users/Name/Documents/yure_2019/gitHub_projects/laravel-php-example/vendor/laravel/framework/src/Illuminate/Routing/Route.php(176): Illuminate\\Routing\\Route->runController()
#5 /mnt/window/Users/Name/Documents/yure_2019/gitHub_projects/laravel-php-example/vendor/laravel/framework/src/Illuminate/Routing/Router.php(680): Illuminate\\Routing\\Route->run()
#6 /mnt/window/Users/Name/Documents/yure_2019/gitHub_projects/laravel-php-example/vendor/laravel/framework/src/Illuminate/Pipeline/Pipeline.php(130): Illuminate\\Routing\\Router->Illuminate\\Routing\\{closure}(Object(Illuminate\\Http\\Request))
#7 /mnt/window/Users/Name/Documents/yure_2019/gitHub_projects/laravel-php-example/vendor/laravel/framework/src/Illuminate/Routing/Middleware/SubstituteBindings.php(41): Illuminate\\Pipeline\\Pipeline->Illuminate\\Pipeline\\{closure}(Object(Illuminate\\Http\\Request))
#8 /mnt/window/Users/Name/Documents/yure_2019/gitHub_projects/laravel-php-example/vendor/laravel/framework/src/Illuminate/Pipeline/Pipeline.php(171): Illuminate\\Routing\\Middleware\\SubstituteBindings->handle(Object(Illuminate\\Http\\Request), Object(Closure))
#9 /mnt/window/Users/Name/Documents/yure_2019/gitHub_projects/laravel-php-example/vendor/laravel/framework/src/Illuminate/Foundation/Http/Middleware/VerifyCsrfToken.php(75): Illuminate\\Pipeline\\Pipeline->Illuminate\\Pipeline\\{closure}(Object(Illuminate\\Http\\Request))
#10 /mnt/window/Users/Name/Documents/yure_2019/gitHub_projects/laravel-php-example/vendor/laravel/framework/src/Illuminate/Pipeline/Pipeline.php(171): Illuminate\\Foundation\\Http\\Middleware\\VerifyCsrfToken->handle(Object(Illuminate\\Http\\Request), Object(Closure))
#11 /mnt/window/Users/Name/Documents/yure_2019/gitHub_projects/laravel-php-example/vendor/laravel/framework/src/Illuminate/View/Middleware/ShareErrorsFromSession.php(49): Illuminate\\Pipeline\\Pipeline->Illuminate\\Pipeline\\{closure}(Object(Illuminate\\Http\\Request))
#12 /mnt/window/Users/Name/Documents/yure_2019/gitHub_projects/laravel-php-example/vendor/laravel/framework/src/Illuminate/Pipeline/Pipeline.php(171): Illuminate\\View\\Middleware\\ShareErrorsFromSession->handle(Object(Illuminate\\Http\\Request), Object(Closure))
#13 /mnt/window/Users/Name/Documents/yure_2019/gitHub_projects/laravel-php-example/vendor/laravel/framework/src/Illuminate/Session/Middleware/StartSession.php(56): Illuminate\\Pipeline\\Pipeline->Illuminate\\Pipeline\\{closure}(Object(Illuminate\\Http\\Request))
#14 /mnt/window/Users/Name/Documents/yure_2019/gitHub_projects/laravel-php-example/vendor/laravel/framework/src/Illuminate/Pipeline/Pipeline.php(171): Illuminate\\Session\\Middleware\\StartSession->handle(Object(Illuminate\\Http\\Request), Object(Closure))
#15 /mnt/window/Users/Name/Documents/yure_2019/gitHub_projects/laravel-php-example/vendor/laravel/framework/src/Illuminate/Cookie/Middleware/AddQueuedCookiesToResponse.php(37): Illuminate\\Pipeline\\Pipeline->Illuminate\\Pipeline\\{closure}(Object(Illuminate\\Http\\Request))
#16 /mnt/window/Users/Name/Documents/yure_2019/gitHub_projects/laravel-php-example/vendor/laravel/framework/src/Illuminate/Pipeline/Pipeline.php(171): Illuminate\\Cookie\\Middleware\\AddQueuedCookiesToResponse->handle(Object(Illuminate\\Http\\Request), Object(Closure))
#17 /mnt/window/Users/Name/Documents/yure_2019/gitHub_projects/laravel-php-example/vendor/laravel/framework/src/Illuminate/Cookie/Middleware/EncryptCookies.php(66): Illuminate\\Pipeline\\Pipeline->Illuminate\\Pipeline\\{closure}(Object(Illuminate\\Http\\Request))
#18 /mnt/window/Users/Name/Documents/yure_2019/gitHub_projects/laravel-php-example/vendor/laravel/framework/src/Illuminate/Pipeline/Pipeline.php(171): Illuminate\\Cookie\\Middleware\\EncryptCookies->handle(Object(Illuminate\\Http\\Request), Object(Closure))
#19 /mnt/window/Users/Name/Documents/yure_2019/gitHub_projects/laravel-php-example/vendor/laravel/framework/src/Illuminate/Pipeline/Pipeline.php(105): Illuminate\\Pipeline\\Pipeline->Illuminate\\Pipeline\\{closure}(Object(Illuminate\\Http\\Request))
#20 /mnt/window/Users/Name/Documents/yure_2019/gitHub_projects/laravel-php-example/vendor/laravel/framework/src/Illuminate/Routing/Router.php(682): Illuminate\\Pipeline\\Pipeline->then(Object(Closure))
#21 /mnt/window/Users/Name/Documents/yure_2019/gitHub_projects/laravel-php-example/vendor/laravel/framework/src/Illuminate/Routing/Router.php(657): Illuminate\\Routing\\Router->runRouteWithinStack(Object(Illuminate\\Routing\\Route), Object(Illuminate\\Http\\Request))
#22 /mnt/window/Users/Name/Documents/yure_2019/gitHub_projects/laravel-php-example/vendor/laravel/framework/src/Illuminate/Routing/Router.php(623): Illuminate\\Routing\\Router->runRoute(Object(Illuminate\\Http\\Request), Object(Illuminate\\Routing\\Route))
#23 /mnt/window/Users/Name/Documents/yure_2019/gitHub_projects/laravel-php-example/vendor/laravel/framework/src/Illuminate/Routing/Router.php(612): Illuminate\\Routing\\Router->dispatchToRoute(Object(Illuminate\\Http\\Request))
#24 /mnt/window/Users/Name/Documents/yure_2019/gitHub_projects/laravel-php-example/vendor/laravel/framework/src/Illuminate/Foundation/Http/Kernel.php(176): Illuminate\\Routing\\Router->dispatch(Object(Illuminate\\Http\\Request))
#25 /mnt/window/Users/Name/Documents/yure_2019/gitHub_projects/laravel-php-example/vendor/laravel/framework/src/Illuminate/Pipeline/Pipeline.php(130): Illuminate\\Foundation\\Http\\Kernel->Illuminate\\Foundation\\Http\\{closure}(Object(Illuminate\\Http\\Request))
#26 /mnt/window/Users/Name/Documents/yure_2019/gitHub_projects/laravel-php-example/vendor/laravel/framework/src/Illuminate/Foundation/Http/Middleware/TransformsRequest.php(21): Illuminate\\Pipeline\\Pipeline->Illuminate\\Pipeline\\{closure}(Object(Illuminate\\Http\\Request))
#27 /mnt/window/Users/Name/Documents/yure_2019/gitHub_projects/laravel-php-example/vendor/laravel/framework/src/Illuminate/Pipeline/Pipeline.php(171): Illuminate\\Foundation\\Http\\Middleware\\TransformsRequest->handle(Object(Illuminate\\Http\\Request), Object(Closure))
#28 /mnt/window/Users/Name/Documents/yure_2019/gitHub_projects/laravel-php-example/vendor/laravel/framework/src/Illuminate/Foundation/Http/Middleware/TransformsRequest.php(21): Illuminate\\Pipeline\\Pipeline->Illuminate\\Pipeline\\{closure}(Object(Illuminate\\Http\\Request))
#29 /mnt/window/Users/Name/Documents/yure_2019/gitHub_projects/laravel-php-example/vendor/laravel/framework/src/Illuminate/Pipeline/Pipeline.php(171): Illuminate\\Foundation\\Http\\Middleware\\TransformsRequest->handle(Object(Illuminate\\Http\\Request), Object(Closure))
#30 /mnt/window/Users/Name/Documents/yure_2019/gitHub_projects/laravel-php-example/vendor/laravel/framework/src/Illuminate/Foundation/Http/Middleware/ValidatePostSize.php(27): Illuminate\\Pipeline\\Pipeline->Illuminate\\Pipeline\\{closure}(Object(Illuminate\\Http\\Request))
#31 /mnt/window/Users/Name/Documents/yure_2019/gitHub_projects/laravel-php-example/vendor/laravel/framework/src/Illuminate/Pipeline/Pipeline.php(171): Illuminate\\Foundation\\Http\\Middleware\\ValidatePostSize->handle(Object(Illuminate\\Http\\Request), Object(Closure))
#32 /mnt/window/Users/Name/Documents/yure_2019/gitHub_projects/laravel-php-example/vendor/laravel/framework/src/Illuminate/Foundation/Http/Middleware/CheckForMaintenanceMode.php(62): Illuminate\\Pipeline\\Pipeline->Illuminate\\Pipeline\\{closure}(Object(Illuminate\\Http\\Request))
#33 /mnt/window/Users/Name/Documents/yure_2019/gitHub_projects/laravel-php-example/vendor/laravel/framework/src/Illuminate/Pipeline/Pipeline.php(171): Illuminate\\Foundation\\Http\\Middleware\\CheckForMaintenanceMode->handle(Object(Illuminate\\Http\\Request), Object(Closure))
#34 /mnt/window/Users/Name/Documents/yure_2019/gitHub_projects/laravel-php-example/vendor/fideloper/proxy/src/TrustProxies.php(57): Illuminate\\Pipeline\\Pipeline->Illuminate\\Pipeline\\{closure}(Object(Illuminate\\Http\\Request))
#35 /mnt/window/Users/Name/Documents/yure_2019/gitHub_projects/laravel-php-example/vendor/laravel/framework/src/Illuminate/Pipeline/Pipeline.php(171): Fideloper\\Proxy\\TrustProxies->handle(Object(Illuminate\\Http\\Request), Object(Closure))
#36 /mnt/window/Users/Name/Documents/yure_2019/gitHub_projects/laravel-php-example/vendor/laravel/framework/src/Illuminate/Pipeline/Pipeline.php(105): Illuminate\\Pipeline\\Pipeline->Illuminate\\Pipeline\\{closure}(Object(Illuminate\\Http\\Request))
#37 /mnt/window/Users/Name/Documents/yure_2019/gitHub_projects/laravel-php-example/vendor/laravel/framework/src/Illuminate/Foundation/Http/Kernel.php(151): Illuminate\\Pipeline\\Pipeline->then(Object(Closure))
#38 /mnt/window/Users/Name/Documents/yure_2019/gitHub_projects/laravel-php-example/vendor/laravel/framework/src/Illuminate/Foundation/Http/Kernel.php(116): Illuminate\\Foundation\\Http\\Kernel->sendRequestThroughRouter(Object(Illuminate\\Http\\Request))
#39 /mnt/window/Users/Name/Documents/yure_2019/gitHub_projects/laravel-php-example/public/index.php(55): Illuminate\\Foundation\\Http\\Kernel->handle(Object(Illuminate\\Http\\Request))
#40 /mnt/window/Users/Name/Documents/yure_2019/gitHub_projects/laravel-php-example/server.php(21): require_once('/mnt/window/Use...')
#41 {main}
"} 
[2019-09-23 23:21:35] local.ERROR: Add [caption] to fillable property to allow mass assignment on [App\Post]. {"userId":1,"exception":"[object] (Illuminate\\Database\\Eloquent\\MassAssignmentException(code: 0): Add [caption] to fillable property to allow mass assignment on [App\\Post]. at /mnt/window/Users/Name/Documents/yure_2019/gitHub_projects/laravel-php-example/vendor/laravel/framework/src/Illuminate/Database/Eloquent/Model.php:331)
[stacktrace]
#0 /mnt/window/Users/Name/Documents/yure_2019/gitHub_projects/laravel-php-example/vendor/laravel/framework/src/Illuminate/Database/Eloquent/Model.php(171): Illuminate\\Database\\Eloquent\\Model->fill(Array)
#1 /mnt/window/Users/Name/Documents/yure_2019/gitHub_projects/laravel-php-example/vendor/laravel/framework/src/Illuminate/Database/Eloquent/Model.php(392): Illuminate\\Database\\Eloquent\\Model->__construct(Array)
#2 /mnt/window/Users/Name/Documents/yure_2019/gitHub_projects/laravel-php-example/vendor/laravel/framework/src/Illuminate/Database/Eloquent/Relations/HasOneOrMany.php(278): Illuminate\\Database\\Eloquent\\Model->newInstance(Array)
#3 /mnt/window/Users/Name/Documents/yure_2019/gitHub_projects/laravel-php-example/app/Http/Controllers/PostsController.php(19): Illuminate\\Database\\Eloquent\\Relations\\HasOneOrMany->create(Array)
#4 [internal function]: App\\Http\\Controllers\\PostsController->store()
#5 /mnt/window/Users/Name/Documents/yure_2019/gitHub_projects/laravel-php-example/vendor/laravel/framework/src/Illuminate/Routing/Controller.php(54): call_user_func_array(Array, Array)
#6 /mnt/window/Users/Name/Documents/yure_2019/gitHub_projects/laravel-php-example/vendor/laravel/framework/src/Illuminate/Routing/ControllerDispatcher.php(45): Illuminate\\Routing\\Controller->callAction('store', Array)
#7 /mnt/window/Users/Name/Documents/yure_2019/gitHub_projects/laravel-php-example/vendor/laravel/framework/src/Illuminate/Routing/Route.php(219): Illuminate\\Routing\\ControllerDispatcher->dispatch(Object(Illuminate\\Routing\\Route), Object(App\\Http\\Controllers\\PostsController), 'store')
#8 /mnt/window/Users/Name/Documents/yure_2019/gitHub_projects/laravel-php-example/vendor/laravel/framework/src/Illuminate/Routing/Route.php(176): Illuminate\\Routing\\Route->runController()
#9 /mnt/window/Users/Name/Documents/yure_2019/gitHub_projects/laravel-php-example/vendor/laravel/framework/src/Illuminate/Routing/Router.php(680): Illuminate\\Routing\\Route->run()
#10 /mnt/window/Users/Name/Documents/yure_2019/gitHub_projects/laravel-php-example/vendor/laravel/framework/src/Illuminate/Pipeline/Pipeline.php(130): Illuminate\\Routing\\Router->Illuminate\\Routing\\{closure}(Object(Illuminate\\Http\\Request))
#11 /mnt/window/Users/Name/Documents/yure_2019/gitHub_projects/laravel-php-example/vendor/laravel/framework/src/Illuminate/Routing/Middleware/SubstituteBindings.php(41): Illuminate\\Pipeline\\Pipeline->Illuminate\\Pipeline\\{closure}(Object(Illuminate\\Http\\Request))
#12 /mnt/window/Users/Name/Documents/yure_2019/gitHub_projects/laravel-php-example/vendor/laravel/framework/src/Illuminate/Pipeline/Pipeline.php(171): Illuminate\\Routing\\Middleware\\SubstituteBindings->handle(Object(Illuminate\\Http\\Request), Object(Closure))
#13 /mnt/window/Users/Name/Documents/yure_2019/gitHub_projects/laravel-php-example/vendor/laravel/framework/src/Illuminate/Foundation/Http/Middleware/VerifyCsrfToken.php(75): Illuminate\\Pipeline\\Pipeline->Illuminate\\Pipeline\\{closure}(Object(Illuminate\\Http\\Request))
#14 /mnt/window/Users/Name/Documents/yure_2019/gitHub_projects/laravel-php-example/vendor/laravel/framework/src/Illuminate/Pipeline/Pipeline.php(171): Illuminate\\Foundation\\Http\\Middleware\\VerifyCsrfToken->handle(Object(Illuminate\\Http\\Request), Object(Closure))
#15 /mnt/window/Users/Name/Documents/yure_2019/gitHub_projects/laravel-php-example/vendor/laravel/framework/src/Illuminate/View/Middleware/ShareErrorsFromSession.php(49): Illuminate\\Pipeline\\Pipeline->Illuminate\\Pipeline\\{closure}(Object(Illuminate\\Http\\Request))
#16 /mnt/window/Users/Name/Documents/yure_2019/gitHub_projects/laravel-php-example/vendor/laravel/framework/src/Illuminate/Pipeline/Pipeline.php(171): Illuminate\\View\\Middleware\\ShareErrorsFromSession->handle(Object(Illuminate\\Http\\Request), Object(Closure))
#17 /mnt/window/Users/Name/Documents/yure_2019/gitHub_projects/laravel-php-example/vendor/laravel/framework/src/Illuminate/Session/Middleware/StartSession.php(56): Illuminate\\Pipeline\\Pipeline->Illuminate\\Pipeline\\{closure}(Object(Illuminate\\Http\\Request))
#18 /mnt/window/Users/Name/Documents/yure_2019/gitHub_projects/laravel-php-example/vendor/laravel/framework/src/Illuminate/Pipeline/Pipeline.php(171): Illuminate\\Session\\Middleware\\StartSession->handle(Object(Illuminate\\Http\\Request), Object(Closure))
#19 /mnt/window/Users/Name/Documents/yure_2019/gitHub_projects/laravel-php-example/vendor/laravel/framework/src/Illuminate/Cookie/Middleware/AddQueuedCookiesToResponse.php(37): Illuminate\\Pipeline\\Pipeline->Illuminate\\Pipeline\\{closure}(Object(Illuminate\\Http\\Request))
#20 /mnt/window/Users/Name/Documents/yure_2019/gitHub_projects/laravel-php-example/vendor/laravel/framework/src/Illuminate/Pipeline/Pipeline.php(171): Illuminate\\Cookie\\Middleware\\AddQueuedCookiesToResponse->handle(Object(Illuminate\\Http\\Request), Object(Closure))
#21 /mnt/window/Users/Name/Documents/yure_2019/gitHub_projects/laravel-php-example/vendor/laravel/framework/src/Illuminate/Cookie/Middleware/EncryptCookies.php(66): Illuminate\\Pipeline\\Pipeline->Illuminate\\Pipeline\\{closure}(Object(Illuminate\\Http\\Request))
#22 /mnt/window/Users/Name/Documents/yure_2019/gitHub_projects/laravel-php-example/vendor/laravel/framework/src/Illuminate/Pipeline/Pipeline.php(171): Illuminate\\Cookie\\Middleware\\EncryptCookies->handle(Object(Illuminate\\Http\\Request), Object(Closure))
#23 /mnt/window/Users/Name/Documents/yure_2019/gitHub_projects/laravel-php-example/vendor/laravel/framework/src/Illuminate/Pipeline/Pipeline.php(105): Illuminate\\Pipeline\\Pipeline->Illuminate\\Pipeline\\{closure}(Object(Illuminate\\Http\\Request))
#24 /mnt/window/Users/Name/Documents/yure_2019/gitHub_projects/laravel-php-example/vendor/laravel/framework/src/Illuminate/Routing/Router.php(682): Illuminate\\Pipeline\\Pipeline->then(Object(Closure))
#25 /mnt/window/Users/Name/Documents/yure_2019/gitHub_projects/laravel-php-example/vendor/laravel/framework/src/Illuminate/Routing/Router.php(657): Illuminate\\Routing\\Router->runRouteWithinStack(Object(Illuminate\\Routing\\Route), Object(Illuminate\\Http\\Request))
#26 /mnt/window/Users/Name/Documents/yure_2019/gitHub_projects/laravel-php-example/vendor/laravel/framework/src/Illuminate/Routing/Router.php(623): Illuminate\\Routing\\Router->runRoute(Object(Illuminate\\Http\\Request), Object(Illuminate\\Routing\\Route))
#27 /mnt/window/Users/Name/Documents/yure_2019/gitHub_projects/laravel-php-example/vendor/laravel/framework/src/Illuminate/Routing/Router.php(612): Illuminate\\Routing\\Router->dispatchToRoute(Object(Illuminate\\Http\\Request))
#28 /mnt/window/Users/Name/Documents/yure_2019/gitHub_projects/laravel-php-example/vendor/laravel/framework/src/Illuminate/Foundation/Http/Kernel.php(176): Illuminate\\Routing\\Router->dispatch(Object(Illuminate\\Http\\Request))
#29 /mnt/window/Users/Name/Documents/yure_2019/gitHub_projects/laravel-php-example/vendor/laravel/framework/src/Illuminate/Pipeline/Pipeline.php(130): Illuminate\\Foundation\\Http\\Kernel->Illuminate\\Foundation\\Http\\{closure}(Object(Illuminate\\Http\\Request))
#30 /mnt/window/Users/Name/Documents/yure_2019/gitHub_projects/laravel-php-example/vendor/laravel/framework/src/Illuminate/Foundation/Http/Middleware/TransformsRequest.php(21): Illuminate\\Pipeline\\Pipeline->Illuminate\\Pipeline\\{closure}(Object(Illuminate\\Http\\Request))
#31 /mnt/window/Users/Name/Documents/yure_2019/gitHub_projects/laravel-php-example/vendor/laravel/framework/src/Illuminate/Pipeline/Pipeline.php(171): Illuminate\\Foundation\\Http\\Middleware\\TransformsRequest->handle(Object(Illuminate\\Http\\Request), Object(Closure))
#32 /mnt/window/Users/Name/Documents/yure_2019/gitHub_projects/laravel-php-example/vendor/laravel/framework/src/Illuminate/Foundation/Http/Middleware/TransformsRequest.php(21): Illuminate\\Pipeline\\Pipeline->Illuminate\\Pipeline\\{closure}(Object(Illuminate\\Http\\Request))
#33 /mnt/window/Users/Name/Documents/yure_2019/gitHub_projects/laravel-php-example/vendor/laravel/framework/src/Illuminate/Pipeline/Pipeline.php(171): Illuminate\\Foundation\\Http\\Middleware\\TransformsRequest->handle(Object(Illuminate\\Http\\Request), Object(Closure))
#34 /mnt/window/Users/Name/Documents/yure_2019/gitHub_projects/laravel-php-example/vendor/laravel/framework/src/Illuminate/Foundation/Http/Middleware/ValidatePostSize.php(27): Illuminate\\Pipeline\\Pipeline->Illuminate\\Pipeline\\{closure}(Object(Illuminate\\Http\\Request))
#35 /mnt/window/Users/Name/Documents/yure_2019/gitHub_projects/laravel-php-example/vendor/laravel/framework/src/Illuminate/Pipeline/Pipeline.php(171): Illuminate\\Foundation\\Http\\Middleware\\ValidatePostSize->handle(Object(Illuminate\\Http\\Request), Object(Closure))
#36 /mnt/window/Users/Name/Documents/yure_2019/gitHub_projects/laravel-php-example/vendor/laravel/framework/src/Illuminate/Foundation/Http/Middleware/CheckForMaintenanceMode.php(62): Illuminate\\Pipeline\\Pipeline->Illuminate\\Pipeline\\{closure}(Object(Illuminate\\Http\\Request))
#37 /mnt/window/Users/Name/Documents/yure_2019/gitHub_projects/laravel-php-example/vendor/laravel/framework/src/Illuminate/Pipeline/Pipeline.php(171): Illuminate\\Foundation\\Http\\Middleware\\CheckForMaintenanceMode->handle(Object(Illuminate\\Http\\Request), Object(Closure))
#38 /mnt/window/Users/Name/Documents/yure_2019/gitHub_projects/laravel-php-example/vendor/fideloper/proxy/src/TrustProxies.php(57): Illuminate\\Pipeline\\Pipeline->Illuminate\\Pipeline\\{closure}(Object(Illuminate\\Http\\Request))
#39 /mnt/window/Users/Name/Documents/yure_2019/gitHub_projects/laravel-php-example/vendor/laravel/framework/src/Illuminate/Pipeline/Pipeline.php(171): Fideloper\\Proxy\\TrustProxies->handle(Object(Illuminate\\Http\\Request), Object(Closure))
#40 /mnt/window/Users/Name/Documents/yure_2019/gitHub_projects/laravel-php-example/vendor/laravel/framework/src/Illuminate/Pipeline/Pipeline.php(105): Illuminate\\Pipeline\\Pipeline->Illuminate\\Pipeline\\{closure}(Object(Illuminate\\Http\\Request))
#41 /mnt/window/Users/Name/Documents/yure_2019/gitHub_projects/laravel-php-example/vendor/laravel/framework/src/Illuminate/Foundation/Http/Kernel.php(151): Illuminate\\Pipeline\\Pipeline->then(Object(Closure))
#42 /mnt/window/Users/Name/Documents/yure_2019/gitHub_projects/laravel-php-example/vendor/laravel/framework/src/Illuminate/Foundation/Http/Kernel.php(116): Illuminate\\Foundation\\Http\\Kernel->sendRequestThroughRouter(Object(Illuminate\\Http\\Request))
#43 /mnt/window/Users/Name/Documents/yure_2019/gitHub_projects/laravel-php-example/public/index.php(55): Illuminate\\Foundation\\Http\\Kernel->handle(Object(Illuminate\\Http\\Request))
#44 /mnt/window/Users/Name/Documents/yure_2019/gitHub_projects/laravel-php-example/server.php(21): require_once('/mnt/window/Use...')
#45 {main}
"} 
